Log file open, 05/13/18 17:40:19
LogWindows: Failed to load 'aqProf.dll' (GetLastError=126)
LogWindows: File 'aqProf.dll' does not exist
LogWindows: Failed to load 'VtuneApi.dll' (GetLastError=126)
LogWindows: File 'VtuneApi.dll' does not exist
LogWindows: Failed to load 'VtuneApi32e.dll' (GetLastError=126)
LogWindows: File 'VtuneApi32e.dll' does not exist
LogInit: Display: Running engine for game: ProjectExposure
LogPlatformFile: Not using cached read wrapper
LogInit: Display: RandInit(-406431203) SRandInit(-406431203).
LogInit: Read version file with build ID '3944462'
LogInit: Overriding engine version to CL 4033788, compatible CL 3944462
LogInit: Registered custom module enumerator with build ID '3944462'
LogTaskGraph: Started task graph with 5 named threads and 23 total threads with 3 sets of task threads.
LogStats: Stats thread started at 0.294862
LogD3D11RHI: Aftermath initialized
LogICUInternationalization: Display: ICU TimeZone Detection - Raw Offset: +1:00, Platform Override: ''
LogPluginManager: Mounting plugin Paper2D
LogPluginManager: Mounting plugin LiveLink
LogPluginManager: Mounting plugin LightPropagationVolume
LogPluginManager: Mounting plugin CLionSourceCodeAccess
LogPluginManager: Mounting plugin CodeLiteSourceCodeAccess
LogPluginManager: Mounting plugin GitSourceControl
LogPluginManager: Mounting plugin KDevelopSourceCodeAccess
LogPluginManager: Mounting plugin NullSourceCodeAccess
LogPluginManager: Mounting plugin PerforceSourceControl
LogPluginManager: Mounting plugin SubversionSourceControl
LogPluginManager: Mounting plugin UObjectPlugin
LogPluginManager: Mounting plugin VisualStudioCodeSourceCodeAccess
LogPluginManager: Mounting plugin VisualStudioSourceCodeAccess
LogPluginManager: Mounting plugin XCodeSourceCodeAccess
LogPluginManager: Mounting plugin AssetManagerEditor
LogPluginManager: Mounting plugin CryptoKeys
LogPluginManager: Mounting plugin DataValidation
LogPluginManager: Mounting plugin FacialAnimation
LogPluginManager: Mounting plugin GameplayTagsEditor
LogPluginManager: Mounting plugin MobileLauncherProfileWizard
LogPluginManager: Mounting plugin PluginBrowser
LogPluginManager: Mounting plugin SpeedTreeImporter
LogPluginManager: Mounting plugin DatasmithContent
LogPluginManager: Mounting plugin AlembicImporter
LogPluginManager: Mounting plugin CharacterAI
LogPluginManager: Mounting plugin HTML5Networking
LogPluginManager: Mounting plugin Substance
LogPluginManager: Mounting plugin AndroidMedia
LogPluginManager: Mounting plugin AvfMedia
LogPluginManager: Mounting plugin ImgMedia
LogPluginManager: Mounting plugin LinearTimecode
LogPluginManager: Mounting plugin MediaCompositing
LogPluginManager: Mounting plugin MediaPlayerEditor
LogPluginManager: Mounting plugin WmfMedia
LogPluginManager: Mounting plugin TcpMessaging
LogPluginManager: Mounting plugin UdpMessaging
LogPluginManager: Mounting plugin ActorSequence
LogPluginManager: Mounting plugin LevelSequenceEditor
LogPluginManager: Mounting plugin MatineeToLevelSequence
LogPluginManager: Mounting plugin NetcodeUnitTest
LogPluginManager: Mounting plugin NUTUnrealEngine4
LogPluginManager: Mounting plugin OnlineSubsystemGooglePlay
LogPluginManager: Mounting plugin OnlineSubsystemIOS
LogPluginManager: Mounting plugin OnlineSubsystem
LogPluginManager: Mounting plugin OnlineSubsystemNull
LogPluginManager: Mounting plugin OnlineSubsystemUtils
LogPluginManager: Mounting plugin AndroidDeviceProfileSelector
LogPluginManager: Mounting plugin AndroidMoviePlayer
LogPluginManager: Mounting plugin AndroidPermission
LogPluginManager: Mounting plugin AppleARKit
LogPluginManager: Mounting plugin AppleMoviePlayer
LogPluginManager: Mounting plugin ArchVisCharacter
LogPluginManager: Mounting plugin AudioCapture
LogPluginManager: Mounting plugin CableComponent
LogPluginManager: Mounting plugin CustomMeshComponent
LogPluginManager: Mounting plugin ExampleDeviceProfileSelector
LogPluginManager: Mounting plugin GoogleCloudMessaging
LogPluginManager: Mounting plugin ImmediatePhysics
LogPluginManager: Mounting plugin IOSDeviceProfileSelector
LogPluginManager: Mounting plugin LinuxDeviceProfileSelector
LogPluginManager: Mounting plugin LocationServicesBPLibrary
LogPluginManager: Mounting plugin MobilePatchingUtils
LogPluginManager: Mounting plugin OculusVR
LogPluginManager: Plugin shader directory ../../../Engine/Plugins/Runtime/Oculus/OculusVR/Shaders found
LogPluginManager: Mapping shader source directory ../../../Engine/Plugins/Runtime/Oculus/OculusVR/Shaders to virtual directory /Plugin/OculusVR
LogPluginManager: Mounting plugin PhysXVehicles
LogPluginManager: Mounting plugin ProceduralMeshComponent
LogPluginManager: Mounting plugin RuntimePhysXCooking
LogPluginManager: Mounting plugin SteamVR
LogPluginManager: Mounting plugin WindowsMoviePlayer
LogStreaming: Display: Took  0.098s to configure plugins.
LogModuleManager: Display: Found up-to-date module file D:/Game_Development/Git/ProjectExposure/Binaries/Win64/UE4Editor-ProjectExposure.dll (API version 3944462).
LogModuleManager: Display: Found up-to-date module file ../../../Engine/Plugins/2D/Paper2D/Binaries/Win64/UE4Editor-Paper2D.dll (API version 3944462).
LogModuleManager: Display: Found up-to-date module file ../../../Engine/Plugins/2D/Paper2D/Binaries/Win64/UE4Editor-Paper2DEditor.dll (API version 3944462).
LogModuleManager: Display: Found up-to-date module file ../../../Engine/Plugins/2D/Paper2D/Binaries/Win64/UE4Editor-PaperSpriteSheetImporter.dll (API version 3944462).
LogModuleManager: Display: Found up-to-date module file ../../../Engine/Plugins/2D/Paper2D/Binaries/Win64/UE4Editor-PaperTiledImporter.dll (API version 3944462).
LogModuleManager: Display: Found up-to-date module file ../../../Engine/Plugins/2D/Paper2D/Binaries/Win64/UE4Editor-SmartSnapping.dll (API version 3944462).
LogModuleManager: Display: Found up-to-date module file ../../../Engine/Plugins/Animation/LiveLink/Binaries/Win64/UE4Editor-LiveLink.dll (API version 3944462).
LogModuleManager: Display: Found up-to-date module file ../../../Engine/Plugins/Animation/LiveLink/Binaries/Win64/UE4Editor-LiveLinkEditor.dll (API version 3944462).
LogModuleManager: Display: Found up-to-date module file ../../../Engine/Plugins/Blendables/LightPropagationVolume/Binaries/Win64/UE4Editor-LightPropagationVolumeRuntime.dll (API version 3944462).
LogModuleManager: Display: Found up-to-date module file ../../../Engine/Plugins/Blendables/LightPropagationVolume/Binaries/Win64/UE4Editor-LightPropagationVolumeEditor.dll (API version 3944462).
LogModuleManager: Display: Found up-to-date module file ../../../Engine/Plugins/Developer/CLionSourceCodeAccess/Binaries/Win64/UE4Editor-CLionSourceCodeAccess.dll (API version 3944462).
LogModuleManager: Display: Found up-to-date module file ../../../Engine/Plugins/Developer/GitSourceControl/Binaries/Win64/UE4Editor-GitSourceControl.dll (API version 3944462).
LogModuleManager: Display: Found up-to-date module file ../../../Engine/Plugins/Developer/PerforceSourceControl/Binaries/Win64/UE4Editor-PerforceSourceControl.dll (API version 3944462).
LogModuleManager: Display: Found up-to-date module file ../../../Engine/Plugins/Developer/SubversionSourceControl/Binaries/Win64/UE4Editor-SubversionSourceControl.dll (API version 3944462).
LogModuleManager: Display: Found up-to-date module file ../../../Engine/Plugins/Developer/UObjectPlugin/Binaries/Win64/UE4Editor-UObjectPlugin.dll (API version 3944462).
LogModuleManager: Display: Found up-to-date module file ../../../Engine/Plugins/Developer/VisualStudioCodeSourceCodeAccess/Binaries/Win64/UE4Editor-VisualStudioCodeSourceCodeAccess.dll (API version 3944462).
LogModuleManager: Display: Found up-to-date module file ../../../Engine/Plugins/Developer/VisualStudioSourceCodeAccess/Binaries/Win64/UE4Editor-VisualStudioSourceCodeAccess.dll (API version 3944462).
LogModuleManager: Display: Found up-to-date module file ../../../Engine/Plugins/Editor/AssetManagerEditor/Binaries/Win64/UE4Editor-AssetManagerEditor.dll (API version 3944462).
LogModuleManager: Display: Found up-to-date module file ../../../Engine/Plugins/Editor/CryptoKeys/Binaries/Win64/UE4Editor-CryptoKeys.dll (API version 3944462).
LogModuleManager: Display: Found up-to-date module file ../../../Engine/Plugins/Editor/CryptoKeys/Binaries/Win64/UE4Editor-CryptoKeysOpenSSL.dll (API version 3944462).
LogModuleManager: Display: Found up-to-date module file ../../../Engine/Plugins/Editor/DataValidation/Binaries/Win64/UE4Editor-DataValidation.dll (API version 3944462).
LogModuleManager: Display: Found up-to-date module file ../../../Engine/Plugins/Editor/FacialAnimation/Binaries/Win64/UE4Editor-FacialAnimation.dll (API version 3944462).
LogModuleManager: Display: Found up-to-date module file ../../../Engine/Plugins/Editor/FacialAnimation/Binaries/Win64/UE4Editor-FacialAnimationEditor.dll (API version 3944462).
LogModuleManager: Display: Found up-to-date module file ../../../Engine/Plugins/Editor/GameplayTagsEditor/Binaries/Win64/UE4Editor-GameplayTagsEditor.dll (API version 3944462).
LogModuleManager: Display: Found up-to-date module file ../../../Engine/Plugins/Editor/MobileLauncherProfileWizard/Binaries/Win64/UE4Editor-MobileLauncherProfileWizard.dll (API version 3944462).
LogModuleManager: Display: Found up-to-date module file ../../../Engine/Plugins/Editor/PluginBrowser/Binaries/Win64/UE4Editor-PluginBrowser.dll (API version 3944462).
LogModuleManager: Display: Found up-to-date module file ../../../Engine/Plugins/Editor/SpeedTreeImporter/Binaries/Win64/UE4Editor-SpeedTreeImporter.dll (API version 3944462).
LogModuleManager: Display: Found up-to-date module file ../../../Engine/Plugins/Enterprise/DatasmithContent/Binaries/Win64/UE4Editor-DatasmithContent.dll (API version 3944462).
LogModuleManager: Display: Found up-to-date module file ../../../Engine/Plugins/Experimental/AlembicImporter/Binaries/Win64/UE4Editor-AlembicImporter.dll (API version 3944462).
LogModuleManager: Display: Found up-to-date module file ../../../Engine/Plugins/Experimental/AlembicImporter/Binaries/Win64/UE4Editor-AlembicLibrary.dll (API version 3944462).
LogModuleManager: Display: Found up-to-date module file ../../../Engine/Plugins/Experimental/CharacterAI/Binaries/Win64/UE4Editor-CharacterAI.dll (API version 3944462).
LogModuleManager: Display: Found up-to-date module file ../../../Engine/Plugins/Experimental/HTML5Networking/Binaries/Win64/UE4Editor-HTML5Networking.dll (API version 3944462).
LogModuleManager: Display: Found up-to-date module file ../../../Engine/Plugins/Marketplace/Substance/Binaries/Win64/UE4Editor-SubstanceCore.dll (API version 3944462).
LogModuleManager: Display: Found up-to-date module file ../../../Engine/Plugins/Marketplace/Substance/Binaries/Win64/UE4Editor-SubstanceEditor.dll (API version 3944462).
LogModuleManager: Display: Found up-to-date module file ../../../Engine/Plugins/Marketplace/Substance/Binaries/Win64/UE4Editor-SubstanceSource.dll (API version 3944462).
LogModuleManager: Display: Found up-to-date module file ../../../Engine/Plugins/Marketplace/Substance/Binaries/Win64/UE4Editor-SubstanceLiveLink.dll (API version 3944462).
LogModuleManager: Display: Found up-to-date module file ../../../Engine/Plugins/Media/AndroidMedia/Binaries/Win64/UE4Editor-AndroidMediaEditor.dll (API version 3944462).
LogModuleManager: Display: Found up-to-date module file ../../../Engine/Plugins/Media/AndroidMedia/Binaries/Win64/UE4Editor-AndroidMediaFactory.dll (API version 3944462).
LogModuleManager: Display: Found up-to-date module file ../../../Engine/Plugins/Media/AvfMedia/Binaries/Win64/UE4Editor-AvfMediaEditor.dll (API version 3944462).
LogModuleManager: Display: Found up-to-date module file ../../../Engine/Plugins/Media/AvfMedia/Binaries/Win64/UE4Editor-AvfMediaFactory.dll (API version 3944462).
LogModuleManager: Display: Found up-to-date module file ../../../Engine/Plugins/Media/AvfMedia/Binaries/Win64/UE4Editor-AvfMediaFactory.dll (API version 3944462).
LogModuleManager: Display: Found up-to-date module file ../../../Engine/Plugins/Media/ImgMedia/Binaries/Win64/UE4Editor-ImgMedia.dll (API version 3944462).
LogModuleManager: Display: Found up-to-date module file ../../../Engine/Plugins/Media/ImgMedia/Binaries/Win64/UE4Editor-ImgMediaEditor.dll (API version 3944462).
LogModuleManager: Display: Found up-to-date module file ../../../Engine/Plugins/Media/ImgMedia/Binaries/Win64/UE4Editor-ImgMediaFactory.dll (API version 3944462).
LogModuleManager: Display: Found up-to-date module file ../../../Engine/Plugins/Media/ImgMedia/Binaries/Win64/UE4Editor-ImgMediaFactory.dll (API version 3944462).
LogModuleManager: Display: Found up-to-date module file ../../../Engine/Plugins/Media/ImgMedia/Binaries/Win64/UE4Editor-OpenExrWrapper.dll (API version 3944462).
LogModuleManager: Display: Found up-to-date module file ../../../Engine/Plugins/Media/LinearTimecode/Binaries/Win64/UE4Editor-LinearTimecode.dll (API version 3944462).
LogModuleManager: Display: Found up-to-date module file ../../../Engine/Plugins/Media/MediaCompositing/Binaries/Win64/UE4Editor-MediaCompositing.dll (API version 3944462).
LogModuleManager: Display: Found up-to-date module file ../../../Engine/Plugins/Media/MediaCompositing/Binaries/Win64/UE4Editor-MediaCompositingEditor.dll (API version 3944462).
LogModuleManager: Display: Found up-to-date module file ../../../Engine/Plugins/Media/MediaPlayerEditor/Binaries/Win64/UE4Editor-MediaPlayerEditor.dll (API version 3944462).
LogModuleManager: Display: Found up-to-date module file ../../../Engine/Plugins/Media/WmfMedia/Binaries/Win64/UE4Editor-WmfMedia.dll (API version 3944462).
LogModuleManager: Display: Found up-to-date module file ../../../Engine/Plugins/Media/WmfMedia/Binaries/Win64/UE4Editor-WmfMediaEditor.dll (API version 3944462).
LogModuleManager: Display: Found up-to-date module file ../../../Engine/Plugins/Media/WmfMedia/Binaries/Win64/UE4Editor-WmfMediaFactory.dll (API version 3944462).
LogModuleManager: Display: Found up-to-date module file ../../../Engine/Plugins/Media/WmfMedia/Binaries/Win64/UE4Editor-WmfMediaFactory.dll (API version 3944462).
LogModuleManager: Display: Found up-to-date module file ../../../Engine/Plugins/Messaging/TcpMessaging/Binaries/Win64/UE4Editor-TcpMessaging.dll (API version 3944462).
LogModuleManager: Display: Found up-to-date module file ../../../Engine/Plugins/Messaging/UdpMessaging/Binaries/Win64/UE4Editor-UdpMessaging.dll (API version 3944462).
LogModuleManager: Display: Found up-to-date module file ../../../Engine/Plugins/MovieScene/ActorSequence/Binaries/Win64/UE4Editor-ActorSequence.dll (API version 3944462).
LogModuleManager: Display: Found up-to-date module file ../../../Engine/Plugins/MovieScene/LevelSequenceEditor/Binaries/Win64/UE4Editor-LevelSequenceEditor.dll (API version 3944462).
LogModuleManager: Display: Found up-to-date module file ../../../Engine/Plugins/MovieScene/MatineeToLevelSequence/Binaries/Win64/UE4Editor-MatineeToLevelSequence.dll (API version 3944462).
LogModuleManager: Display: Found up-to-date module file ../../../Engine/Plugins/NetcodeUnitTest/NetcodeUnitTest/Binaries/Win64/UE4Editor-NetcodeUnitTest.dll (API version 3944462).
LogModuleManager: Display: Found up-to-date module file ../../../Engine/Plugins/NetcodeUnitTest/NUTUnrealEngine4/Binaries/Win64/UE4Editor-NUTUnrealEngine4.dll (API version 3944462).
LogModuleManager: Display: Found up-to-date module file ../../../Engine/Plugins/Online/OnlineSubsystem/Binaries/Win64/UE4Editor-OnlineSubsystem.dll (API version 3944462).
LogModuleManager: Display: Found up-to-date module file ../../../Engine/Plugins/Online/OnlineSubsystemNull/Binaries/Win64/UE4Editor-OnlineSubsystemNull.dll (API version 3944462).
LogModuleManager: Display: Found up-to-date module file ../../../Engine/Plugins/Online/OnlineSubsystemUtils/Binaries/Win64/UE4Editor-OnlineSubsystemUtils.dll (API version 3944462).
LogModuleManager: Display: Found up-to-date module file ../../../Engine/Plugins/Online/OnlineSubsystemUtils/Binaries/Win64/UE4Editor-OnlineBlueprintSupport.dll (API version 3944462).
LogModuleManager: Display: Found up-to-date module file ../../../Engine/Plugins/Runtime/AndroidDeviceProfileSelector/Binaries/Win64/UE4Editor-AndroidDeviceProfileSelector.dll (API version 3944462).
LogModuleManager: Display: Found up-to-date module file ../../../Engine/Plugins/Runtime/AndroidPermission/Binaries/Win64/UE4Editor-AndroidPermission.dll (API version 3944462).
LogModuleManager: Display: Found up-to-date module file ../../../Engine/Plugins/Runtime/AppleARKit/Binaries/Win64/UE4Editor-AppleARKit.dll (API version 3944462).
LogModuleManager: Display: Found up-to-date module file ../../../Engine/Plugins/Runtime/ArchVisCharacter/Binaries/Win64/UE4Editor-ArchVisCharacter.dll (API version 3944462).
LogModuleManager: Display: Found up-to-date module file ../../../Engine/Plugins/Runtime/AudioCapture/Binaries/Win64/UE4Editor-AudioCapture.dll (API version 3944462).
LogModuleManager: Display: Found up-to-date module file ../../../Engine/Plugins/Runtime/AudioCapture/Binaries/Win64/UE4Editor-AudioCaptureEditor.dll (API version 3944462).
LogModuleManager: Display: Found up-to-date module file ../../../Engine/Plugins/Runtime/CableComponent/Binaries/Win64/UE4Editor-CableComponent.dll (API version 3944462).
LogModuleManager: Display: Found up-to-date module file ../../../Engine/Plugins/Runtime/CustomMeshComponent/Binaries/Win64/UE4Editor-CustomMeshComponent.dll (API version 3944462).
LogModuleManager: Display: Found up-to-date module file ../../../Engine/Plugins/Runtime/ExampleDeviceProfileSelector/Binaries/Win64/UE4Editor-ExampleDeviceProfileSelector.dll (API version 3944462).
LogModuleManager: Display: Found up-to-date module file ../../../Engine/Plugins/Runtime/ImmediatePhysics/Binaries/Win64/UE4Editor-ImmediatePhysics.dll (API version 3944462).
LogModuleManager: Display: Found up-to-date module file ../../../Engine/Plugins/Runtime/ImmediatePhysics/Binaries/Win64/UE4Editor-ImmediatePhysicsEditor.dll (API version 3944462).
LogModuleManager: Display: Found up-to-date module file ../../../Engine/Plugins/Runtime/LocationServicesBPLibrary/Binaries/Win64/UE4Editor-LocationServicesBPLibrary.dll (API version 3944462).
LogModuleManager: Display: Found up-to-date module file ../../../Engine/Plugins/Runtime/MobilePatchingUtils/Binaries/Win64/UE4Editor-MobilePatchingUtils.dll (API version 3944462).
LogModuleManager: Display: Found up-to-date module file ../../../Engine/Plugins/Runtime/Oculus/OculusVR/Binaries/Win64/UE4Editor-OculusHMD.dll (API version 3944462).
LogModuleManager: Display: Found up-to-date module file ../../../Engine/Plugins/Runtime/Oculus/OculusVR/Binaries/Win64/UE4Editor-OculusInput.dll (API version 3944462).
LogModuleManager: Display: Found up-to-date module file ../../../Engine/Plugins/Runtime/Oculus/OculusVR/Binaries/Win64/UE4Editor-OculusEditor.dll (API version 3944462).
LogModuleManager: Display: Found up-to-date module file ../../../Engine/Plugins/Runtime/PhysXVehicles/Binaries/Win64/UE4Editor-PhysXVehicles.dll (API version 3944462).
LogModuleManager: Display: Found up-to-date module file ../../../Engine/Plugins/Runtime/PhysXVehicles/Binaries/Win64/UE4Editor-PhysXVehiclesEditor.dll (API version 3944462).
LogModuleManager: Display: Found up-to-date module file ../../../Engine/Plugins/Runtime/ProceduralMeshComponent/Binaries/Win64/UE4Editor-ProceduralMeshComponent.dll (API version 3944462).
LogModuleManager: Display: Found up-to-date module file ../../../Engine/Plugins/Runtime/ProceduralMeshComponent/Binaries/Win64/UE4Editor-ProceduralMeshComponentEditor.dll (API version 3944462).
LogModuleManager: Display: Found up-to-date module file ../../../Engine/Plugins/Runtime/RuntimePhysXCooking/Binaries/Win64/UE4Editor-RuntimePhysXCooking.dll (API version 3944462).
LogModuleManager: Display: Found up-to-date module file ../../../Engine/Plugins/Runtime/Steam/SteamVR/Binaries/Win64/UE4Editor-SteamVR.dll (API version 3944462).
LogModuleManager: Display: Found up-to-date module file ../../../Engine/Plugins/Runtime/Steam/SteamVR/Binaries/Win64/UE4Editor-SteamVRController.dll (API version 3944462).
LogModuleManager: Display: Found up-to-date module file ../../../Engine/Plugins/Runtime/WindowsMoviePlayer/Binaries/Win64/UE4Editor-WindowsMoviePlayer.dll (API version 3944462).
LogInit: Using libcurl 7.47.1
LogInit:  - built for x86_64-pc-win32
LogInit:  - supports SSL with OpenSSL/1.0.2g
LogInit:  - supports HTTP deflate (compression) using libz 1.2.8
LogInit:  - other features:
LogInit:      CURL_VERSION_SSL
LogInit:      CURL_VERSION_LIBZ
LogInit:      CURL_VERSION_IPV6
LogInit:      CURL_VERSION_ASYNCHDNS
LogInit:      CURL_VERSION_LARGEFILE
LogInit:      CURL_VERSION_IDN
LogInit:  CurlRequestOptions (configurable via config and command line):
LogInit:  - bVerifyPeer = false  - Libcurl will NOT verify peer certificate
LogInit:  - bUseHttpProxy = false  - Libcurl will NOT use HTTP proxy
LogInit:  - bDontReuseConnections = false  - Libcurl will reuse connections
LogInit:  - CertBundlePath = nullptr  - Libcurl will use whatever was configured at build time.
LogInit:  - MaxHostConnections = 16  - Libcurl will limit the number of connections to a host
LogInit:  - LocalHostAddr = Default
LogInit: WinSock: version 1.1 (2.2), MaxSocks=32767, MaxUdp=65467
LogInit: WinSock: I am LAPTOP-5P6GUPO7 (192.168.1.14:0)
LogInit: Build: ++UE4+Release-4.19-CL-4033788
LogInit: Engine Version: 4.19.2-4033788+++UE4+Release-4.19
LogInit: Compatible Engine Version: 4.19.0-3944462+++UE4+Release-4.19
LogInit: Net CL: 3944462
LogDevObjectVersion: Number of dev versions registered: 18
LogDevObjectVersion:   Dev-Blueprints (B0D832E4-1F89-4F0D-ACCF-7EB736FD4AA2): 10
LogDevObjectVersion:   Dev-Build (E1C64328-A22C-4D53-A36C-8E866417BD8C): 0
LogDevObjectVersion:   Dev-Core (375EC13C-06E4-48FB-B500-84F0262A717E): 2
LogDevObjectVersion:   Dev-Editor (E4B068ED-F494-42E9-A231-DA0B2E46BB41): 23
LogDevObjectVersion:   Dev-Framework (CFFC743F-43B0-4480-9391-14DF171D2073): 33
LogDevObjectVersion:   Dev-Mobile (B02B49B5-BB20-44E9-A304-32B752E40360): 2
LogDevObjectVersion:   Dev-Networking (A4E4105C-59A1-49B5-A7C5-40C4547EDFEE): 0
LogDevObjectVersion:   Dev-Online (39C831C9-5AE6-47DC-9A44-9C173E1C8E7C): 0
LogDevObjectVersion:   Dev-Physics (78F01B33-EBEA-4F98-B9B4-84EACCB95AA2): 0
LogDevObjectVersion:   Dev-Platform (6631380F-2D4D-43E0-8009-CF276956A95A): 0
LogDevObjectVersion:   Dev-Rendering (12F88B9F-8875-4AFC-A67C-D90C383ABD29): 25
LogDevObjectVersion:   Dev-Sequencer (7B5AE74C-D270-4C10-A958-57980B212A5A): 6
LogDevObjectVersion:   Dev-VR (D7296918-1DD6-4BDD-9DE2-64A83CC13884): 1
LogDevObjectVersion:   Dev-LoadTimes (C2A15278-BFE7-4AFE-6C17-90FF531DF755): 1
LogDevObjectVersion:   Private-Geometry (6EACA3D4-40EC-4CC1-B786-8BED09428FC5): 2
LogDevObjectVersion:   Dev-AnimPhys (29E575DD-E0A3-4627-9D10-D276232CDCEA): 16
LogDevObjectVersion:   Dev-ReflectionCapture (6B266CEC-1EC7-4B8F-A30B-E4D90942FC07): 1
LogDevObjectVersion:   Dev-Automation (0DF73D61-A23F-47EA-B727-89E90C41499A): 1
LogInit: Compiled (64-bit): Apr 27 2018 02:06:57
LogInit: Compiled with Visual C++: 19.00.24215.01
LogInit: Build Configuration: Development
LogInit: Branch Name: ++UE4+Release-4.19
LogInit: Command Line: -EpicPortal 
LogInit: Base Directory: C:/Program Files/Epic Games/UE_4.19/Engine/Binaries/Win64/
LogInit: Installed Engine Build: 1
LogStreaming: Display: Took  0.002s to delete old logs.
LogInit: Presizing for max 8388607 objects, including 0 objects not considered by GC, pre-allocating 0 bytes for permanent pool.
LogInit: Object subsystem initialized
[2018.05.13-15.40.22:226][  0]LogInit: Selected Device Profile: [Windows]
[2018.05.13-15.40.22:226][  0]LogInit: Applying CVar settings loaded from the selected device profile: [Windows]
[2018.05.13-15.40.22:237][  0]LogInit: Computer: LAPTOP-5P6GUPO7
[2018.05.13-15.40.22:237][  0]LogInit: User: Trym
[2018.05.13-15.40.22:237][  0]LogInit: CPU Page size=4096, Cores=4
[2018.05.13-15.40.22:237][  0]LogInit: High frequency timer resolution =2.531249 MHz
[2018.05.13-15.40.22:237][  0]LogMemory: Memory total: Physical=15.9GB (16GB approx)
[2018.05.13-15.40.22:237][  0]LogMemory: Platform Memory Stats for Windows
[2018.05.13-15.40.22:237][  0]LogMemory: Process Physical Memory: 276.23 MB used, 276.23 MB peak
[2018.05.13-15.40.22:237][  0]LogMemory: Process Virtual Memory: 264.95 MB used, 264.95 MB peak
[2018.05.13-15.40.22:237][  0]LogMemory: Physical Memory: 8348.57 MB used,  7916.21 MB free, 16264.78 MB total
[2018.05.13-15.40.22:237][  0]LogMemory: Virtual Memory: 679.24 MB used,  7916.21 MB free, 134217728.00 MB total
[2018.05.13-15.40.22:269][  0]LogInit: Using OS detected language (nb-NO).
[2018.05.13-15.40.22:270][  0]LogInit: Using OS detected locale (nb-NO).
[2018.05.13-15.40.22:275][  0]LogTextLocalizationManager: No localization for 'nb-NO' exists, so 'en' will be used for the language.
[2018.05.13-15.40.22:754][  0]LogStreaming: Display: Took  0.485s to EndInitTextLocalization.
[2018.05.13-15.40.22:755][  0]LogInit: Setting process to per monitor DPI aware
[2018.05.13-15.40.22:794][  0]LogSlate: New Slate User Created.  User Index 0, Is Virtual User: 0
[2018.05.13-15.40.22:794][  0]LogSlate: Slate User Registered.  User Index 0, Is Virtual User: 0
[2018.05.13-15.40.23:035][  0]LogD3D11RHI: D3D11 adapters:
[2018.05.13-15.40.23:071][  0]LogD3D11RHI:    0. 'NVIDIA GeForce GTX 960M' (Feature Level 11_0)
[2018.05.13-15.40.23:071][  0]LogD3D11RHI:       4064/0/8132 MB DedicatedVideo/DedicatedSystem/SharedSystem, Outputs:1, VendorId:0x10de
[2018.05.13-15.40.23:080][  0]LogD3D11RHI:    1. 'Intel(R) HD Graphics 530' (Feature Level 11_0)
[2018.05.13-15.40.23:080][  0]LogD3D11RHI:       128/0/8132 MB DedicatedVideo/DedicatedSystem/SharedSystem, Outputs:0, VendorId:0x8086
[2018.05.13-15.40.23:083][  0]LogD3D11RHI:    2. 'Microsoft Basic Render Driver' (Feature Level 11_0)
[2018.05.13-15.40.23:083][  0]LogD3D11RHI:       0/0/8132 MB DedicatedVideo/DedicatedSystem/SharedSystem, Outputs:0, VendorId:0x1414
[2018.05.13-15.40.23:083][  0]LogD3D11RHI: Chosen D3D11 Adapter: 0
[2018.05.13-15.40.23:091][  0]LogD3D11RHI: Creating new Direct3DDevice
[2018.05.13-15.40.23:091][  0]LogD3D11RHI:     GPU DeviceId: 0x139b (for the marketing name, search the web for "GPU Device Id")
[2018.05.13-15.40.23:091][  0]LogWindows: EnumDisplayDevices:
[2018.05.13-15.40.23:091][  0]LogWindows:    0. 'Intel(R) HD Graphics 530' (P:1 D:1)
[2018.05.13-15.40.23:091][  0]LogWindows:    1. 'Intel(R) HD Graphics 530' (P:0 D:0)
[2018.05.13-15.40.23:092][  0]LogWindows:    2. 'Intel(R) HD Graphics 530' (P:0 D:0)
[2018.05.13-15.40.23:092][  0]LogWindows: DebugString: GetVideoDriverDetailsInvalid PrimaryIsNotTheChoosenAdapter GetVideoDriverDetailsInvalid PrimaryIsNotTheChoosenAdapter GetVideoDriverDetailsInvalid PrimaryIsNotTheChoosenAdapter FoundDriverCount:0 
[2018.05.13-15.40.23:092][  0]LogD3D11RHI:     Adapter Name: NVIDIA GeForce GTX 960M
[2018.05.13-15.40.23:092][  0]LogD3D11RHI:   Driver Version: Unknown (internal:Unknown, unified:Unknown)
[2018.05.13-15.40.23:092][  0]LogD3D11RHI:      Driver Date: Unknown
[2018.05.13-15.40.23:092][  0]LogRHI: Texture pool is 2845 MB (70% of 4064 MB)
[2018.05.13-15.40.23:109][  0]LogD3D11RHI: [Aftermath] Aftermath enabled but failed to initialize
[2018.05.13-15.40.23:109][  0]LogD3D11RHI: [Aftermath] Aftermath enabled and primed
[2018.05.13-15.40.23:109][  0]LogD3D11RHI: Async texture creation enabled
[2018.05.13-15.40.23:123][  0]LogD3D11RHI: GPU Timing Frequency: 1000.000000 (Debug: 2 1)
[2018.05.13-15.40.23:125][  0]LogShaderCompilers: Guid format shader working directory is 5 characters bigger than the processId version (D:/Game_Development/Git/ProjectExposure/Intermediate/Shaders/WorkingDirectory/20248/).
[2018.05.13-15.40.23:125][  0]LogShaderCompilers: Cleaned the shader compiler working directory 'C:/Users/Trym/AppData/Local/Temp/UnrealShaderWorkingDir/14AC34B54882F057DCB8878808D5E5A8/'.
[2018.05.13-15.40.23:412][  0]LogTemp: Display: Loaded TP AllDesktopTargetPlatform
[2018.05.13-15.40.23:428][  0]LogTemp: Display: Loaded TP MacClientTargetPlatform
[2018.05.13-15.40.23:444][  0]LogTemp: Display: Loaded TP MacNoEditorTargetPlatform
[2018.05.13-15.40.23:463][  0]LogTemp: Display: Loaded TP MacServerTargetPlatform
[2018.05.13-15.40.23:478][  0]LogTemp: Display: Loaded TP MacTargetPlatform
[2018.05.13-15.40.23:493][  0]LogTemp: Display: Loaded TP WindowsClientTargetPlatform
[2018.05.13-15.40.23:509][  0]LogTemp: Display: Loaded TP WindowsNoEditorTargetPlatform
[2018.05.13-15.40.23:526][  0]LogTemp: Display: Loaded TP WindowsServerTargetPlatform
[2018.05.13-15.40.23:534][  0]LogTemp: Display: Loaded TP WindowsTargetPlatform
[2018.05.13-15.40.23:547][  0]LogTemp: Display: Loaded TP Android_ASTCTargetPlatform
[2018.05.13-15.40.23:560][  0]LogTemp: Display: Loaded TP Android_ATCTargetPlatform
[2018.05.13-15.40.23:574][  0]LogTemp: Display: Loaded TP Android_DXTTargetPlatform
[2018.05.13-15.40.23:588][  0]LogTemp: Display: Loaded TP Android_ETC1aTargetPlatform
[2018.05.13-15.40.23:600][  0]LogTemp: Display: Loaded TP Android_ETC1TargetPlatform
[2018.05.13-15.40.23:614][  0]LogTemp: Display: Loaded TP Android_ETC2TargetPlatform
[2018.05.13-15.40.23:648][  0]LogTemp: Display: Loaded TP Android_MultiTargetPlatform
[2018.05.13-15.40.23:648][  0]LogTemp: Display: Loaded TP Android_PVRTCTargetPlatform
[2018.05.13-15.40.23:661][  0]LogTemp: Display: Loaded TP AndroidTargetPlatform
[2018.05.13-15.40.23:662][  0]LogTemp: Display: Loaded TP HTML5TargetPlatform
[2018.05.13-15.40.23:702][  0]LogTemp: Display: Loaded TP IOSTargetPlatform
[2018.05.13-15.40.23:716][  0]LogTemp: Display: Loaded TP TVOSTargetPlatform
[2018.05.13-15.40.23:729][  0]LogTemp: Display: Loaded TP LinuxClientTargetPlatform
[2018.05.13-15.40.23:741][  0]LogTemp: Display: Loaded TP LinuxNoEditorTargetPlatform
[2018.05.13-15.40.23:754][  0]LogTemp: Display: Loaded TP LinuxServerTargetPlatform
[2018.05.13-15.40.23:767][  0]LogTemp: Display: Loaded TP LinuxTargetPlatform
[2018.05.13-15.40.23:767][  0]LogTargetPlatformManager: Display: Building Assets For Windows
[2018.05.13-15.40.23:925][  0]LogXGEController: Cannot use XGE Controller as Incredibuild is not installed on this machine.
[2018.05.13-15.40.23:925][  0]LogShaderCompilers: Cannot use XGE Shader Compiler as Incredibuild is not installed on this machine.
[2018.05.13-15.40.23:925][  0]LogShaderCompilers: Display: Using Local Shader Compiler.
[2018.05.13-15.40.24:693][  0]LogDerivedDataCache: Display: Max Cache Size: 512 MB
[2018.05.13-15.40.24:760][  0]LogDerivedDataCache: Loaded boot cache 0.07s 74MB C:/Users/Trym/AppData/Local/UnrealEngine/4.19/DerivedDataCache/Boot.ddc.
[2018.05.13-15.40.24:760][  0]LogDerivedDataCache: Display: Loaded Boot cache: C:/Users/Trym/AppData/Local/UnrealEngine/4.19/DerivedDataCache/Boot.ddc
[2018.05.13-15.40.24:760][  0]LogDerivedDataCache: FDerivedDataBackendGraph:  Pak pak cache file D:/Game_Development/Git/ProjectExposure/DerivedDataCache/DDC.ddp not found, will not use a pak cache.
[2018.05.13-15.40.24:760][  0]LogDerivedDataCache: Unable to find inner node Pak for hierarchical cache Hierarchy.
[2018.05.13-15.40.24:760][  0]LogDerivedDataCache: FDerivedDataBackendGraph:  CompressedPak pak cache file D:/Game_Development/Git/ProjectExposure/DerivedDataCache/Compressed.ddp not found, will not use a pak cache.
[2018.05.13-15.40.24:760][  0]LogDerivedDataCache: Unable to find inner node CompressedPak for hierarchical cache Hierarchy.
[2018.05.13-15.40.24:778][  0]LogDerivedDataCache: Display: Pak cache opened for reading ../../../Engine/DerivedDataCache/Compressed.ddp.
[2018.05.13-15.40.24:792][  0]LogDerivedDataCache: Using Local data cache path C:/Users/Trym/AppData/Local/UnrealEngine/Common/DerivedDataCache: Writable
[2018.05.13-15.40.24:792][  0]LogDerivedDataCache: Shared data cache path not found in *engine.ini, will not use an Shared cache.
[2018.05.13-15.40.24:792][  0]LogDerivedDataCache: Unable to find inner node Shared for hierarchical cache Hierarchy.
[2018.05.13-15.40.24:804][  0]LogMaterial: Verifying Global Shaders for PCD3D_SM5
[2018.05.13-15.40.24:804][  0]LogSlate: Using Freetype 2.6.0
[2018.05.13-15.40.24:805][  0]LogSlate: SlateFontCache - WITH_FREETYPE: 1, WITH_HARFBUZZ: 1
[2018.05.13-15.40.24:805][  0]LogSlate: SlateFontCache - WITH_FREETYPE: 1, WITH_HARFBUZZ: 1
[2018.05.13-15.40.24:968][  0]LogAssetRegistry: FAssetRegistry took 0.0263 seconds to start up
[2018.05.13-15.40.25:339][  0]LogInit: Selected Device Profile: [Windows]
[2018.05.13-15.40.25:530][  0]LogSimplygon: Simplygon DLL not present - disabling.
[2018.05.13-15.40.25:534][  0]LogMeshReduction: Using SimplygonSwarm for distributed automatic mesh merging
[2018.05.13-15.40.25:534][  0]LogMeshReduction: Using QuadricMeshReduction for automatic static mesh reduction
[2018.05.13-15.40.25:534][  0]LogMeshReduction: No automatic skeletal mesh reduction module available
[2018.05.13-15.40.25:534][  0]LogMeshReduction: No automatic mesh merging module available
[2018.05.13-15.40.25:534][  0]LogMeshMerging: No automatic mesh merging module available
[2018.05.13-15.40.25:580][  0]LogNetVersion: ProjectExposure , NetCL: 3944462, EngineNetVer: 2, GameNetVer: 0 (Checksum: 2950170889)
[2018.05.13-15.40.26:129][  0]LogPackageLocalizationCache: Processed 9 localized package path(s) for 1 prioritized culture(s) in 0.068791 seconds
[2018.05.13-15.40.26:135][  0]LogUObjectArray: 36728 objects as part of root set at end of initial load.
[2018.05.13-15.40.26:135][  0]LogUObjectAllocator: 7314304 out of 0 bytes used by permanent object pool.
[2018.05.13-15.40.26:135][  0]LogUObjectArray: CloseDisregardForGC: 0/0 objects in disregard for GC pool
[2018.05.13-15.40.28:341][  0]LogSubstanceCoreModule: Substance [CPU] Engine Loaded, Max Texture Size = 2048
[2018.05.13-15.40.28:372][  0]LogTcpMessaging: Initializing TcpMessaging bridge
[2018.05.13-15.40.28:417][  0]LogUdpMessaging: Initializing bridge on interface 0.0.0.0:0 to multicast group 230.0.0.1:6666.
[2018.05.13-15.40.28:994][  0]SourceControl: Source control is disabled
[2018.05.13-15.40.28:994][  0]SourceControl: Source control is disabled
[2018.05.13-15.40.29:023][  0]SourceControl: Source control is disabled
[2018.05.13-15.40.29:053][  0]SourceControl: Source control is disabled
[2018.05.13-15.40.29:818][  0]LogAndroidPermission: UAndroidPermissionCallbackProxy::GetInstance
[2018.05.13-15.40.30:090][  0]LogOcInput: OculusInput pre-init called
[2018.05.13-15.40.30:442][  0]LogEngine: Initializing Engine...
[2018.05.13-15.40.30:443][  0]LogHMD: Failed to initialize OpenVR with code 110
[2018.05.13-15.40.30:445][  0]LogStats: UGameplayTagsManager::ConstructGameplayTagTree: Construct from data asset -  0.000 s
[2018.05.13-15.40.30:445][  0]LogStats: UGameplayTagsManager::ConstructGameplayTagTree: GameplayTagTreeChangedEvent.Broadcast -  0.000 s
[2018.05.13-15.40.30:695][  0]LogAIModule: Creating AISystem for world Untitled
[2018.05.13-15.40.30:714][  0]LogInit: XAudio2 using 'Høyttalere (G510 Gaming Keyboard)' : 2 channels at 48 kHz using 16 bits per sample (channel mask 0x3)
[2018.05.13-15.40.30:746][  0]LogInit: FAudioDevice initialized.
[2018.05.13-15.40.30:874][  0]LogDerivedDataCache: Saved boot cache 0.13s 74MB C:/Users/Trym/AppData/Local/UnrealEngine/4.19/DerivedDataCache/Boot.ddc.
[2018.05.13-15.40.30:878][  0]LogInit: Texture streaming: Enabled
[2018.05.13-15.40.30:901][  0]LogEngineSessionManager: EngineSessionManager initialized
[2018.05.13-15.40.30:923][  0]LogInit: Transaction tracking system initialized
[2018.05.13-15.40.30:961][  0]BlueprintLog: New page: Editor Load
[2018.05.13-15.40.31:123][  0]LocalizationService: Localization service is disabled
[2018.05.13-15.40.31:232][  0]LogLinker: Warning: Can't find file '/Game/TopDownCPP/TopDownOverview'
[2018.05.13-15.40.31:232][  0]LogLinker: Warning: Can't find file '/Game/TopDownCPP/TopDownOverview'
[2018.05.13-15.40.31:232][  0]LogUObjectGlobals: Warning: Failed to find object 'Class /Game/TopDownCPP/TopDownOverview.TopDownOverview_C'
[2018.05.13-15.40.31:259][  0]LogConsoleResponse: Display: 
[2018.05.13-15.40.31:449][  0]LogCook: Display: Max memory allowance for cook 16384mb min free memory 0mb
[2018.05.13-15.40.31:449][  0]LogCook: Display: Mobile HDR setting 1
[2018.05.13-15.40.31:449][  0]LogGameplayTags: Display: UGameplayTagsManager::DoneAddingNativeTags. DelegateIsBound: 0
[2018.05.13-15.40.31:449][  0]LogStats: UGameplayTagsManager::ConstructGameplayTagTree: Construct from data asset -  0.000 s
[2018.05.13-15.40.31:449][  0]LogStats: UGameplayTagsManager::ConstructGameplayTagTree: GameplayTagTreeChangedEvent.Broadcast -  0.000 s
[2018.05.13-15.40.32:029][  0]LogFileCache: Scanning file cache for directory 'D:/Game_Development/Git/ProjectExposure/Content/' took 0.01s
[2018.05.13-15.40.32:029][  0]SourceControl: Source control is disabled
[2018.05.13-15.40.32:029][  0]Cmd: MAP LOAD FILE="D:/Game_Development/Git/ProjectExposure/Content/StarterContent/Maps/Minimal_Default.umap" TEMPLATE=0 SHOWPROGRESS=1 FEATURELEVEL=3
[2018.05.13-15.40.32:029][  0]LogEditorServer: Warning: Can't find file 'D:/Game_Development/Git/ProjectExposure/Content/StarterContent/Maps/Minimal_Default.umap'
[2018.05.13-15.40.32:029][  0]Cmd: MAP CHECKDEP NOCLEARLOG
[2018.05.13-15.40.32:107][  0]MapCheck: Map check complete: 0 Error(s), 0 Warning(s), took 76,78ms to complete.
[2018.05.13-15.40.32:107][  0]LogFileHelpers: Loading map 'Minimal_Default' took 0.077
[2018.05.13-15.40.32:242][  0]LogCollectionManager: Loaded 0 collections in 0.002707 seconds
[2018.05.13-15.40.32:285][  0]LogFileCache: Scanning file cache for directory 'D:/Game_Development/Git/ProjectExposure/Saved/Collections/' took 0.01s
[2018.05.13-15.40.32:285][  0]LogFileCache: Scanning file cache for directory 'D:/Game_Development/Git/ProjectExposure/Content/Developers/Trym/Collections/' took 0.01s
[2018.05.13-15.40.32:285][  0]LogFileCache: Scanning file cache for directory 'D:/Game_Development/Git/ProjectExposure/Content/Collections/' took 0.01s
[2018.05.13-15.40.32:285][  0]LogCollectionManager: Rebuilt the GUID cache for 0 collections in 0.000000 seconds
[2018.05.13-15.40.32:296][  0]LogContentBrowser: Native class hierarchy populated in 0.0108 seconds. Added 2470 classes and 566 folders.
[2018.05.13-15.40.32:308][  0]LogContentBrowser: Native class hierarchy updated for 'WidgetCarousel' in 0.0007 seconds. Added 0 classes and 0 folders.
[2018.05.13-15.40.32:372][  0]LogContentBrowser: Native class hierarchy updated for 'AddContentDialog' in 0.0006 seconds. Added 0 classes and 0 folders.
[2018.05.13-15.40.32:381][  0]LogContentBrowser: Native class hierarchy updated for 'SceneOutliner' in 0.0008 seconds. Added 1 classes and 2 folders.
[2018.05.13-15.40.32:452][  0]LogSlate: Took 0.000346 seconds to synchronously load lazily loaded font '../../../Engine/Content/Slate/Fonts/Roboto-Regular.ttf' (155K)
[2018.05.13-15.40.32:458][  0]LogSlate: Took 0.000362 seconds to synchronously load lazily loaded font '../../../Engine/Content/Slate/Fonts/Roboto-Bold.ttf' (160K)
[2018.05.13-15.40.32:461][  0]LogSlate: Took 0.000369 seconds to synchronously load lazily loaded font '../../../Engine/Content/Editor/Slate/Fonts/FontAwesome.ttf' (139K)
[2018.05.13-15.40.32:465][  0]LogSlate: Took 0.000386 seconds to synchronously load lazily loaded font '../../../Engine/Content/Slate/Fonts/DroidSansMono.ttf' (77K)
[2018.05.13-15.40.32:618][  0]LogRenderer: Reallocating scene render targets to support 1096x500 Format 10 NumSamples 1 (Frame:1).
[2018.05.13-15.40.32:655][  0]LogContentBrowser: Verbose: The majority of assets in the view are of type: Class
[2018.05.13-15.40.32:791][  0]LogContentBrowser: Native class hierarchy updated for 'HierarchicalLODOutliner' in 0.0007 seconds. Added 0 classes and 0 folders.
[2018.05.13-15.40.32:791][  0]LogLoad: (Engine Initialization) Total time: 14.97 seconds
[2018.05.13-15.40.32:791][  0]LogLoad: (Engine Initialization) Total Blueprint compile time: 0.00 seconds
[2018.05.13-15.40.32:810][  0]LogWindowsTextInputMethodSystem: Display: IME system now deactivated.
[2018.05.13-15.40.32:835][  0]LogContentStreaming: Texture pool size now 1000 MB
[2018.05.13-15.40.32:871][  1]LogSubstanceLiveLink: Warning: Unable to send data along socket, closing connection
[2018.05.13-15.40.32:879][  1]LogAssetRegistry: Asset discovery search completed in 7.9332 seconds
[2018.05.13-15.40.32:881][  1]LogCollectionManager: Rebuilt the object cache for 0 collections in 0.000000 seconds (found 0 objects)
[2018.05.13-15.40.32:882][  1]LogCollectionManager: Fixed up redirectors for 0 collections in 0.000301 seconds (updated 0 objects)
[2018.05.13-15.41.18:715][735]LogSlate: FSceneViewport::OnFocusLost() reason 0
[2018.05.13-15.41.18:759][737]LogContentBrowser: Verbose: The majority of assets in the view are of type: MapBuildDataRegistry
[2018.05.13-15.41.19:422][777]LogSlate: Took 0.000321 seconds to synchronously load lazily loaded font '../../../Engine/Content/Slate/Fonts/Roboto-Light.ttf' (167K)
[2018.05.13-15.41.19:607][777]LogUObjectGlobals: Created PersistentFrame Addr=0x000002447ea06468, Size=4, Default__SimulationUI_C Function /Game/UI_Blueprints/SimulationUI.SimulationUI_C:ExecuteUbergraph_SimulationUI
[2018.05.13-15.41.19:610][777]LogUObjectGlobals: Destroyed PersistentFrame Addr=0x000002447ea06468, Size=4
[2018.05.13-15.41.19:610][777]LogUObjectGlobals: Created PersistentFrame Addr=0x000002447ea06468, Size=4, Default__SimulationUI_C Function /Engine/Transient.REINST_SimulationUI_C_0:ExecuteUbergraph_SimulationUI
[2018.05.13-15.41.19:613][777]LogUObjectGlobals: Created PersistentFrame Addr=0x000002447ea06770, Size=4, Default__SimulationUI_C Function /Game/UI_Blueprints/SimulationUI.SimulationUI_C:ExecuteUbergraph_SimulationUI
[2018.05.13-15.41.19:616][777]LogUObjectGlobals: Created PersistentFrame Addr=0x0000024444fe4850, Size=16, Default__Game_C Function /Game/Levels/Game.Game_C:ExecuteUbergraph_Game
[2018.05.13-15.41.19:620][777]LogUObjectGlobals: Destroyed PersistentFrame Addr=0x0000024444fe4850, Size=16
[2018.05.13-15.41.19:621][777]LogUObjectGlobals: Created PersistentFrame Addr=0x0000024444fe4850, Size=16, Default__Game_C Function /Engine/Transient.REINST_Game_C_12:ExecuteUbergraph_Game
[2018.05.13-15.41.19:622][777]LogUObjectGlobals: Created PersistentFrame Addr=0x0000024444fe4760, Size=16, Default__Game_C Function /Game/Levels/Game.Game_C:ExecuteUbergraph_Game
[2018.05.13-15.41.19:820][777]LogAIModule: Creating AISystem for world Game
[2018.05.13-15.41.19:852][777]LogUObjectGlobals: Destroyed PersistentFrame Addr=0x000002447ea06468, Size=4
[2018.05.13-15.41.19:852][777]LogUObjectGlobals: Destroyed PersistentFrame Addr=0x0000024444fe4850, Size=16
[2018.05.13-15.41.19:854][777]Cmd: MAP LOAD FILE="D:/Game_Development/Git/ProjectExposure/Content/Levels/Game.umap" TEMPLATE=0 SHOWPROGRESS=1 FEATURELEVEL=3
[2018.05.13-15.41.19:855][777]LightingResults: New page: Lighting Build
[2018.05.13-15.41.19:861][777]LogContentBrowser: Native class hierarchy updated for 'StatsViewer' in 0.0008 seconds. Added 5 classes and 0 folders.
[2018.05.13-15.41.19:862][777]LoadErrors: New page: Loading map: Game.umap
[2018.05.13-15.41.19:863][777]MapCheck: New page: Map Check
[2018.05.13-15.41.19:863][777]LightingResults: New page: Lighting Build
[2018.05.13-15.41.19:955][777]LogEditorServer: Finished looking for orphan Actors (0.000 secs)
[2018.05.13-15.41.19:990][777]Cmd: MAP CHECKDEP NOCLEARLOG
[2018.05.13-15.41.20:100][777]MapCheck: Map check complete: 0 Error(s), 0 Warning(s), took 109,461ms to complete.
[2018.05.13-15.41.20:102][777]LogFileHelpers: Loading map 'Game' took 0.247
[2018.05.13-15.41.29:377][322]LogUObjectGlobals: Warning: Failed to find object 'Object /Script/ProjectExposure.ProjectExposureGameMode'
[2018.05.13-15.41.35:359][612]LogSlate: Only BGRA pngs, bmps or icos are supported in by External Image Picker
[2018.05.13-15.41.35:530][613]LogTemp: Executing iPhonePackager certificates Engine -bundlename com.YourCompany.ProjectExposure
[2018.05.13-15.41.35:530][613]LogTemp: CWD: C:\Program Files\Epic Games\UE_4.19\Engine\Binaries\DotNET\IOS
[2018.05.13-15.41.35:531][613]LogTemp: Initial Dir: C:\Program Files\Epic Games\UE_4.19
[2018.05.13-15.41.35:531][613]LogTemp: Env CWD: C:\Program Files\Epic Games\UE_4.19\Engine\Binaries\DotNET\IOS
[2018.05.13-15.41.35:531][613]LogTemp: BranchPath = LAPTOP-5P6GUPO7/C/Program Files/Epic Games/UE_4.19/Engine/Binaries --- GameBranchPath = LAPTOP-5P6GUPO7/C/Program Files/Epic Games/UE_4.19/Engine/Binaries
[2018.05.13-15.41.35:532][613]LogTemp: IPP ERROR: Could not find provision directory 'C:\Users\Trym\AppData\Local/Apple Computer/MobileDevice/Provisioning Profiles/'.
[2018.05.13-15.43.47:002][474]LogSlate: Window 'Project Settings' being destroyed
[2018.05.13-15.43.47:008][474]LogSlate: Window 'Project Settings' being destroyed
[2018.05.13-15.43.57:530][753]LogContentBrowser: Verbose: The majority of assets in the view are of type: WidgetBlueprint
[2018.05.13-15.43.57:761][767]LogContentBrowser: Verbose: The majority of assets in the view are of type: None
[2018.05.13-15.43.58:493][811]LogContentBrowser: Verbose: The majority of assets in the view are of type: Class
[2018.05.13-15.50.00:619][205]LogHotReload: New module detected: UE4Editor-ProjectExposure-7373.dll
[2018.05.13-15.50.02:303][211]LogHotReload: Starting Hot-Reload from IDE
[2018.05.13-15.50.02:347][211]LogContentBrowser: Native class hierarchy updated for 'ProjectExposure' in 0.0007 seconds. Added 4 classes and 2 folders.
[2018.05.13-15.50.02:349][211]Display: HotReload successful (1 functions remapped  0 scriptstructs remapped)
[2018.05.13-15.50.02:463][211]LogContentBrowser: Native class hierarchy populated in 0.0107 seconds. Added 2471 classes and 568 folders.
[2018.05.13-15.50.02:469][211]Display: HotReload took  0.2s.
[2018.05.13-16.02.10:866][466]LogWindows: Warning: CreateProc failed: Systemet finner ikke angitt fil. (0x00000002)
[2018.05.13-16.02.10:866][466]LogWindows: Warning: URL: C:/Program Files/Git/bin/git.exe version
[2018.05.13-16.02.10:866][466]LogWindows: Warning: CreateProc failed: Systemet finner ikke angitt fil. (0x00000002)
[2018.05.13-16.02.10:867][466]LogWindows: Warning: URL: C:/Program Files (x86)/Git/bin/git.exe version
[2018.05.13-16.02.10:867][466]LogWindows: Warning: CreateProc failed: Systemet finner ikke angitt fil. (0x00000002)
[2018.05.13-16.02.10:867][466]LogWindows: Warning: URL: C:\Users\Trym\AppData\Local/Programs/Git/cmd/git.exe version
[2018.05.13-16.02.10:867][466]LogWindows: Warning: CreateProc failed: Systemet finner ikke angitt fil. (0x00000002)
[2018.05.13-16.02.10:867][466]LogWindows: Warning: URL: C:/Program Files (x86)/SmartGit/git/bin/git.exe version
[2018.05.13-16.02.10:868][466]LogWindows: Warning: CreateProc failed: Systemet finner ikke angitt fil. (0x00000002)
[2018.05.13-16.02.10:868][466]LogWindows: Warning: URL: C:/Program Files (x86)/SmartGit/bin/git.exe version
[2018.05.13-16.02.11:611][466]LogSourceControl: Warning: 'D:/Game_Development/Git/ProjectExposure/' is not part of a Git repository
[2018.05.13-16.09.23:666][746]SourceControl: Error: warning: LF will be replaced by CRLF in .gitignore.
[2018.05.13-16.09.23:666][746]SourceControl: Error: The file will have its original line endings in your working directory.
[2018.05.13-16.09.26:452][910]LogSourceControl: commit successful: [master (root-commit) 2954b06] Initial commit
[2018.05.13-16.09.26:453][910]SourceControl: [master (root-commit) 2954b06] Initial commit
[2018.05.13-16.09.26:453][910]SourceControl:  295 files changed, 533 insertions(+)
[2018.05.13-16.09.26:453][910]SourceControl:  create mode 100644 .gitignore
[2018.05.13-16.09.26:453][910]SourceControl:  create mode 100644 Config/DefaultEditor.ini
[2018.05.13-16.09.26:453][910]SourceControl:  create mode 100644 Config/DefaultEngine.ini
[2018.05.13-16.09.26:453][910]SourceControl:  create mode 100644 Config/DefaultGame.ini
[2018.05.13-16.09.26:453][910]SourceControl:  create mode 100644 Config/DefaultInput.ini
[2018.05.13-16.09.26:453][910]SourceControl:  create mode 100644 Content/Levels/Game.umap
[2018.05.13-16.09.26:454][910]SourceControl:  create mode 100644 Content/Prefabs/NuclearReactorPrefab.uasset
[2018.05.13-16.09.26:454][910]SourceControl:  create mode 100644 Content/Prefabs/OilRigPrefab.uasset
[2018.05.13-16.09.26:454][910]SourceControl:  create mode 100644 Content/Prefabs/PlaceableUnit_Blueprint.uasset
[2018.05.13-16.09.26:454][910]SourceControl:  create mode 100644 Content/Prefabs/WindmillPrefab.uasset
[2018.05.13-16.09.26:454][910]SourceControl:  create mode 100644 Content/Prefabs/Windmill_Blueprint.uasset
[2018.05.13-16.09.26:454][910]SourceControl:  create mode 100644 Content/StarterContent/Architecture/Floor_400x400.uasset
[2018.05.13-16.09.26:454][910]SourceControl:  create mode 100644 Content/StarterContent/Architecture/Pillar_50x500.uasset
[2018.05.13-16.09.26:455][910]SourceControl:  create mode 100644 Content/StarterContent/Architecture/SM_AssetPlatform.uasset
[2018.05.13-16.09.26:455][910]SourceControl:  create mode 100644 Content/StarterContent/Architecture/Wall_400x200.uasset
[2018.05.13-16.09.26:455][910]SourceControl:  create mode 100644 Content/StarterContent/Architecture/Wall_400x300.uasset
[2018.05.13-16.09.26:455][910]SourceControl:  create mode 100644 Content/StarterContent/Architecture/Wall_400x400.uasset
[2018.05.13-16.09.26:455][910]SourceControl:  create mode 100644 Content/StarterContent/Architecture/Wall_500x500.uasset
[2018.05.13-16.09.26:455][910]SourceControl:  create mode 100644 Content/StarterContent/Architecture/Wall_Door_400x300.uasset
[2018.05.13-16.09.26:456][910]SourceControl:  create mode 100644 Content/StarterContent/Architecture/Wall_Door_400x400.uasset
[2018.05.13-16.09.26:456][910]SourceControl:  create mode 100644 Content/StarterContent/Architecture/Wall_Window_400x300.uasset
[2018.05.13-16.09.26:456][910]SourceControl:  create mode 100644 Content/StarterContent/Architecture/Wall_Window_400x400.uasset
[2018.05.13-16.09.26:456][910]SourceControl:  create mode 100644 Content/StarterContent/Audio/Collapse01.uasset
[2018.05.13-16.09.26:456][910]SourceControl:  create mode 100644 Content/StarterContent/Audio/Collapse02.uasset
[2018.05.13-16.09.26:456][910]SourceControl:  create mode 100644 Content/StarterContent/Audio/Collapse_Cue.uasset
[2018.05.13-16.09.26:456][910]SourceControl:  create mode 100644 Content/StarterContent/Audio/Explosion01.uasset
[2018.05.13-16.09.26:457][910]SourceControl:  create mode 100644 Content/StarterContent/Audio/Explosion02.uasset
[2018.05.13-16.09.26:457][910]SourceControl:  create mode 100644 Content/StarterContent/Audio/Explosion_Cue.uasset
[2018.05.13-16.09.26:457][910]SourceControl:  create mode 100644 Content/StarterContent/Audio/Fire01.uasset
[2018.05.13-16.09.26:457][910]SourceControl:  create mode 100644 Content/StarterContent/Audio/Fire01_Cue.uasset
[2018.05.13-16.09.26:457][910]SourceControl:  create mode 100644 Content/StarterContent/Audio/Fire_Sparks01.uasset
[2018.05.13-16.09.26:457][910]SourceControl:  create mode 100644 Content/StarterContent/Audio/Fire_Sparks01_Cue.uasset
[2018.05.13-16.09.26:458][910]SourceControl:  create mode 100644 Content/StarterContent/Audio/Light01.uasset
[2018.05.13-16.09.26:458][910]SourceControl:  create mode 100644 Content/StarterContent/Audio/Light01_Cue.uasset
[2018.05.13-16.09.26:458][910]SourceControl:  create mode 100644 Content/StarterContent/Audio/Light02.uasset
[2018.05.13-16.09.26:458][910]SourceControl:  create mode 100644 Content/StarterContent/Audio/Light02_Cue.uasset
[2018.05.13-16.09.26:458][910]SourceControl:  create mode 100644 Content/StarterContent/Audio/Smoke01.uasset
[2018.05.13-16.09.26:458][910]SourceControl:  create mode 100644 Content/StarterContent/Audio/Smoke01_Cue.uasset
[2018.05.13-16.09.26:458][910]SourceControl:  create mode 100644 Content/StarterContent/Audio/Starter_Background_Cue.uasset
[2018.05.13-16.09.26:459][910]SourceControl:  create mode 100644 Content/StarterContent/Audio/Starter_Birds01.uasset
[2018.05.13-16.09.26:459][910]SourceControl:  create mode 100644 Content/StarterContent/Audio/Starter_Music01.uasset
[2018.05.13-16.09.26:459][910]SourceControl:  create mode 100644 Content/StarterContent/Audio/Starter_Music_Cue.uasset
[2018.05.13-16.09.26:459][910]SourceControl:  create mode 100644 Content/StarterContent/Audio/Starter_Wind05.uasset
[2018.05.13-16.09.26:459][910]SourceControl:  create mode 100644 Content/StarterContent/Audio/Starter_Wind06.uasset
[2018.05.13-16.09.26:459][910]SourceControl:  create mode 100644 Content/StarterContent/Audio/Steam01.uasset
[2018.05.13-16.09.26:459][910]SourceControl:  create mode 100644 Content/StarterContent/Audio/Steam01_Cue.uasset
[2018.05.13-16.09.26:460][910]SourceControl:  create mode 100644 Content/StarterContent/Blueprints/Assets/FogBrightnessLUT.uasset
[2018.05.13-16.09.26:460][910]SourceControl:  create mode 100644 Content/StarterContent/Blueprints/Assets/M_LightStage_Arrows.uasset
[2018.05.13-16.09.26:460][910]SourceControl:  create mode 100644 Content/StarterContent/Blueprints/Assets/M_LightStage_Skybox_Black.uasset
[2018.05.13-16.09.26:460][910]SourceControl:  create mode 100644 Content/StarterContent/Blueprints/Assets/M_LightStage_Skybox_HDRI.uasset
[2018.05.13-16.09.26:460][910]SourceControl:  create mode 100644 Content/StarterContent/Blueprints/Assets/M_LightStage_Skybox_Master.uasset
[2018.05.13-16.09.26:461][910]SourceControl:  create mode 100644 Content/StarterContent/Blueprints/Assets/SM_Arrows.uasset
[2018.05.13-16.09.26:461][910]SourceControl:  create mode 100644 Content/StarterContent/Blueprints/Assets/Skybox.uasset
[2018.05.13-16.09.26:461][910]SourceControl:  create mode 100644 Content/StarterContent/Blueprints/Assets/SunlightColorLUT.uasset
[2018.05.13-16.09.26:461][910]SourceControl:  create mode 100644 Content/StarterContent/Blueprints/BP_LightStudio.uasset
[2018.05.13-16.09.26:461][910]SourceControl:  create mode 100644 Content/StarterContent/Blueprints/Blueprint_CeilingLight.uasset
[2018.05.13-16.09.26:461][910]SourceControl:  create mode 100644 Content/StarterContent/Blueprints/Blueprint_Effect_Explosion.uasset
[2018.05.13-16.09.26:462][910]SourceControl:  create mode 100644 Content/StarterContent/Blueprints/Blueprint_Effect_Fire.uasset
[2018.05.13-16.09.26:462][910]SourceControl:  create mode 100644 Content/StarterContent/Blueprints/Blueprint_Effect_Smoke.uasset
[2018.05.13-16.09.26:462][910]SourceControl:  create mode 100644 Content/StarterContent/Blueprints/Blueprint_Effect_Sparks.uasset
[2018.05.13-16.09.26:462][910]SourceControl:  create mode 100644 Content/StarterContent/Blueprints/Blueprint_Effect_Steam.uasset
[2018.05.13-16.09.26:462][910]SourceControl:  create mode 100644 Content/StarterContent/Blueprints/Blueprint_WallSconce.uasset
[2018.05.13-16.09.26:463][910]SourceControl:  create mode 100644 Content/StarterContent/HDRI/HDRI_Epic_Courtyard_Daylight.uasset
[2018.05.13-16.09.26:463][910]SourceControl:  create mode 100644 Content/StarterContent/Maps/Advanced_Lighting.umap
[2018.05.13-16.09.26:463][910]SourceControl:  create mode 100644 Content/StarterContent/Maps/Advanced_Lighting_BuiltData.uasset
[2018.05.13-16.09.26:463][910]SourceControl:  create mode 100644 Content/StarterContent/Maps/Minimal_Default_BuiltData.uasset
[2018.05.13-16.09.26:463][910]SourceControl:  create mode 100644 Content/StarterContent/Maps/StarterMap.umap
[2018.05.13-16.09.26:463][910]SourceControl:  create mode 100644 Content/StarterContent/Maps/StarterMap_BuiltData.uasset
[2018.05.13-16.09.26:464][910]SourceControl:  create mode 100644 Content/StarterContent/Materials/M_AssetPlatform.uasset
[2018.05.13-16.09.26:464][910]SourceControl:  create mode 100644 Content/StarterContent/Materials/M_Basic_Floor.uasset
[2018.05.13-16.09.26:464][910]SourceControl:  create mode 100644 Content/StarterContent/Materials/M_Basic_Wall.uasset
[2018.05.13-16.09.26:464][910]SourceControl:  create mode 100644 Content/StarterContent/Materials/M_Brick_Clay_Beveled.uasset
[2018.05.13-16.09.26:464][910]SourceControl:  create mode 100644 Content/StarterContent/Materials/M_Brick_Clay_New.uasset
[2018.05.13-16.09.26:464][910]SourceControl:  create mode 100644 Content/StarterContent/Materials/M_Brick_Clay_Old.uasset
[2018.05.13-16.09.26:465][910]SourceControl:  create mode 100644 Content/StarterContent/Materials/M_Brick_Cut_Stone.uasset
[2018.05.13-16.09.26:465][910]SourceControl:  create mode 100644 Content/StarterContent/Materials/M_Brick_Hewn_Stone.uasset
[2018.05.13-16.09.26:465][910]SourceControl:  create mode 100644 Content/StarterContent/Materials/M_Ceramic_Tile_Checker.uasset
[2018.05.13-16.09.26:465][910]SourceControl:  create mode 100644 Content/StarterContent/Materials/M_CobbleStone_Pebble.uasset
[2018.05.13-16.09.26:465][910]SourceControl:  create mode 100644 Content/StarterContent/Materials/M_CobbleStone_Rough.uasset
[2018.05.13-16.09.26:465][910]SourceControl:  create mode 100644 Content/StarterContent/Materials/M_CobbleStone_Smooth.uasset
[2018.05.13-16.09.26:466][910]SourceControl:  create mode 100644 Content/StarterContent/Materials/M_ColorGrid_LowSpec.uasset
[2018.05.13-16.09.26:466][910]SourceControl:  create mode 100644 Content/StarterContent/Materials/M_Concrete_Grime.uasset
[2018.05.13-16.09.26:466][910]SourceControl:  create mode 100644 Content/StarterContent/Materials/M_Concrete_Panels.uasset
[2018.05.13-16.09.26:466][910]SourceControl:  create mode 100644 Content/StarterContent/Materials/M_Concrete_Poured.uasset
[2018.05.13-16.09.26:466][910]SourceControl:  create mode 100644 Content/StarterContent/Materials/M_Concrete_Tiles.uasset
[2018.05.13-16.09.26:467][910]SourceControl:  create mode 100644 Content/StarterContent/Materials/M_Glass.uasset
[2018.05.13-16.09.26:467][910]SourceControl:  create mode 100644 Content/StarterContent/Materials/M_Ground_Grass.uasset
[2018.05.13-16.09.26:467][910]SourceControl:  create mode 100644 Content/StarterContent/Materials/M_Ground_Gravel.uasset
[2018.05.13-16.09.26:467][910]SourceControl:  create mode 100644 Content/StarterContent/Materials/M_Ground_Moss.uasset
[2018.05.13-16.09.26:467][910]SourceControl:  create mode 100644 Content/StarterContent/Materials/M_Metal_Brushed_Nickel.uasset
[2018.05.13-16.09.26:467][910]SourceControl:  create mode 100644 Content/StarterContent/Materials/M_Metal_Burnished_Steel.uasset
[2018.05.13-16.09.26:468][910]SourceControl:  create mode 100644 Content/StarterContent/Materials/M_Metal_Chrome.uasset
[2018.05.13-16.09.26:468][910]SourceControl:  create mode 100644 Content/StarterContent/Materials/M_Metal_Copper.uasset
[2018.05.13-16.09.26:468][910]SourceControl:  create mode 100644 Content/StarterContent/Materials/M_Metal_Gold.uasset
[2018.05.13-16.09.26:468][910]SourceControl:  create mode 100644 Content/StarterContent/Materials/M_Metal_Rust.uasset
[2018.05.13-16.09.26:468][910]SourceControl:  create mode 100644 Content/StarterContent/Materials/M_Metal_Steel.uasset
[2018.05.13-16.09.26:468][910]SourceControl:  create mode 100644 Content/StarterContent/Materials/M_Rock_Basalt.uasset
[2018.05.13-16.09.26:469][910]SourceControl:  create mode 100644 Content/StarterContent/Materials/M_Rock_Marble_Polished.uasset
[2018.05.13-16.09.26:469][910]SourceControl:  create mode 100644 Content/StarterContent/Materials/M_Rock_Sandstone.uasset
[2018.05.13-16.09.26:469][910]SourceControl:  create mode 100644 Content/StarterContent/Materials/M_Rock_Slate.uasset
[2018.05.13-16.09.26:469][910]SourceControl:  create mode 100644 Content/StarterContent/Materials/M_Tech_Checker_Dot.uasset
[2018.05.13-16.09.26:469][910]SourceControl:  create mode 100644 Content/StarterContent/Materials/M_Tech_Hex_Tile.uasset
[2018.05.13-16.09.26:470][910]SourceControl:  create mode 100644 Content/StarterContent/Materials/M_Tech_Hex_Tile_Pulse.uasset
[2018.05.13-16.09.26:470][910]SourceControl:  create mode 100644 Content/StarterContent/Materials/M_Tech_Panel.uasset
[2018.05.13-16.09.26:470][910]SourceControl:  create mode 100644 Content/StarterContent/Materials/M_Water_Lake.uasset
[2018.05.13-16.09.26:470][910]SourceControl:  create mode 100644 Content/StarterContent/Materials/M_Water_Ocean.uasset
[2018.05.13-16.09.26:470][910]SourceControl:  create mode 100644 Content/StarterContent/Materials/M_Wood_Floor_Walnut_Polished.uasset
[2018.05.13-16.09.26:470][910]SourceControl:  create mode 100644 Content/StarterContent/Materials/M_Wood_Floor_Walnut_Worn.uasset
[2018.05.13-16.09.26:471][910]SourceControl:  create mode 100644 Content/StarterContent/Materials/M_Wood_Oak.uasset
[2018.05.13-16.09.26:471][910]SourceControl:  create mode 100644 Content/StarterContent/Materials/M_Wood_Pine.uasset
[2018.05.13-16.09.26:471][910]SourceControl:  create mode 100644 Content/StarterContent/Materials/M_Wood_Walnut.uasset
[2018.05.13-16.09.26:471][910]SourceControl:  create mode 100644 Content/StarterContent/Particles/Materials/M_Burst.uasset
[2018.05.13-16.09.26:471][910]SourceControl:  create mode 100644 Content/StarterContent/Particles/Materials/M_Dust_Particle.uasset
[2018.05.13-16.09.26:471][910]SourceControl:  create mode 100644 Content/StarterContent/Particles/Materials/M_Fire_SubUV.uasset
[2018.05.13-16.09.26:472][910]SourceControl:  create mode 100644 Content/StarterContent/Particles/Materials/M_Heat_Distortion.uasset
[2018.05.13-16.09.26:472][910]SourceControl:  create mode 100644 Content/StarterContent/Particles/Materials/M_Radial_Gradient.uasset
[2018.05.13-16.09.26:472][910]SourceControl:  create mode 100644 Content/StarterContent/Particles/Materials/M_Spark.uasset
[2018.05.13-16.09.26:472][910]SourceControl:  create mode 100644 Content/StarterContent/Particles/Materials/M_explosion_subUV.uasset
[2018.05.13-16.09.26:472][910]SourceControl:  create mode 100644 Content/StarterContent/Particles/Materials/M_radial_ramp.uasset
[2018.05.13-16.09.26:473][910]SourceControl:  create mode 100644 Content/StarterContent/Particles/Materials/M_smoke_subUV.uasset
[2018.05.13-16.09.26:473][910]SourceControl:  create mode 100644 Content/StarterContent/Particles/Materials/m_flare_01.uasset
[2018.05.13-16.09.26:473][910]SourceControl:  create mode 100644 Content/StarterContent/Particles/P_Ambient_Dust.uasset
[2018.05.13-16.09.26:473][910]SourceControl:  create mode 100644 Content/StarterContent/Particles/P_Explosion.uasset
[2018.05.13-16.09.26:473][910]SourceControl:  create mode 100644 Content/StarterContent/Particles/P_Fire.uasset
[2018.05.13-16.09.26:473][910]SourceControl:  create mode 100644 Content/StarterContent/Particles/P_Smoke.uasset
[2018.05.13-16.09.26:474][910]SourceControl:  create mode 100644 Content/StarterContent/Particles/P_Sparks.uasset
[2018.05.13-16.09.26:474][910]SourceControl:  create mode 100644 Content/StarterContent/Particles/P_Steam_Lit.uasset
[2018.05.13-16.09.26:474][910]SourceControl:  create mode 100644 Content/StarterContent/Props/MaterialSphere.uasset
[2018.05.13-16.09.26:474][910]SourceControl:  create mode 100644 Content/StarterContent/Props/Materials/M_Bush.uasset
[2018.05.13-16.09.26:474][910]SourceControl:  create mode 100644 Content/StarterContent/Props/Materials/M_Chair.uasset
[2018.05.13-16.09.26:474][910]SourceControl:  create mode 100644 Content/StarterContent/Props/Materials/M_Door.uasset
[2018.05.13-16.09.26:475][910]SourceControl:  create mode 100644 Content/StarterContent/Props/Materials/M_Frame.uasset
[2018.05.13-16.09.26:475][910]SourceControl:  create mode 100644 Content/StarterContent/Props/Materials/M_Lamp.uasset
[2018.05.13-16.09.26:475][910]SourceControl:  create mode 100644 Content/StarterContent/Props/Materials/M_MaterialSphere.uasset
[2018.05.13-16.09.26:475][910]SourceControl:  create mode 100644 Content/StarterContent/Props/Materials/M_MaterialSphere_Plain.uasset
[2018.05.13-16.09.26:475][910]SourceControl:  create mode 100644 Content/StarterContent/Props/Materials/M_Rock.uasset
[2018.05.13-16.09.26:475][910]SourceControl:  create mode 100644 Content/StarterContent/Props/Materials/M_Shelf.uasset
[2018.05.13-16.09.26:476][910]SourceControl:  create mode 100644 Content/StarterContent/Props/Materials/M_Statue.uasset
[2018.05.13-16.09.26:476][910]SourceControl:  create mode 100644 Content/StarterContent/Props/Materials/M_StatueGlass.uasset
[2018.05.13-16.09.26:476][910]SourceControl:  create mode 100644 Content/StarterContent/Props/Materials/M_TableRound.uasset
[2018.05.13-16.09.26:476][910]SourceControl:  create mode 100644 Content/StarterContent/Props/SM_Bush.uasset
[2018.05.13-16.09.26:476][910]SourceControl:  create mode 100644 Content/StarterContent/Props/SM_Chair.uasset
[2018.05.13-16.09.26:476][910]SourceControl:  create mode 100644 Content/StarterContent/Props/SM_CornerFrame.uasset
[2018.05.13-16.09.26:477][910]SourceControl:  create mode 100644 Content/StarterContent/Props/SM_Couch.uasset
[2018.05.13-16.09.26:477][910]SourceControl:  create mode 100644 Content/StarterContent/Props/SM_Door.uasset
[2018.05.13-16.09.26:477][910]SourceControl:  create mode 100644 Content/StarterContent/Props/SM_DoorFrame.uasset
[2018.05.13-16.09.26:477][910]SourceControl:  create mode 100644 Content/StarterContent/Props/SM_GlassWindow.uasset
[2018.05.13-16.09.26:477][910]SourceControl:  create mode 100644 Content/StarterContent/Props/SM_Lamp_Ceiling.uasset
[2018.05.13-16.09.26:477][910]SourceControl:  create mode 100644 Content/StarterContent/Props/SM_Lamp_Wall.uasset
[2018.05.13-16.09.26:478][910]SourceControl:  create mode 100644 Content/StarterContent/Props/SM_MatPreviewMesh_02.uasset
[2018.05.13-16.09.26:478][910]SourceControl:  create mode 100644 Content/StarterContent/Props/SM_PillarFrame.uasset
[2018.05.13-16.09.26:478][910]SourceControl:  create mode 100644 Content/StarterContent/Props/SM_PillarFrame300.uasset
[2018.05.13-16.09.26:478][910]SourceControl:  create mode 100644 Content/StarterContent/Props/SM_Rock.uasset
[2018.05.13-16.09.26:478][910]SourceControl:  create mode 100644 Content/StarterContent/Props/SM_Shelf.uasset
[2018.05.13-16.09.26:478][910]SourceControl:  create mode 100644 Content/StarterContent/Props/SM_Stairs.uasset
[2018.05.13-16.09.26:479][910]SourceControl:  create mode 100644 Content/StarterContent/Props/SM_Statue.uasset
[2018.05.13-16.09.26:479][910]SourceControl:  create mode 100644 Content/StarterContent/Props/SM_TableRound.uasset
[2018.05.13-16.09.26:479][910]SourceControl:  create mode 100644 Content/StarterContent/Props/SM_WindowFrame.uasset
[2018.05.13-16.09.26:479][910]SourceControl:  create mode 100644 Content/StarterContent/Shapes/Shape_Cone.uasset
[2018.05.13-16.09.26:479][910]SourceControl:  create mode 100644 Content/StarterContent/Shapes/Shape_Cube.uasset
[2018.05.13-16.09.26:479][910]SourceControl:  create mode 100644 Content/StarterContent/Shapes/Shape_Cylinder.uasset
[2018.05.13-16.09.26:480][910]SourceControl:  create mode 100644 Content/StarterContent/Shapes/Shape_NarrowCapsule.uasset
[2018.05.13-16.09.26:480][910]SourceControl:  create mode 100644 Content/StarterContent/Shapes/Shape_Pipe.uasset
[2018.05.13-16.09.26:480][910]SourceControl:  create mode 100644 Content/StarterContent/Shapes/Shape_Pipe_180.uasset
[2018.05.13-16.09.26:480][910]SourceControl:  create mode 100644 Content/StarterContent/Shapes/Shape_Pipe_90.uasset
[2018.05.13-16.09.26:480][910]SourceControl:  create mode 100644 Content/StarterContent/Shapes/Shape_Plane.uasset
[2018.05.13-16.09.26:480][910]SourceControl:  create mode 100644 Content/StarterContent/Shapes/Shape_QuadPyramid.uasset
[2018.05.13-16.09.26:481][910]SourceControl:  create mode 100644 Content/StarterContent/Shapes/Shape_Sphere.uasset
[2018.05.13-16.09.26:481][910]SourceControl:  create mode 100644 Content/StarterContent/Shapes/Shape_Torus.uasset
[2018.05.13-16.09.26:481][910]SourceControl:  create mode 100644 Content/StarterContent/Shapes/Shape_TriPyramid.uasset
[2018.05.13-16.09.26:481][910]SourceControl:  create mode 100644 Content/StarterContent/Shapes/Shape_Trim.uasset
[2018.05.13-16.09.26:481][910]SourceControl:  create mode 100644 Content/StarterContent/Shapes/Shape_Trim_90_In.uasset
[2018.05.13-16.09.26:481][910]SourceControl:  create mode 100644 Content/StarterContent/Shapes/Shape_Trim_90_Out.uasset
[2018.05.13-16.09.26:482][910]SourceControl:  create mode 100644 Content/StarterContent/Shapes/Shape_Tube.uasset
[2018.05.13-16.09.26:482][910]SourceControl:  create mode 100644 Content/StarterContent/Shapes/Shape_Wedge_A.uasset
[2018.05.13-16.09.26:482][910]SourceControl:  create mode 100644 Content/StarterContent/Shapes/Shape_Wedge_B.uasset
[2018.05.13-16.09.26:482][910]SourceControl:  create mode 100644 Content/StarterContent/Shapes/Shape_WideCapsule.uasset
[2018.05.13-16.09.26:482][910]SourceControl:  create mode 100644 Content/StarterContent/Textures/T_Brick_Clay_Beveled_D.uasset
[2018.05.13-16.09.26:482][910]SourceControl:  create mode 100644 Content/StarterContent/Textures/T_Brick_Clay_Beveled_M.uasset
[2018.05.13-16.09.26:483][910]SourceControl:  create mode 100644 Content/StarterContent/Textures/T_Brick_Clay_Beveled_N.uasset
[2018.05.13-16.09.26:483][910]SourceControl:  create mode 100644 Content/StarterContent/Textures/T_Brick_Clay_New_D.uasset
[2018.05.13-16.09.26:483][910]SourceControl:  create mode 100644 Content/StarterContent/Textures/T_Brick_Clay_New_M.uasset
[2018.05.13-16.09.26:483][910]SourceControl:  create mode 100644 Content/StarterContent/Textures/T_Brick_Clay_New_N.uasset
[2018.05.13-16.09.26:483][910]SourceControl:  create mode 100644 Content/StarterContent/Textures/T_Brick_Clay_Old_D.uasset
[2018.05.13-16.09.26:483][910]SourceControl:  create mode 100644 Content/StarterContent/Textures/T_Brick_Clay_Old_N.uasset
[2018.05.13-16.09.26:484][910]SourceControl:  create mode 100644 Content/StarterContent/Textures/T_Brick_Cut_Stone_D.uasset
[2018.05.13-16.09.26:484][910]SourceControl:  create mode 100644 Content/StarterContent/Textures/T_Brick_Cut_Stone_N.uasset
[2018.05.13-16.09.26:484][910]SourceControl:  create mode 100644 Content/StarterContent/Textures/T_Brick_Hewn_Stone_D.uasset
[2018.05.13-16.09.26:484][910]SourceControl:  create mode 100644 Content/StarterContent/Textures/T_Brick_Hewn_Stone_M.uasset
[2018.05.13-16.09.26:484][910]SourceControl:  create mode 100644 Content/StarterContent/Textures/T_Brick_Hewn_Stone_N.uasset
[2018.05.13-16.09.26:485][910]SourceControl:  create mode 100644 Content/StarterContent/Textures/T_Burst_M.uasset
[2018.05.13-16.09.26:485][910]SourceControl:  create mode 100644 Content/StarterContent/Textures/T_Bush_D.uasset
[2018.05.13-16.09.26:485][910]SourceControl:  create mode 100644 Content/StarterContent/Textures/T_Bush_N.uasset
[2018.05.13-16.09.26:485][910]SourceControl:  create mode 100644 Content/StarterContent/Textures/T_Ceramic_Tile_M.uasset
[2018.05.13-16.09.26:485][910]SourceControl:  create mode 100644 Content/StarterContent/Textures/T_Ceramic_Tile_N.uasset
[2018.05.13-16.09.26:485][910]SourceControl:  create mode 100644 Content/StarterContent/Textures/T_Chair_M.uasset
[2018.05.13-16.09.26:486][910]SourceControl:  create mode 100644 Content/StarterContent/Textures/T_Chair_N.uasset
[2018.05.13-16.09.26:486][910]SourceControl:  create mode 100644 Content/StarterContent/Textures/T_Checker_Noise_M.uasset
[2018.05.13-16.09.26:486][910]SourceControl:  create mode 100644 Content/StarterContent/Textures/T_CobbleStone_Pebble_D.uasset
[2018.05.13-16.09.26:486][910]SourceControl:  create mode 100644 Content/StarterContent/Textures/T_CobbleStone_Pebble_M.uasset
[2018.05.13-16.09.26:486][910]SourceControl:  create mode 100644 Content/StarterContent/Textures/T_CobbleStone_Pebble_N.uasset
[2018.05.13-16.09.26:486][910]SourceControl:  create mode 100644 Content/StarterContent/Textures/T_CobbleStone_Rough_D.uasset
[2018.05.13-16.09.26:487][910]SourceControl:  create mode 100644 Content/StarterContent/Textures/T_CobbleStone_Rough_N.uasset
[2018.05.13-16.09.26:487][910]SourceControl:  create mode 100644 Content/StarterContent/Textures/T_CobbleStone_Smooth_D.uasset
[2018.05.13-16.09.26:487][910]SourceControl:  create mode 100644 Content/StarterContent/Textures/T_CobbleStone_Smooth_M.uasset
[2018.05.13-16.09.26:487][910]SourceControl:  create mode 100644 Content/StarterContent/Textures/T_CobbleStone_Smooth_N.uasset
[2018.05.13-16.09.26:487][910]SourceControl:  create mode 100644 Content/StarterContent/Textures/T_Concrete_Grime_D.uasset
[2018.05.13-16.09.26:487][910]SourceControl:  create mode 100644 Content/StarterContent/Textures/T_Concrete_Panels_D.uasset
[2018.05.13-16.09.26:488][910]SourceControl:  create mode 100644 Content/StarterContent/Textures/T_Concrete_Panels_N.uasset
[2018.05.13-16.09.26:488][910]SourceControl:  create mode 100644 Content/StarterContent/Textures/T_Concrete_Poured_D.uasset
[2018.05.13-16.09.26:488][910]SourceControl:  create mode 100644 Content/StarterContent/Textures/T_Concrete_Poured_N.uasset
[2018.05.13-16.09.26:488][910]SourceControl:  create mode 100644 Content/StarterContent/Textures/T_Concrete_Tiles_D.uasset
[2018.05.13-16.09.26:488][910]SourceControl:  create mode 100644 Content/StarterContent/Textures/T_Concrete_Tiles_M.uasset
[2018.05.13-16.09.26:488][910]SourceControl:  create mode 100644 Content/StarterContent/Textures/T_Concrete_Tiles_N.uasset
[2018.05.13-16.09.26:489][910]SourceControl:  create mode 100644 Content/StarterContent/Textures/T_Concrete_Tiles_Variation_M.uasset
[2018.05.13-16.09.26:489][910]SourceControl:  create mode 100644 Content/StarterContent/Textures/T_Detail_Rocky_N.uasset
[2018.05.13-16.09.26:489][910]SourceControl:  create mode 100644 Content/StarterContent/Textures/T_Door_M.uasset
[2018.05.13-16.09.26:489][910]SourceControl:  create mode 100644 Content/StarterContent/Textures/T_Door_N.uasset
[2018.05.13-16.09.26:489][910]SourceControl:  create mode 100644 Content/StarterContent/Textures/T_Dust_Particle_D.uasset
[2018.05.13-16.09.26:490][910]SourceControl:  create mode 100644 Content/StarterContent/Textures/T_Explosion_SubUV.uasset
[2018.05.13-16.09.26:490][910]SourceControl:  create mode 100644 Content/StarterContent/Textures/T_Fire_SubUV.uasset
[2018.05.13-16.09.26:490][910]SourceControl:  create mode 100644 Content/StarterContent/Textures/T_Fire_Tiled_D.uasset
[2018.05.13-16.09.26:490][910]SourceControl:  create mode 100644 Content/StarterContent/Textures/T_Frame_M.uasset
[2018.05.13-16.09.26:490][910]SourceControl:  create mode 100644 Content/StarterContent/Textures/T_Frame_N.uasset
[2018.05.13-16.09.26:490][910]SourceControl:  create mode 100644 Content/StarterContent/Textures/T_Gradinet_01.uasset
[2018.05.13-16.09.26:491][910]SourceControl:  create mode 100644 Content/StarterContent/Textures/T_Ground_Grass_D.uasset
[2018.05.13-16.09.26:491][910]SourceControl:  create mode 100644 Content/StarterContent/Textures/T_Ground_Grass_N.uasset
[2018.05.13-16.09.26:491][910]SourceControl:  create mode 100644 Content/StarterContent/Textures/T_Ground_Gravel_D.uasset
[2018.05.13-16.09.26:491][910]SourceControl:  create mode 100644 Content/StarterContent/Textures/T_Ground_Gravel_N.uasset
[2018.05.13-16.09.26:491][910]SourceControl:  create mode 100644 Content/StarterContent/Textures/T_Ground_Moss_N.uasset
[2018.05.13-16.09.26:491][910]SourceControl:  create mode 100644 Content/StarterContent/Textures/T_Lamp_M.uasset
[2018.05.13-16.09.26:492][910]SourceControl:  create mode 100644 Content/StarterContent/Textures/T_Lamp_N.uasset
[2018.05.13-16.09.26:492][910]SourceControl:  create mode 100644 Content/StarterContent/Textures/T_MacroVariation.uasset
[2018.05.13-16.09.26:492][910]SourceControl:  create mode 100644 Content/StarterContent/Textures/T_Metal_Aluminum_D.uasset
[2018.05.13-16.09.26:492][910]SourceControl:  create mode 100644 Content/StarterContent/Textures/T_Metal_Copper_D.uasset
[2018.05.13-16.09.26:492][910]SourceControl:  create mode 100644 Content/StarterContent/Textures/T_Metal_Gold_D.uasset
[2018.05.13-16.09.26:492][910]SourceControl:  create mode 100644 Content/StarterContent/Textures/T_Metal_Gold_N.uasset
[2018.05.13-16.09.26:493][910]SourceControl:  create mode 100644 Content/StarterContent/Textures/T_Metal_Rust_D.uasset
[2018.05.13-16.09.26:493][910]SourceControl:  create mode 100644 Content/StarterContent/Textures/T_Metal_Rust_N.uasset
[2018.05.13-16.09.26:493][910]SourceControl:  create mode 100644 Content/StarterContent/Textures/T_Metal_Steel_D.uasset
[2018.05.13-16.09.26:493][910]SourceControl:  create mode 100644 Content/StarterContent/Textures/T_Metal_Steel_N.uasset
[2018.05.13-16.09.26:493][910]SourceControl:  create mode 100644 Content/StarterContent/Textures/T_Perlin_Noise_M.uasset
[2018.05.13-16.09.26:493][910]SourceControl:  create mode 100644 Content/StarterContent/Textures/T_RockMesh_M.uasset
[2018.05.13-16.09.26:494][910]SourceControl:  create mode 100644 Content/StarterContent/Textures/T_RockMesh_N.uasset
[2018.05.13-16.09.26:494][910]SourceControl:  create mode 100644 Content/StarterContent/Textures/T_Rock_Basalt_D.uasset
[2018.05.13-16.09.26:494][910]SourceControl:  create mode 100644 Content/StarterContent/Textures/T_Rock_Basalt_N.uasset
[2018.05.13-16.09.26:494][910]SourceControl:  create mode 100644 Content/StarterContent/Textures/T_Rock_Marble_Polished_D.uasset
[2018.05.13-16.09.26:494][910]SourceControl:  create mode 100644 Content/StarterContent/Textures/T_Rock_Sandstone_D.uasset
[2018.05.13-16.09.26:494][910]SourceControl:  create mode 100644 Content/StarterContent/Textures/T_Rock_Sandstone_N.uasset
[2018.05.13-16.09.26:495][910]SourceControl:  create mode 100644 Content/StarterContent/Textures/T_Rock_Slate_D.uasset
[2018.05.13-16.09.26:495][910]SourceControl:  create mode 100644 Content/StarterContent/Textures/T_Rock_Slate_N.uasset
[2018.05.13-16.09.26:495][910]SourceControl:  create mode 100644 Content/StarterContent/Textures/T_Rock_Smooth_Granite_D.uasset
[2018.05.13-16.09.26:495][910]SourceControl:  create mode 100644 Content/StarterContent/Textures/T_Shelf_M.uasset
[2018.05.13-16.09.26:495][910]SourceControl:  create mode 100644 Content/StarterContent/Textures/T_Shelf_N.uasset
[2018.05.13-16.09.26:495][910]SourceControl:  create mode 100644 Content/StarterContent/Textures/T_Single_Tile_N.uasset
[2018.05.13-16.09.26:496][910]SourceControl:  create mode 100644 Content/StarterContent/Textures/T_Smoke_SubUV.uasset
[2018.05.13-16.09.26:496][910]SourceControl:  create mode 100644 Content/StarterContent/Textures/T_Smoke_Tiled_D.uasset
[2018.05.13-16.09.26:496][910]SourceControl:  create mode 100644 Content/StarterContent/Textures/T_Spark_Core.uasset
[2018.05.13-16.09.26:496][910]SourceControl:  create mode 100644 Content/StarterContent/Textures/T_Statue_M.uasset
[2018.05.13-16.09.26:496][910]SourceControl:  create mode 100644 Content/StarterContent/Textures/T_Statue_N.uasset
[2018.05.13-16.09.26:497][910]SourceControl:  create mode 100644 Content/StarterContent/Textures/T_TableRound_M.uasset
[2018.05.13-16.09.26:497][910]SourceControl:  create mode 100644 Content/StarterContent/Textures/T_TableRound_N.uasset
[2018.05.13-16.09.26:497][910]SourceControl:  create mode 100644 Content/StarterContent/Textures/T_Tech_Dot_M.uasset
[2018.05.13-16.09.26:497][910]SourceControl:  create mode 100644 Content/StarterContent/Textures/T_Tech_Dot_N.uasset
[2018.05.13-16.09.26:497][910]SourceControl:  create mode 100644 Content/StarterContent/Textures/T_Tech_Hex_Tile_M.uasset
[2018.05.13-16.09.26:497][910]SourceControl:  create mode 100644 Content/StarterContent/Textures/T_Tech_Hex_Tile_N.uasset
[2018.05.13-16.09.26:498][910]SourceControl:  create mode 100644 Content/StarterContent/Textures/T_Tech_Panel_M.uasset
[2018.05.13-16.09.26:498][910]SourceControl:  create mode 100644 Content/StarterContent/Textures/T_Tech_Panel_N.uasset
[2018.05.13-16.09.26:498][910]SourceControl:  create mode 100644 Content/StarterContent/Textures/T_Water_M.uasset
[2018.05.13-16.09.26:498][910]SourceControl:  create mode 100644 Content/StarterContent/Textures/T_Water_N.uasset
[2018.05.13-16.09.26:498][910]SourceControl:  create mode 100644 Content/StarterContent/Textures/T_Wood_Floor_Walnut_D.uasset
[2018.05.13-16.09.26:498][910]SourceControl:  create mode 100644 Content/StarterContent/Textures/T_Wood_Floor_Walnut_M.uasset
[2018.05.13-16.09.26:499][910]SourceControl:  create mode 100644 Content/StarterContent/Textures/T_Wood_Floor_Walnut_N.uasset
[2018.05.13-16.09.26:499][910]SourceControl:  create mode 100644 Content/StarterContent/Textures/T_Wood_Oak_D.uasset
[2018.05.13-16.09.26:499][910]SourceControl:  create mode 100644 Content/StarterContent/Textures/T_Wood_Oak_N.uasset
[2018.05.13-16.09.26:499][910]SourceControl:  create mode 100644 Content/StarterContent/Textures/T_Wood_Pine_D.uasset
[2018.05.13-16.09.26:499][910]SourceControl:  create mode 100644 Content/StarterContent/Textures/T_Wood_Pine_N.uasset
[2018.05.13-16.09.26:500][910]SourceControl:  create mode 100644 Content/StarterContent/Textures/T_Wood_Walnut_D.uasset
[2018.05.13-16.09.26:500][910]SourceControl:  create mode 100644 Content/StarterContent/Textures/T_Wood_Walnut_N.uasset
[2018.05.13-16.09.26:500][910]SourceControl:  create mode 100644 Content/StarterContent/Textures/T_ground_Moss_D.uasset
[2018.05.13-16.09.26:500][910]SourceControl:  create mode 100644 Content/UI_Blueprints/SimulationUI.uasset
[2018.05.13-16.09.26:500][910]SourceControl:  create mode 100644 ProjectExposure.uproject
[2018.05.13-16.09.26:500][910]SourceControl:  create mode 100644 Source/ProjectExposure.Target.cs
[2018.05.13-16.09.26:500][910]SourceControl:  create mode 100644 Source/ProjectExposure/MainGameMode.cpp
[2018.05.13-16.09.26:501][910]SourceControl:  create mode 100644 Source/ProjectExposure/MainGameMode.h
[2018.05.13-16.09.26:501][910]SourceControl:  create mode 100644 Source/ProjectExposure/MainPlayerController.cpp
[2018.05.13-16.09.26:501][910]SourceControl:  create mode 100644 Source/ProjectExposure/MainPlayerController.h
[2018.05.13-16.09.26:501][910]SourceControl:  create mode 100644 Source/ProjectExposure/PlaceableUnit.cpp
[2018.05.13-16.09.26:501][910]SourceControl:  create mode 100644 Source/ProjectExposure/PlaceableUnit.h
[2018.05.13-16.09.26:501][910]SourceControl:  create mode 100644 Source/ProjectExposure/ProjectExposure.Build.cs
[2018.05.13-16.09.26:502][910]SourceControl:  create mode 100644 Source/ProjectExposure/ProjectExposure.cpp
[2018.05.13-16.09.26:502][910]SourceControl:  create mode 100644 Source/ProjectExposure/ProjectExposure.h
[2018.05.13-16.09.26:502][910]SourceControl:  create mode 100644 Source/ProjectExposure/SimulationGameController.cpp
[2018.05.13-16.09.26:502][910]SourceControl:  create mode 100644 Source/ProjectExposure/SimulationGameController.h
[2018.05.13-16.09.26:502][910]SourceControl:  create mode 100644 Source/ProjectExposureEditor.Target.cs
[2018.05.13-16.09.32:306][258]LogSlate: Window 'Source Control Login' being destroyed
[2018.05.13-16.09.43:344][914]LogSlate: Took 0.002321 seconds to synchronously load lazily loaded font '../../../Engine/Content/Slate/Fonts/Roboto-Italic.ttf' (157K)
[2018.05.13-16.09.45:786][ 46]Cmd: OBJ SAVEPACKAGE PACKAGE="/Game/Levels/Game" FILE="D:/Game_Development/Git/ProjectExposure/Content/Levels/Game.umap" SILENT=true AUTOSAVING=false KEEPDIRTY=false
[2018.05.13-16.09.45:825][ 46]LogUObjectGlobals: Destroyed PersistentFrame Addr=0x0000024444fe4760, Size=16
[2018.05.13-16.09.45:826][ 46]LogUObjectGlobals: Created PersistentFrame Addr=0x00000244366889d0, Size=16, Default__Game_C Function /Engine/Transient.REINST_Game_C_16:ExecuteUbergraph_Game
[2018.05.13-16.09.45:827][ 46]LogUObjectGlobals: Created PersistentFrame Addr=0x000002443668be80, Size=16, Default__Game_C Function /Game/Levels/Game.Game_C:ExecuteUbergraph_Game
[2018.05.13-16.09.45:980][ 46]LogSavePackage: Save=175.60ms
[2018.05.13-16.09.45:980][ 46]LogSavePackage: Moving 'D:/Game_Development/Git/ProjectExposure/Saved/Game2765A1E64B6932934271E5B8A3DB1640.tmp' to 'D:/Game_Development/Git/ProjectExposure/Content/Levels/Game.umap'
[2018.05.13-16.09.45:983][ 46]LogSavePackage: Display: Finished SavePackage D:/Game_Development/Git/ProjectExposure/Content/Levels/Game.umap
[2018.05.13-16.09.54:382][543]LogSlate: Window 'Source Control Login' being destroyed
[2018.05.13-16.09.56:650][679]LogEditorViewport: Clicking on Actor (LMB): BP_Sky_Sphere_C (BP_Sky_Sphere)
[2018.05.13-16.09.57:183][708]LogSlate: FSceneViewport::OnFocusLost() reason 0
[2018.05.13-16.10.01:513][949]LogSlate: Window 'Substance Plugin - Entitlement Check' being destroyed
[2018.05.13-16.10.01:524][949]LogSubstanceSource: Loading Substance Source Database
[2018.05.13-16.10.01:551][949]LogSlate: Took 0.000851 seconds to synchronously load lazily loaded font '../../../Engine/Plugins/Marketplace/Substance/Content/SourceFont/Gotham Book Regular.otf' (29K)
[2018.05.13-16.10.04:725][139]LogUObjectGlobals: Destroyed PersistentFrame Addr=0x00000244366889d0, Size=16
[2018.05.13-16.10.04:725][139]LogSlate: Window 'Substance Source' being destroyed
[2018.05.13-16.10.04:743][139]LogSlate: Window 'Substance Source' being destroyed
[2018.05.13-16.10.07:981][275]LogSlate: Only BGRA pngs, bmps or icos are supported in by External Image Picker
[2018.05.13-16.10.08:113][276]LogTemp: Executing iPhonePackager certificates Engine -bundlename com.YourCompany.ProjectExposure
[2018.05.13-16.10.08:113][276]LogTemp: CWD: C:\Program Files\Epic Games\UE_4.19\Engine\Binaries\DotNET\IOS
[2018.05.13-16.10.08:113][276]LogTemp: Initial Dir: C:\Program Files\Epic Games\UE_4.19
[2018.05.13-16.10.08:114][276]LogTemp: Env CWD: C:\Program Files\Epic Games\UE_4.19\Engine\Binaries\DotNET\IOS
[2018.05.13-16.10.08:114][276]LogTemp: BranchPath = LAPTOP-5P6GUPO7/C/Program Files/Epic Games/UE_4.19/Engine/Binaries --- GameBranchPath = LAPTOP-5P6GUPO7/C/Program Files/Epic Games/UE_4.19/Engine/Binaries
[2018.05.13-16.10.08:114][276]LogTemp: IPP ERROR: Could not find provision directory 'C:\Users\Trym\AppData\Local/Apple Computer/MobileDevice/Provisioning Profiles/'.
[2018.05.13-16.10.35:782][907]LogSlate: Window 'Project Settings' being destroyed
[2018.05.13-16.10.35:785][907]LogSlate: Window 'Project Settings' being destroyed
[2018.05.13-16.10.43:339][339]LogSlate: Window 'Source Control Login' being destroyed
[2018.05.13-16.11.55:634][476]SourceControl: fatal: /Script: '/Script' is outside repository
[2018.05.13-16.11.57:077][562]LogSlate: Window 'Editor Preferences' being destroyed
[2018.05.13-16.11.57:082][562]LogSlate: Window 'Editor Preferences' being destroyed
[2018.05.13-16.11.57:671][575]Cmd: OBJ SAVEPACKAGE PACKAGE="/Game/Levels/Game" FILE="D:/Game_Development/Git/ProjectExposure/Content/Levels/Game.umap" SILENT=true AUTOSAVING=false KEEPDIRTY=false
[2018.05.13-16.11.57:690][575]LogUObjectGlobals: Destroyed PersistentFrame Addr=0x000002443668be80, Size=16
[2018.05.13-16.11.57:690][575]LogUObjectGlobals: Created PersistentFrame Addr=0x000002449e8105b0, Size=16, Default__Game_C Function /Engine/Transient.REINST_Game_C_20:ExecuteUbergraph_Game
[2018.05.13-16.11.57:692][575]LogUObjectGlobals: Created PersistentFrame Addr=0x000002449e811f70, Size=16, Default__Game_C Function /Game/Levels/Game.Game_C:ExecuteUbergraph_Game
[2018.05.13-16.11.57:817][575]LogSavePackage: Save=131.02ms
[2018.05.13-16.11.57:817][575]LogSavePackage: Moving 'D:/Game_Development/Git/ProjectExposure/Saved/GameDE5F44B84769D3F4B561B8A5082CD8EC.tmp' to 'D:/Game_Development/Git/ProjectExposure/Content/Levels/Game.umap'
[2018.05.13-16.11.57:820][575]LogSavePackage: Display: Finished SavePackage D:/Game_Development/Git/ProjectExposure/Content/Levels/Game.umap
[2018.05.13-16.12.02:437][844]SourceControl: fatal: C:/Program Files/Epic Games/UE_4.19/Engine/Content: 'C:/Program Files/Epic Games/UE_4.19/Engine/Content' is outside repository
[2018.05.13-16.12.15:036][844]LogSlate: Window 'Submit Files' being destroyed
[2018.05.13-16.12.15:924][844]LogSourceControl: commit successful: [master daa0d2b] TEST
[2018.05.13-16.12.16:046][844]SourceControl: [master daa0d2b] TEST
[2018.05.13-16.12.16:046][844]SourceControl:  1 file changed, 0 insertions(+), 0 deletions(-)
[2018.05.13-16.12.16:053][844]SourceControl: Commited [master daa0d2b] TEST.
[2018.05.13-16.12.29:374][631]LogSlate: Window 'Message Log' being destroyed
[2018.05.13-16.12.29:381][631]LogSlate: Window 'Message Log' being destroyed
[2018.05.13-16.14.20:487][973]LogSlate: Window 'Source Control Login' being destroyed
[2018.05.13-16.15.55:455][359]LogContentBrowser: Verbose: The majority of assets in the view are of type: None
[2018.05.13-16.15.56:673][432]LogContentBrowser: Verbose: The majority of assets in the view are of type: World
[2018.05.13-16.15.57:473][480]LogContentBrowser: Verbose: The majority of assets in the view are of type: None
[2018.05.13-16.15.57:925][507]LogContentBrowser: Verbose: The majority of assets in the view are of type: Blueprint
[2018.05.13-16.21.53:681][894]SourceControl: Source control is disabled
[2018.05.13-16.21.53:682][894]LogSlate: Window 'Source Control Login' being destroyed
[2018.05.13-16.22.07:837][469]LogSourceControl: Error: P4ERROR: Invalid connection to server.
[2018.05.13-16.22.07:837][469]LogSourceControl: Error: Connect to server failed; check $P4PORT.
TCP connect to perforce:1666 failed.
Kjenner ingen slik vert. 

[2018.05.13-16.22.15:822][948]LogSourceControl: Error: P4ERROR: Invalid connection to server.
[2018.05.13-16.22.15:822][948]LogSourceControl: Error: Connect to server failed; check $P4PORT.
TCP connect to perforce:1666 failed.
Kjenner ingen slik vert. 

[2018.05.13-16.35.36:550][622]SourceControl: Source control is disabled
[2018.05.13-16.35.36:551][622]LogSlate: Window 'Source Control Login' being destroyed
[2018.05.13-16.36.53:385][490]SourceControl: Source control is disabled
[2018.05.13-16.36.53:386][490]LogSlate: Window 'Source Control Login' being destroyed
[2018.05.13-16.46.42:819][787]LogSourceControl: Warning: 'D:/Game_Development/Git/ProjectExposure/' is not part of a Git repository
[2018.05.13-16.50.08:399][419]SourceControl: Source control is disabled
[2018.05.13-16.50.08:400][419]LogSlate: Window 'Source Control Login' being destroyed
[2018.05.13-16.52.15:868][ 28]LogSourceControl: Warning: 'D:/Game_Development/Git/ProjectExposure/' is not part of a Git repository
[2018.05.13-16.52.31:756][960]SourceControl: Source control is disabled
[2018.05.13-16.52.31:757][960]LogSlate: Window 'Source Control Login' being destroyed
[2018.05.13-16.54.14:417][487]LogSourceControl: Warning: 'D:/Game_Development/Git/ProjectExposure/' is not part of a Git repository
[2018.05.13-17.00.17:022][277]SourceControl: Source control is disabled
[2018.05.13-17.00.17:023][277]LogSlate: Window 'Source Control Login' being destroyed
