Log file open, 05/13/18 05:26:14
LogWindows: Failed to load 'aqProf.dll' (GetLastError=126)
LogWindows: File 'aqProf.dll' does not exist
LogWindows: Failed to load 'VtuneApi.dll' (GetLastError=126)
LogWindows: File 'VtuneApi.dll' does not exist
LogWindows: Failed to load 'VtuneApi32e.dll' (GetLastError=126)
LogWindows: File 'VtuneApi32e.dll' does not exist
LogInit: Display: Running engine for game: ProjectExposure
LogPlatformFile: Not using cached read wrapper
LogInit: Display: RandInit(-244435315) SRandInit(-244435315).
LogInit: Read version file with build ID '3944462'
LogInit: Overriding engine version to CL 4033788, compatible CL 3944462
LogInit: Registered custom module enumerator with build ID '3944462'
LogTaskGraph: Started task graph with 5 named threads and 23 total threads with 3 sets of task threads.
LogStats: Stats thread started at 0.304200
LogD3D11RHI: Aftermath initialized
LogICUInternationalization: Display: ICU TimeZone Detection - Raw Offset: +1:00, Platform Override: ''
LogPluginManager: Mounting plugin Paper2D
LogPluginManager: Mounting plugin LiveLink
LogPluginManager: Mounting plugin LightPropagationVolume
LogPluginManager: Mounting plugin CLionSourceCodeAccess
LogPluginManager: Mounting plugin CodeLiteSourceCodeAccess
LogPluginManager: Mounting plugin GitSourceControl
LogPluginManager: Mounting plugin KDevelopSourceCodeAccess
LogPluginManager: Mounting plugin NullSourceCodeAccess
LogPluginManager: Mounting plugin PerforceSourceControl
LogPluginManager: Mounting plugin SubversionSourceControl
LogPluginManager: Mounting plugin UObjectPlugin
LogPluginManager: Mounting plugin VisualStudioCodeSourceCodeAccess
LogPluginManager: Mounting plugin VisualStudioSourceCodeAccess
LogPluginManager: Mounting plugin XCodeSourceCodeAccess
LogPluginManager: Mounting plugin AssetManagerEditor
LogPluginManager: Mounting plugin CryptoKeys
LogPluginManager: Mounting plugin DataValidation
LogPluginManager: Mounting plugin FacialAnimation
LogPluginManager: Mounting plugin GameplayTagsEditor
LogPluginManager: Mounting plugin MobileLauncherProfileWizard
LogPluginManager: Mounting plugin PluginBrowser
LogPluginManager: Mounting plugin SpeedTreeImporter
LogPluginManager: Mounting plugin DatasmithContent
LogPluginManager: Mounting plugin AlembicImporter
LogPluginManager: Mounting plugin CharacterAI
LogPluginManager: Mounting plugin HTML5Networking
LogPluginManager: Mounting plugin AndroidMedia
LogPluginManager: Mounting plugin AvfMedia
LogPluginManager: Mounting plugin ImgMedia
LogPluginManager: Mounting plugin LinearTimecode
LogPluginManager: Mounting plugin MediaCompositing
LogPluginManager: Mounting plugin MediaPlayerEditor
LogPluginManager: Mounting plugin WmfMedia
LogPluginManager: Mounting plugin TcpMessaging
LogPluginManager: Mounting plugin UdpMessaging
LogPluginManager: Mounting plugin ActorSequence
LogPluginManager: Mounting plugin LevelSequenceEditor
LogPluginManager: Mounting plugin MatineeToLevelSequence
LogPluginManager: Mounting plugin NetcodeUnitTest
LogPluginManager: Mounting plugin NUTUnrealEngine4
LogPluginManager: Mounting plugin OnlineSubsystemGooglePlay
LogPluginManager: Mounting plugin OnlineSubsystemIOS
LogPluginManager: Mounting plugin OnlineSubsystem
LogPluginManager: Mounting plugin OnlineSubsystemNull
LogPluginManager: Mounting plugin OnlineSubsystemUtils
LogPluginManager: Mounting plugin AndroidDeviceProfileSelector
LogPluginManager: Mounting plugin AndroidMoviePlayer
LogPluginManager: Mounting plugin AndroidPermission
LogPluginManager: Mounting plugin AppleARKit
LogPluginManager: Mounting plugin AppleMoviePlayer
LogPluginManager: Mounting plugin ArchVisCharacter
LogPluginManager: Mounting plugin AudioCapture
LogPluginManager: Mounting plugin CableComponent
LogPluginManager: Mounting plugin CustomMeshComponent
LogPluginManager: Mounting plugin ExampleDeviceProfileSelector
LogPluginManager: Mounting plugin GoogleCloudMessaging
LogPluginManager: Mounting plugin ImmediatePhysics
LogPluginManager: Mounting plugin IOSDeviceProfileSelector
LogPluginManager: Mounting plugin LinuxDeviceProfileSelector
LogPluginManager: Mounting plugin LocationServicesBPLibrary
LogPluginManager: Mounting plugin MobilePatchingUtils
LogPluginManager: Mounting plugin OculusVR
LogPluginManager: Plugin shader directory ../../../Engine/Plugins/Runtime/Oculus/OculusVR/Shaders found
LogPluginManager: Mapping shader source directory ../../../Engine/Plugins/Runtime/Oculus/OculusVR/Shaders to virtual directory /Plugin/OculusVR
LogPluginManager: Mounting plugin PhysXVehicles
LogPluginManager: Mounting plugin ProceduralMeshComponent
LogPluginManager: Mounting plugin RuntimePhysXCooking
LogPluginManager: Mounting plugin SteamVR
LogPluginManager: Mounting plugin WindowsMoviePlayer
LogStreaming: Display: Took  0.264s to configure plugins.
LogModuleManager: Display: Found up-to-date module file D:/Game_Development/Git/ProjectExposure/Binaries/Win64/UE4Editor-ProjectExposure-2074.dll (API version 3944462).
LogModuleManager: Display: Found up-to-date module file ../../../Engine/Plugins/2D/Paper2D/Binaries/Win64/UE4Editor-Paper2D.dll (API version 3944462).
LogModuleManager: Display: Found up-to-date module file ../../../Engine/Plugins/2D/Paper2D/Binaries/Win64/UE4Editor-Paper2DEditor.dll (API version 3944462).
LogModuleManager: Display: Found up-to-date module file ../../../Engine/Plugins/2D/Paper2D/Binaries/Win64/UE4Editor-PaperSpriteSheetImporter.dll (API version 3944462).
LogModuleManager: Display: Found up-to-date module file ../../../Engine/Plugins/2D/Paper2D/Binaries/Win64/UE4Editor-PaperTiledImporter.dll (API version 3944462).
LogModuleManager: Display: Found up-to-date module file ../../../Engine/Plugins/2D/Paper2D/Binaries/Win64/UE4Editor-SmartSnapping.dll (API version 3944462).
LogModuleManager: Display: Found up-to-date module file ../../../Engine/Plugins/Animation/LiveLink/Binaries/Win64/UE4Editor-LiveLink.dll (API version 3944462).
LogModuleManager: Display: Found up-to-date module file ../../../Engine/Plugins/Animation/LiveLink/Binaries/Win64/UE4Editor-LiveLinkEditor.dll (API version 3944462).
LogModuleManager: Display: Found up-to-date module file ../../../Engine/Plugins/Blendables/LightPropagationVolume/Binaries/Win64/UE4Editor-LightPropagationVolumeRuntime.dll (API version 3944462).
LogModuleManager: Display: Found up-to-date module file ../../../Engine/Plugins/Blendables/LightPropagationVolume/Binaries/Win64/UE4Editor-LightPropagationVolumeEditor.dll (API version 3944462).
LogModuleManager: Display: Found up-to-date module file ../../../Engine/Plugins/Developer/CLionSourceCodeAccess/Binaries/Win64/UE4Editor-CLionSourceCodeAccess.dll (API version 3944462).
LogModuleManager: Display: Found up-to-date module file ../../../Engine/Plugins/Developer/GitSourceControl/Binaries/Win64/UE4Editor-GitSourceControl.dll (API version 3944462).
LogModuleManager: Display: Found up-to-date module file ../../../Engine/Plugins/Developer/PerforceSourceControl/Binaries/Win64/UE4Editor-PerforceSourceControl.dll (API version 3944462).
LogModuleManager: Display: Found up-to-date module file ../../../Engine/Plugins/Developer/SubversionSourceControl/Binaries/Win64/UE4Editor-SubversionSourceControl.dll (API version 3944462).
LogModuleManager: Display: Found up-to-date module file ../../../Engine/Plugins/Developer/UObjectPlugin/Binaries/Win64/UE4Editor-UObjectPlugin.dll (API version 3944462).
LogModuleManager: Display: Found up-to-date module file ../../../Engine/Plugins/Developer/VisualStudioCodeSourceCodeAccess/Binaries/Win64/UE4Editor-VisualStudioCodeSourceCodeAccess.dll (API version 3944462).
LogModuleManager: Display: Found up-to-date module file ../../../Engine/Plugins/Developer/VisualStudioSourceCodeAccess/Binaries/Win64/UE4Editor-VisualStudioSourceCodeAccess.dll (API version 3944462).
LogModuleManager: Display: Found up-to-date module file ../../../Engine/Plugins/Editor/AssetManagerEditor/Binaries/Win64/UE4Editor-AssetManagerEditor.dll (API version 3944462).
LogModuleManager: Display: Found up-to-date module file ../../../Engine/Plugins/Editor/CryptoKeys/Binaries/Win64/UE4Editor-CryptoKeys.dll (API version 3944462).
LogModuleManager: Display: Found up-to-date module file ../../../Engine/Plugins/Editor/CryptoKeys/Binaries/Win64/UE4Editor-CryptoKeysOpenSSL.dll (API version 3944462).
LogModuleManager: Display: Found up-to-date module file ../../../Engine/Plugins/Editor/DataValidation/Binaries/Win64/UE4Editor-DataValidation.dll (API version 3944462).
LogModuleManager: Display: Found up-to-date module file ../../../Engine/Plugins/Editor/FacialAnimation/Binaries/Win64/UE4Editor-FacialAnimation.dll (API version 3944462).
LogModuleManager: Display: Found up-to-date module file ../../../Engine/Plugins/Editor/FacialAnimation/Binaries/Win64/UE4Editor-FacialAnimationEditor.dll (API version 3944462).
LogModuleManager: Display: Found up-to-date module file ../../../Engine/Plugins/Editor/GameplayTagsEditor/Binaries/Win64/UE4Editor-GameplayTagsEditor.dll (API version 3944462).
LogModuleManager: Display: Found up-to-date module file ../../../Engine/Plugins/Editor/MobileLauncherProfileWizard/Binaries/Win64/UE4Editor-MobileLauncherProfileWizard.dll (API version 3944462).
LogModuleManager: Display: Found up-to-date module file ../../../Engine/Plugins/Editor/PluginBrowser/Binaries/Win64/UE4Editor-PluginBrowser.dll (API version 3944462).
LogModuleManager: Display: Found up-to-date module file ../../../Engine/Plugins/Editor/SpeedTreeImporter/Binaries/Win64/UE4Editor-SpeedTreeImporter.dll (API version 3944462).
LogModuleManager: Display: Found up-to-date module file ../../../Engine/Plugins/Enterprise/DatasmithContent/Binaries/Win64/UE4Editor-DatasmithContent.dll (API version 3944462).
LogModuleManager: Display: Found up-to-date module file ../../../Engine/Plugins/Experimental/AlembicImporter/Binaries/Win64/UE4Editor-AlembicImporter.dll (API version 3944462).
LogModuleManager: Display: Found up-to-date module file ../../../Engine/Plugins/Experimental/AlembicImporter/Binaries/Win64/UE4Editor-AlembicLibrary.dll (API version 3944462).
LogModuleManager: Display: Found up-to-date module file ../../../Engine/Plugins/Experimental/CharacterAI/Binaries/Win64/UE4Editor-CharacterAI.dll (API version 3944462).
LogModuleManager: Display: Found up-to-date module file ../../../Engine/Plugins/Experimental/HTML5Networking/Binaries/Win64/UE4Editor-HTML5Networking.dll (API version 3944462).
LogModuleManager: Display: Found up-to-date module file ../../../Engine/Plugins/Media/AndroidMedia/Binaries/Win64/UE4Editor-AndroidMediaEditor.dll (API version 3944462).
LogModuleManager: Display: Found up-to-date module file ../../../Engine/Plugins/Media/AndroidMedia/Binaries/Win64/UE4Editor-AndroidMediaFactory.dll (API version 3944462).
LogModuleManager: Display: Found up-to-date module file ../../../Engine/Plugins/Media/AvfMedia/Binaries/Win64/UE4Editor-AvfMediaEditor.dll (API version 3944462).
LogModuleManager: Display: Found up-to-date module file ../../../Engine/Plugins/Media/AvfMedia/Binaries/Win64/UE4Editor-AvfMediaFactory.dll (API version 3944462).
LogModuleManager: Display: Found up-to-date module file ../../../Engine/Plugins/Media/AvfMedia/Binaries/Win64/UE4Editor-AvfMediaFactory.dll (API version 3944462).
LogModuleManager: Display: Found up-to-date module file ../../../Engine/Plugins/Media/ImgMedia/Binaries/Win64/UE4Editor-ImgMedia.dll (API version 3944462).
LogModuleManager: Display: Found up-to-date module file ../../../Engine/Plugins/Media/ImgMedia/Binaries/Win64/UE4Editor-ImgMediaEditor.dll (API version 3944462).
LogModuleManager: Display: Found up-to-date module file ../../../Engine/Plugins/Media/ImgMedia/Binaries/Win64/UE4Editor-ImgMediaFactory.dll (API version 3944462).
LogModuleManager: Display: Found up-to-date module file ../../../Engine/Plugins/Media/ImgMedia/Binaries/Win64/UE4Editor-ImgMediaFactory.dll (API version 3944462).
LogModuleManager: Display: Found up-to-date module file ../../../Engine/Plugins/Media/ImgMedia/Binaries/Win64/UE4Editor-OpenExrWrapper.dll (API version 3944462).
LogModuleManager: Display: Found up-to-date module file ../../../Engine/Plugins/Media/LinearTimecode/Binaries/Win64/UE4Editor-LinearTimecode.dll (API version 3944462).
LogModuleManager: Display: Found up-to-date module file ../../../Engine/Plugins/Media/MediaCompositing/Binaries/Win64/UE4Editor-MediaCompositing.dll (API version 3944462).
LogModuleManager: Display: Found up-to-date module file ../../../Engine/Plugins/Media/MediaCompositing/Binaries/Win64/UE4Editor-MediaCompositingEditor.dll (API version 3944462).
LogModuleManager: Display: Found up-to-date module file ../../../Engine/Plugins/Media/MediaPlayerEditor/Binaries/Win64/UE4Editor-MediaPlayerEditor.dll (API version 3944462).
LogModuleManager: Display: Found up-to-date module file ../../../Engine/Plugins/Media/WmfMedia/Binaries/Win64/UE4Editor-WmfMedia.dll (API version 3944462).
LogModuleManager: Display: Found up-to-date module file ../../../Engine/Plugins/Media/WmfMedia/Binaries/Win64/UE4Editor-WmfMediaEditor.dll (API version 3944462).
LogModuleManager: Display: Found up-to-date module file ../../../Engine/Plugins/Media/WmfMedia/Binaries/Win64/UE4Editor-WmfMediaFactory.dll (API version 3944462).
LogModuleManager: Display: Found up-to-date module file ../../../Engine/Plugins/Media/WmfMedia/Binaries/Win64/UE4Editor-WmfMediaFactory.dll (API version 3944462).
LogModuleManager: Display: Found up-to-date module file ../../../Engine/Plugins/Messaging/TcpMessaging/Binaries/Win64/UE4Editor-TcpMessaging.dll (API version 3944462).
LogModuleManager: Display: Found up-to-date module file ../../../Engine/Plugins/Messaging/UdpMessaging/Binaries/Win64/UE4Editor-UdpMessaging.dll (API version 3944462).
LogModuleManager: Display: Found up-to-date module file ../../../Engine/Plugins/MovieScene/ActorSequence/Binaries/Win64/UE4Editor-ActorSequence.dll (API version 3944462).
LogModuleManager: Display: Found up-to-date module file ../../../Engine/Plugins/MovieScene/LevelSequenceEditor/Binaries/Win64/UE4Editor-LevelSequenceEditor.dll (API version 3944462).
LogModuleManager: Display: Found up-to-date module file ../../../Engine/Plugins/MovieScene/MatineeToLevelSequence/Binaries/Win64/UE4Editor-MatineeToLevelSequence.dll (API version 3944462).
LogModuleManager: Display: Found up-to-date module file ../../../Engine/Plugins/NetcodeUnitTest/NetcodeUnitTest/Binaries/Win64/UE4Editor-NetcodeUnitTest.dll (API version 3944462).
LogModuleManager: Display: Found up-to-date module file ../../../Engine/Plugins/NetcodeUnitTest/NUTUnrealEngine4/Binaries/Win64/UE4Editor-NUTUnrealEngine4.dll (API version 3944462).
LogModuleManager: Display: Found up-to-date module file ../../../Engine/Plugins/Online/OnlineSubsystem/Binaries/Win64/UE4Editor-OnlineSubsystem.dll (API version 3944462).
LogModuleManager: Display: Found up-to-date module file ../../../Engine/Plugins/Online/OnlineSubsystemNull/Binaries/Win64/UE4Editor-OnlineSubsystemNull.dll (API version 3944462).
LogModuleManager: Display: Found up-to-date module file ../../../Engine/Plugins/Online/OnlineSubsystemUtils/Binaries/Win64/UE4Editor-OnlineSubsystemUtils.dll (API version 3944462).
LogModuleManager: Display: Found up-to-date module file ../../../Engine/Plugins/Online/OnlineSubsystemUtils/Binaries/Win64/UE4Editor-OnlineBlueprintSupport.dll (API version 3944462).
LogModuleManager: Display: Found up-to-date module file ../../../Engine/Plugins/Runtime/AndroidDeviceProfileSelector/Binaries/Win64/UE4Editor-AndroidDeviceProfileSelector.dll (API version 3944462).
LogModuleManager: Display: Found up-to-date module file ../../../Engine/Plugins/Runtime/AndroidPermission/Binaries/Win64/UE4Editor-AndroidPermission.dll (API version 3944462).
LogModuleManager: Display: Found up-to-date module file ../../../Engine/Plugins/Runtime/AppleARKit/Binaries/Win64/UE4Editor-AppleARKit.dll (API version 3944462).
LogModuleManager: Display: Found up-to-date module file ../../../Engine/Plugins/Runtime/ArchVisCharacter/Binaries/Win64/UE4Editor-ArchVisCharacter.dll (API version 3944462).
LogModuleManager: Display: Found up-to-date module file ../../../Engine/Plugins/Runtime/AudioCapture/Binaries/Win64/UE4Editor-AudioCapture.dll (API version 3944462).
LogModuleManager: Display: Found up-to-date module file ../../../Engine/Plugins/Runtime/AudioCapture/Binaries/Win64/UE4Editor-AudioCaptureEditor.dll (API version 3944462).
LogModuleManager: Display: Found up-to-date module file ../../../Engine/Plugins/Runtime/CableComponent/Binaries/Win64/UE4Editor-CableComponent.dll (API version 3944462).
LogModuleManager: Display: Found up-to-date module file ../../../Engine/Plugins/Runtime/CustomMeshComponent/Binaries/Win64/UE4Editor-CustomMeshComponent.dll (API version 3944462).
LogModuleManager: Display: Found up-to-date module file ../../../Engine/Plugins/Runtime/ExampleDeviceProfileSelector/Binaries/Win64/UE4Editor-ExampleDeviceProfileSelector.dll (API version 3944462).
LogModuleManager: Display: Found up-to-date module file ../../../Engine/Plugins/Runtime/ImmediatePhysics/Binaries/Win64/UE4Editor-ImmediatePhysics.dll (API version 3944462).
LogModuleManager: Display: Found up-to-date module file ../../../Engine/Plugins/Runtime/ImmediatePhysics/Binaries/Win64/UE4Editor-ImmediatePhysicsEditor.dll (API version 3944462).
LogModuleManager: Display: Found up-to-date module file ../../../Engine/Plugins/Runtime/LocationServicesBPLibrary/Binaries/Win64/UE4Editor-LocationServicesBPLibrary.dll (API version 3944462).
LogModuleManager: Display: Found up-to-date module file ../../../Engine/Plugins/Runtime/MobilePatchingUtils/Binaries/Win64/UE4Editor-MobilePatchingUtils.dll (API version 3944462).
LogModuleManager: Display: Found up-to-date module file ../../../Engine/Plugins/Runtime/Oculus/OculusVR/Binaries/Win64/UE4Editor-OculusHMD.dll (API version 3944462).
LogModuleManager: Display: Found up-to-date module file ../../../Engine/Plugins/Runtime/Oculus/OculusVR/Binaries/Win64/UE4Editor-OculusInput.dll (API version 3944462).
LogModuleManager: Display: Found up-to-date module file ../../../Engine/Plugins/Runtime/Oculus/OculusVR/Binaries/Win64/UE4Editor-OculusEditor.dll (API version 3944462).
LogModuleManager: Display: Found up-to-date module file ../../../Engine/Plugins/Runtime/PhysXVehicles/Binaries/Win64/UE4Editor-PhysXVehicles.dll (API version 3944462).
LogModuleManager: Display: Found up-to-date module file ../../../Engine/Plugins/Runtime/PhysXVehicles/Binaries/Win64/UE4Editor-PhysXVehiclesEditor.dll (API version 3944462).
LogModuleManager: Display: Found up-to-date module file ../../../Engine/Plugins/Runtime/ProceduralMeshComponent/Binaries/Win64/UE4Editor-ProceduralMeshComponent.dll (API version 3944462).
LogModuleManager: Display: Found up-to-date module file ../../../Engine/Plugins/Runtime/ProceduralMeshComponent/Binaries/Win64/UE4Editor-ProceduralMeshComponentEditor.dll (API version 3944462).
LogModuleManager: Display: Found up-to-date module file ../../../Engine/Plugins/Runtime/RuntimePhysXCooking/Binaries/Win64/UE4Editor-RuntimePhysXCooking.dll (API version 3944462).
LogModuleManager: Display: Found up-to-date module file ../../../Engine/Plugins/Runtime/Steam/SteamVR/Binaries/Win64/UE4Editor-SteamVR.dll (API version 3944462).
LogModuleManager: Display: Found up-to-date module file ../../../Engine/Plugins/Runtime/Steam/SteamVR/Binaries/Win64/UE4Editor-SteamVRController.dll (API version 3944462).
LogModuleManager: Display: Found up-to-date module file ../../../Engine/Plugins/Runtime/WindowsMoviePlayer/Binaries/Win64/UE4Editor-WindowsMoviePlayer.dll (API version 3944462).
LogInit: Using libcurl 7.47.1
LogInit:  - built for x86_64-pc-win32
LogInit:  - supports SSL with OpenSSL/1.0.2g
LogInit:  - supports HTTP deflate (compression) using libz 1.2.8
LogInit:  - other features:
LogInit:      CURL_VERSION_SSL
LogInit:      CURL_VERSION_LIBZ
LogInit:      CURL_VERSION_IPV6
LogInit:      CURL_VERSION_ASYNCHDNS
LogInit:      CURL_VERSION_LARGEFILE
LogInit:      CURL_VERSION_IDN
LogInit:  CurlRequestOptions (configurable via config and command line):
LogInit:  - bVerifyPeer = false  - Libcurl will NOT verify peer certificate
LogInit:  - bUseHttpProxy = false  - Libcurl will NOT use HTTP proxy
LogInit:  - bDontReuseConnections = false  - Libcurl will reuse connections
LogInit:  - CertBundlePath = nullptr  - Libcurl will use whatever was configured at build time.
LogInit:  - MaxHostConnections = 16  - Libcurl will limit the number of connections to a host
LogInit:  - LocalHostAddr = Default
LogInit: WinSock: version 1.1 (2.2), MaxSocks=32767, MaxUdp=65467
LogInit: WinSock: I am LAPTOP-5P6GUPO7 (192.168.1.14:0)
LogInit: Build: ++UE4+Release-4.19-CL-4033788
LogInit: Engine Version: 4.19.2-4033788+++UE4+Release-4.19
LogInit: Compatible Engine Version: 4.19.0-3944462+++UE4+Release-4.19
LogInit: Net CL: 3944462
LogDevObjectVersion: Number of dev versions registered: 18
LogDevObjectVersion:   Dev-Blueprints (B0D832E4-1F89-4F0D-ACCF-7EB736FD4AA2): 10
LogDevObjectVersion:   Dev-Build (E1C64328-A22C-4D53-A36C-8E866417BD8C): 0
LogDevObjectVersion:   Dev-Core (375EC13C-06E4-48FB-B500-84F0262A717E): 2
LogDevObjectVersion:   Dev-Editor (E4B068ED-F494-42E9-A231-DA0B2E46BB41): 23
LogDevObjectVersion:   Dev-Framework (CFFC743F-43B0-4480-9391-14DF171D2073): 33
LogDevObjectVersion:   Dev-Mobile (B02B49B5-BB20-44E9-A304-32B752E40360): 2
LogDevObjectVersion:   Dev-Networking (A4E4105C-59A1-49B5-A7C5-40C4547EDFEE): 0
LogDevObjectVersion:   Dev-Online (39C831C9-5AE6-47DC-9A44-9C173E1C8E7C): 0
LogDevObjectVersion:   Dev-Physics (78F01B33-EBEA-4F98-B9B4-84EACCB95AA2): 0
LogDevObjectVersion:   Dev-Platform (6631380F-2D4D-43E0-8009-CF276956A95A): 0
LogDevObjectVersion:   Dev-Rendering (12F88B9F-8875-4AFC-A67C-D90C383ABD29): 25
LogDevObjectVersion:   Dev-Sequencer (7B5AE74C-D270-4C10-A958-57980B212A5A): 6
LogDevObjectVersion:   Dev-VR (D7296918-1DD6-4BDD-9DE2-64A83CC13884): 1
LogDevObjectVersion:   Dev-LoadTimes (C2A15278-BFE7-4AFE-6C17-90FF531DF755): 1
LogDevObjectVersion:   Private-Geometry (6EACA3D4-40EC-4CC1-B786-8BED09428FC5): 2
LogDevObjectVersion:   Dev-AnimPhys (29E575DD-E0A3-4627-9D10-D276232CDCEA): 16
LogDevObjectVersion:   Dev-ReflectionCapture (6B266CEC-1EC7-4B8F-A30B-E4D90942FC07): 1
LogDevObjectVersion:   Dev-Automation (0DF73D61-A23F-47EA-B727-89E90C41499A): 1
LogInit: Compiled (64-bit): Apr 27 2018 02:06:57
LogInit: Compiled with Visual C++: 19.00.24215.01
LogInit: Build Configuration: Development
LogInit: Branch Name: ++UE4+Release-4.19
LogInit: Command Line: -EpicPortal
LogInit: Base Directory: C:/Program Files/Epic Games/UE_4.19/Engine/Binaries/Win64/
LogInit: Installed Engine Build: 1
LogStreaming: Display: Took  0.026s to delete old logs.
LogInit: Presizing for max 8388607 objects, including 0 objects not considered by GC, pre-allocating 0 bytes for permanent pool.
LogInit: Object subsystem initialized
[2018.05.13-03.26.17:489][  0]LogInit: Selected Device Profile: [Windows]
[2018.05.13-03.26.17:490][  0]LogInit: Applying CVar settings loaded from the selected device profile: [Windows]
[2018.05.13-03.26.17:519][  0]LogInit: Computer: LAPTOP-5P6GUPO7
[2018.05.13-03.26.17:519][  0]LogInit: User: Trym
[2018.05.13-03.26.17:519][  0]LogInit: CPU Page size=4096, Cores=4
[2018.05.13-03.26.17:519][  0]LogInit: High frequency timer resolution =2.531249 MHz
[2018.05.13-03.26.17:520][  0]LogMemory: Memory total: Physical=15.9GB (16GB approx)
[2018.05.13-03.26.17:520][  0]LogMemory: Platform Memory Stats for Windows
[2018.05.13-03.26.17:520][  0]LogMemory: Process Physical Memory: 277.15 MB used, 277.15 MB peak
[2018.05.13-03.26.17:520][  0]LogMemory: Process Virtual Memory: 264.81 MB used, 264.81 MB peak
[2018.05.13-03.26.17:520][  0]LogMemory: Physical Memory: 7769.40 MB used,  8495.38 MB free, 16264.78 MB total
[2018.05.13-03.26.17:520][  0]LogMemory: Virtual Memory: 679.24 MB used,  8495.38 MB free, 134217728.00 MB total
[2018.05.13-03.26.17:637][  0]LogInit: Using OS detected language (nb-NO).
[2018.05.13-03.26.17:637][  0]LogInit: Using OS detected locale (nb-NO).
[2018.05.13-03.26.17:646][  0]LogTextLocalizationManager: No localization for 'nb-NO' exists, so 'en' will be used for the language.
[2018.05.13-03.26.18:113][  0]LogStreaming: Display: Took  0.476s to EndInitTextLocalization.
[2018.05.13-03.26.18:113][  0]LogInit: Setting process to per monitor DPI aware
[2018.05.13-03.26.18:150][  0]LogSlate: New Slate User Created.  User Index 0, Is Virtual User: 0
[2018.05.13-03.26.18:150][  0]LogSlate: Slate User Registered.  User Index 0, Is Virtual User: 0
[2018.05.13-03.26.18:478][  0]LogD3D11RHI: D3D11 adapters:
[2018.05.13-03.26.18:510][  0]LogD3D11RHI:    0. 'NVIDIA GeForce GTX 960M' (Feature Level 11_0)
[2018.05.13-03.26.18:510][  0]LogD3D11RHI:       4064/0/8132 MB DedicatedVideo/DedicatedSystem/SharedSystem, Outputs:1, VendorId:0x10de
[2018.05.13-03.26.18:517][  0]LogD3D11RHI:    1. 'Intel(R) HD Graphics 530' (Feature Level 11_0)
[2018.05.13-03.26.18:517][  0]LogD3D11RHI:       128/0/8132 MB DedicatedVideo/DedicatedSystem/SharedSystem, Outputs:0, VendorId:0x8086
[2018.05.13-03.26.18:521][  0]LogD3D11RHI:    2. 'Microsoft Basic Render Driver' (Feature Level 11_0)
[2018.05.13-03.26.18:521][  0]LogD3D11RHI:       0/0/8132 MB DedicatedVideo/DedicatedSystem/SharedSystem, Outputs:0, VendorId:0x1414
[2018.05.13-03.26.18:521][  0]LogD3D11RHI: Chosen D3D11 Adapter: 0
[2018.05.13-03.26.18:529][  0]LogD3D11RHI: Creating new Direct3DDevice
[2018.05.13-03.26.18:529][  0]LogD3D11RHI:     GPU DeviceId: 0x139b (for the marketing name, search the web for "GPU Device Id")
[2018.05.13-03.26.18:529][  0]LogWindows: EnumDisplayDevices:
[2018.05.13-03.26.18:529][  0]LogWindows:    0. 'Intel(R) HD Graphics 530' (P:1 D:1)
[2018.05.13-03.26.18:529][  0]LogWindows:    1. 'Intel(R) HD Graphics 530' (P:0 D:0)
[2018.05.13-03.26.18:529][  0]LogWindows:    2. 'Intel(R) HD Graphics 530' (P:0 D:0)
[2018.05.13-03.26.18:529][  0]LogWindows: DebugString: GetVideoDriverDetailsInvalid PrimaryIsNotTheChoosenAdapter GetVideoDriverDetailsInvalid PrimaryIsNotTheChoosenAdapter GetVideoDriverDetailsInvalid PrimaryIsNotTheChoosenAdapter FoundDriverCount:0 
[2018.05.13-03.26.18:529][  0]LogD3D11RHI:     Adapter Name: NVIDIA GeForce GTX 960M
[2018.05.13-03.26.18:529][  0]LogD3D11RHI:   Driver Version: Unknown (internal:Unknown, unified:Unknown)
[2018.05.13-03.26.18:529][  0]LogD3D11RHI:      Driver Date: Unknown
[2018.05.13-03.26.18:529][  0]LogRHI: Texture pool is 2845 MB (70% of 4064 MB)
[2018.05.13-03.26.18:546][  0]LogD3D11RHI: [Aftermath] Aftermath enabled but failed to initialize
[2018.05.13-03.26.18:546][  0]LogD3D11RHI: [Aftermath] Aftermath enabled and primed
[2018.05.13-03.26.18:546][  0]LogD3D11RHI: Async texture creation enabled
[2018.05.13-03.26.18:559][  0]LogD3D11RHI: GPU Timing Frequency: 1000.000000 (Debug: 2 1)
[2018.05.13-03.26.18:560][  0]LogShaderCompilers: Guid format shader working directory is 5 characters bigger than the processId version (D:/Game_Development/Git/ProjectExposure/Intermediate/Shaders/WorkingDirectory/18696/).
[2018.05.13-03.26.18:560][  0]LogShaderCompilers: Cleaned the shader compiler working directory 'C:/Users/Trym/AppData/Local/Temp/UnrealShaderWorkingDir/875FE76E496C57D92EC385BDA88608AC/'.
[2018.05.13-03.26.18:868][  0]LogTemp: Display: Loaded TP AllDesktopTargetPlatform
[2018.05.13-03.26.18:884][  0]LogTemp: Display: Loaded TP MacClientTargetPlatform
[2018.05.13-03.26.18:899][  0]LogTemp: Display: Loaded TP MacNoEditorTargetPlatform
[2018.05.13-03.26.18:914][  0]LogTemp: Display: Loaded TP MacServerTargetPlatform
[2018.05.13-03.26.18:930][  0]LogTemp: Display: Loaded TP MacTargetPlatform
[2018.05.13-03.26.18:946][  0]LogTemp: Display: Loaded TP WindowsClientTargetPlatform
[2018.05.13-03.26.18:962][  0]LogTemp: Display: Loaded TP WindowsNoEditorTargetPlatform
[2018.05.13-03.26.18:978][  0]LogTemp: Display: Loaded TP WindowsServerTargetPlatform
[2018.05.13-03.26.18:986][  0]LogTemp: Display: Loaded TP WindowsTargetPlatform
[2018.05.13-03.26.19:000][  0]LogTemp: Display: Loaded TP Android_ASTCTargetPlatform
[2018.05.13-03.26.19:013][  0]LogTemp: Display: Loaded TP Android_ATCTargetPlatform
[2018.05.13-03.26.19:027][  0]LogTemp: Display: Loaded TP Android_DXTTargetPlatform
[2018.05.13-03.26.19:040][  0]LogTemp: Display: Loaded TP Android_ETC1aTargetPlatform
[2018.05.13-03.26.19:054][  0]LogTemp: Display: Loaded TP Android_ETC1TargetPlatform
[2018.05.13-03.26.19:066][  0]LogTemp: Display: Loaded TP Android_ETC2TargetPlatform
[2018.05.13-03.26.19:093][  0]LogTemp: Display: Loaded TP Android_MultiTargetPlatform
[2018.05.13-03.26.19:093][  0]LogTemp: Display: Loaded TP Android_PVRTCTargetPlatform
[2018.05.13-03.26.19:108][  0]LogTemp: Display: Loaded TP AndroidTargetPlatform
[2018.05.13-03.26.19:110][  0]LogTemp: Display: Loaded TP HTML5TargetPlatform
[2018.05.13-03.26.19:151][  0]LogTemp: Display: Loaded TP IOSTargetPlatform
[2018.05.13-03.26.19:163][  0]LogTemp: Display: Loaded TP TVOSTargetPlatform
[2018.05.13-03.26.19:178][  0]LogTemp: Display: Loaded TP LinuxClientTargetPlatform
[2018.05.13-03.26.19:191][  0]LogTemp: Display: Loaded TP LinuxNoEditorTargetPlatform
[2018.05.13-03.26.19:204][  0]LogTemp: Display: Loaded TP LinuxServerTargetPlatform
[2018.05.13-03.26.19:218][  0]LogTemp: Display: Loaded TP LinuxTargetPlatform
[2018.05.13-03.26.19:218][  0]LogTargetPlatformManager: Display: Building Assets For Windows
[2018.05.13-03.26.19:389][  0]LogXGEController: Cleaning working directory: C:/Users/Trym/AppData/Local/Temp/UnrealXGEWorkingDir/
[2018.05.13-03.26.19:389][  0]LogXGEController: Cannot use XGE Controller as Incredibuild is not installed on this machine.
[2018.05.13-03.26.19:389][  0]LogShaderCompilers: Cannot use XGE Shader Compiler as Incredibuild is not installed on this machine.
[2018.05.13-03.26.19:389][  0]LogShaderCompilers: Display: Using Local Shader Compiler.
[2018.05.13-03.26.20:215][  0]LogDerivedDataCache: Display: Max Cache Size: 512 MB
[2018.05.13-03.26.20:285][  0]LogDerivedDataCache: Loaded boot cache 0.07s 77MB C:/Users/Trym/AppData/Local/UnrealEngine/4.19/DerivedDataCache/Boot.ddc.
[2018.05.13-03.26.20:285][  0]LogDerivedDataCache: Display: Loaded Boot cache: C:/Users/Trym/AppData/Local/UnrealEngine/4.19/DerivedDataCache/Boot.ddc
[2018.05.13-03.26.20:285][  0]LogDerivedDataCache: FDerivedDataBackendGraph:  Pak pak cache file D:/Game_Development/Git/ProjectExposure/DerivedDataCache/DDC.ddp not found, will not use a pak cache.
[2018.05.13-03.26.20:285][  0]LogDerivedDataCache: Unable to find inner node Pak for hierarchical cache Hierarchy.
[2018.05.13-03.26.20:285][  0]LogDerivedDataCache: FDerivedDataBackendGraph:  CompressedPak pak cache file D:/Game_Development/Git/ProjectExposure/DerivedDataCache/Compressed.ddp not found, will not use a pak cache.
[2018.05.13-03.26.20:285][  0]LogDerivedDataCache: Unable to find inner node CompressedPak for hierarchical cache Hierarchy.
[2018.05.13-03.26.20:303][  0]LogDerivedDataCache: Display: Pak cache opened for reading ../../../Engine/DerivedDataCache/Compressed.ddp.
[2018.05.13-03.26.20:316][  0]LogDerivedDataCache: Using Local data cache path C:/Users/Trym/AppData/Local/UnrealEngine/Common/DerivedDataCache: Writable
[2018.05.13-03.26.20:316][  0]LogDerivedDataCache: Shared data cache path not found in *engine.ini, will not use an Shared cache.
[2018.05.13-03.26.20:316][  0]LogDerivedDataCache: Unable to find inner node Shared for hierarchical cache Hierarchy.
[2018.05.13-03.26.20:327][  0]LogMaterial: Verifying Global Shaders for PCD3D_SM5
[2018.05.13-03.26.20:327][  0]LogSlate: Using Freetype 2.6.0
[2018.05.13-03.26.20:328][  0]LogSlate: SlateFontCache - WITH_FREETYPE: 1, WITH_HARFBUZZ: 1
[2018.05.13-03.26.20:328][  0]LogSlate: SlateFontCache - WITH_FREETYPE: 1, WITH_HARFBUZZ: 1
[2018.05.13-03.26.20:666][  0]LogAssetRegistry: FAssetRegistry took 0.0269 seconds to start up
[2018.05.13-03.26.21:002][  0]LogInit: Selected Device Profile: [Windows]
[2018.05.13-03.26.21:191][  0]LogSimplygon: Simplygon DLL not present - disabling.
[2018.05.13-03.26.21:197][  0]LogMeshReduction: Using SimplygonSwarm for distributed automatic mesh merging
[2018.05.13-03.26.21:197][  0]LogMeshReduction: Using QuadricMeshReduction for automatic static mesh reduction
[2018.05.13-03.26.21:197][  0]LogMeshReduction: No automatic skeletal mesh reduction module available
[2018.05.13-03.26.21:197][  0]LogMeshReduction: No automatic mesh merging module available
[2018.05.13-03.26.21:197][  0]LogMeshMerging: No automatic mesh merging module available
[2018.05.13-03.26.21:242][  0]LogNetVersion: ProjectExposure , NetCL: 3944462, EngineNetVer: 2, GameNetVer: 0 (Checksum: 2950170889)
[2018.05.13-03.26.21:764][  0]LogPackageLocalizationCache: Processed 9 localized package path(s) for 1 prioritized culture(s) in 0.084200 seconds
[2018.05.13-03.26.21:770][  0]LogUObjectArray: 36728 objects as part of root set at end of initial load.
[2018.05.13-03.26.21:770][  0]LogUObjectAllocator: 7314312 out of 0 bytes used by permanent object pool.
[2018.05.13-03.26.21:770][  0]LogUObjectArray: CloseDisregardForGC: 0/0 objects in disregard for GC pool
[2018.05.13-03.26.24:326][  0]LogTcpMessaging: Initializing TcpMessaging bridge
[2018.05.13-03.26.24:366][  0]LogUdpMessaging: Initializing bridge on interface 0.0.0.0:0 to multicast group 230.0.0.1:6666.
[2018.05.13-03.26.24:859][  0]SourceControl: Source control is disabled
[2018.05.13-03.26.24:859][  0]SourceControl: Source control is disabled
[2018.05.13-03.26.24:886][  0]SourceControl: Source control is disabled
[2018.05.13-03.26.24:912][  0]SourceControl: Source control is disabled
[2018.05.13-03.26.25:620][  0]LogAndroidPermission: UAndroidPermissionCallbackProxy::GetInstance
[2018.05.13-03.26.25:857][  0]LogOcInput: OculusInput pre-init called
[2018.05.13-03.26.26:003][  0]LogEngine: Initializing Engine...
[2018.05.13-03.26.26:005][  0]LogHMD: Failed to initialize OpenVR with code 110
[2018.05.13-03.26.26:006][  0]LogStats: UGameplayTagsManager::ConstructGameplayTagTree: Construct from data asset -  0.000 s
[2018.05.13-03.26.26:006][  0]LogStats: UGameplayTagsManager::ConstructGameplayTagTree: GameplayTagTreeChangedEvent.Broadcast -  0.000 s
[2018.05.13-03.26.26:272][  0]LogAIModule: Creating AISystem for world Untitled
[2018.05.13-03.26.26:291][  0]LogInit: XAudio2 using 'Høyttalere (G510 Gaming Keyboard)' : 2 channels at 48 kHz using 16 bits per sample (channel mask 0x3)
[2018.05.13-03.26.26:323][  0]LogInit: FAudioDevice initialized.
[2018.05.13-03.26.26:452][  0]LogDerivedDataCache: Saved boot cache 0.13s 74MB C:/Users/Trym/AppData/Local/UnrealEngine/4.19/DerivedDataCache/Boot.ddc.
[2018.05.13-03.26.26:463][  0]LogInit: Texture streaming: Enabled
[2018.05.13-03.26.26:486][  0]LogEngineSessionManager: EngineSessionManager initialized
[2018.05.13-03.26.26:487][  0]LogEngineSessionManager: EngineSessionManager sent abnormal shutdown report. Type=Crashed, SessionId={FC081FAB-41D7-62BF-8C9F-9BBDCE3CBAD5}
[2018.05.13-03.26.26:506][  0]LogInit: Transaction tracking system initialized
[2018.05.13-03.26.26:541][  0]BlueprintLog: New page: Editor Load
[2018.05.13-03.26.26:643][  0]LocalizationService: Localization service is disabled
[2018.05.13-03.26.26:748][  0]LogLinker: Warning: Can't find file '/Game/TopDownCPP/TopDownOverview'
[2018.05.13-03.26.26:748][  0]LogLinker: Warning: Can't find file '/Game/TopDownCPP/TopDownOverview'
[2018.05.13-03.26.26:748][  0]LogUObjectGlobals: Warning: Failed to find object 'Class /Game/TopDownCPP/TopDownOverview.TopDownOverview_C'
[2018.05.13-03.26.26:776][  0]LogConsoleResponse: Display: 
[2018.05.13-03.26.26:960][  0]LogCook: Display: Max memory allowance for cook 16384mb min free memory 0mb
[2018.05.13-03.26.26:960][  0]LogCook: Display: Mobile HDR setting 1
[2018.05.13-03.26.26:960][  0]LogGameplayTags: Display: UGameplayTagsManager::DoneAddingNativeTags. DelegateIsBound: 0
[2018.05.13-03.26.26:960][  0]LogStats: UGameplayTagsManager::ConstructGameplayTagTree: Construct from data asset -  0.000 s
[2018.05.13-03.26.26:960][  0]LogStats: UGameplayTagsManager::ConstructGameplayTagTree: GameplayTagTreeChangedEvent.Broadcast -  0.000 s
[2018.05.13-03.26.27:345][  0]LogFileCache: Scanning file cache for directory 'D:/Game_Development/Git/ProjectExposure/Content/' took 0.01s
[2018.05.13-03.26.27:534][  0]SourceControl: Source control is disabled
[2018.05.13-03.26.27:534][  0]Cmd: MAP LOAD FILE="D:/Game_Development/Git/ProjectExposure/Content/StarterContent/Maps/Minimal_Default.umap" TEMPLATE=0 SHOWPROGRESS=1 FEATURELEVEL=3
[2018.05.13-03.26.27:535][  0]LightingResults: New page: Lighting Build
[2018.05.13-03.26.27:538][  0]MapCheck: New page: Map Check
[2018.05.13-03.26.27:538][  0]LightingResults: New page: Lighting Build
[2018.05.13-03.26.28:490][  0]LogAIModule: Creating AISystem for world Minimal_Default
[2018.05.13-03.26.28:501][  0]LogEditorServer: Finished looking for orphan Actors (0.000 secs)
[2018.05.13-03.26.28:514][  0]Cmd: MAP CHECKDEP NOCLEARLOG
[2018.05.13-03.26.28:594][  0]MapCheck: Map check complete: 0 Error(s), 0 Warning(s), took 80,571ms to complete.
[2018.05.13-03.26.28:594][  0]LogFileHelpers: Loading map 'Minimal_Default' took 1.061
[2018.05.13-03.26.28:723][  0]LogCollectionManager: Loaded 0 collections in 0.002395 seconds
[2018.05.13-03.26.28:765][  0]LogFileCache: Scanning file cache for directory 'D:/Game_Development/Git/ProjectExposure/Saved/Collections/' took 0.01s
[2018.05.13-03.26.28:765][  0]LogFileCache: Scanning file cache for directory 'D:/Game_Development/Git/ProjectExposure/Content/Developers/Trym/Collections/' took 0.01s
[2018.05.13-03.26.28:765][  0]LogFileCache: Scanning file cache for directory 'D:/Game_Development/Git/ProjectExposure/Content/Collections/' took 0.01s
[2018.05.13-03.26.28:765][  0]LogCollectionManager: Rebuilt the GUID cache for 0 collections in 0.000000 seconds
[2018.05.13-03.26.28:775][  0]LogContentBrowser: Native class hierarchy populated in 0.0096 seconds. Added 2458 classes and 560 folders.
[2018.05.13-03.26.28:790][  0]LogContentBrowser: Native class hierarchy updated for 'WidgetCarousel' in 0.0009 seconds. Added 0 classes and 0 folders.
[2018.05.13-03.26.28:853][  0]LogContentBrowser: Native class hierarchy updated for 'AddContentDialog' in 0.0007 seconds. Added 0 classes and 0 folders.
[2018.05.13-03.26.28:863][  0]LogContentBrowser: Native class hierarchy updated for 'SceneOutliner' in 0.0008 seconds. Added 1 classes and 2 folders.
[2018.05.13-03.26.28:937][  0]LogSlate: Took 0.000410 seconds to synchronously load lazily loaded font '../../../Engine/Content/Slate/Fonts/Roboto-Regular.ttf' (155K)
[2018.05.13-03.26.28:943][  0]LogSlate: Took 0.000346 seconds to synchronously load lazily loaded font '../../../Engine/Content/Slate/Fonts/Roboto-Bold.ttf' (160K)
[2018.05.13-03.26.28:947][  0]LogSlate: Took 0.000386 seconds to synchronously load lazily loaded font '../../../Engine/Content/Editor/Slate/Fonts/FontAwesome.ttf' (139K)
[2018.05.13-03.26.28:952][  0]LogSlate: Took 0.000463 seconds to synchronously load lazily loaded font '../../../Engine/Content/Slate/Fonts/DroidSansMono.ttf' (77K)
[2018.05.13-03.26.29:094][  0]LogRenderer: Reallocating scene render targets to support 1096x500 Format 10 NumSamples 1 (Frame:1).
[2018.05.13-03.26.29:136][  0]LogContentBrowser: Verbose: The majority of assets in the view are of type: Class
[2018.05.13-03.26.29:256][  0]LogContentBrowser: Native class hierarchy updated for 'HierarchicalLODOutliner' in 0.0012 seconds. Added 0 classes and 0 folders.
[2018.05.13-03.26.29:256][  0]LogLoad: (Engine Initialization) Total time: 16.38 seconds
[2018.05.13-03.26.29:256][  0]LogLoad: (Engine Initialization) Total Blueprint compile time: 0.00 seconds
[2018.05.13-03.26.29:284][  0]LogWindowsTextInputMethodSystem: Display: IME system now deactivated.
[2018.05.13-03.26.29:302][  0]LogContentStreaming: Texture pool size now 1000 MB
[2018.05.13-03.26.29:605][  1]LogAssetRegistry: Asset discovery search completed in 8.9612 seconds
[2018.05.13-03.26.29:607][  1]LogCollectionManager: Rebuilt the object cache for 0 collections in 0.000000 seconds (found 0 objects)
[2018.05.13-03.26.29:607][  1]LogCollectionManager: Fixed up redirectors for 0 collections in 0.000213 seconds (updated 0 objects)
[2018.05.13-03.26.30:295][ 41]LogSlate: Took 0.000345 seconds to synchronously load lazily loaded font '../../../Engine/Content/Slate/Fonts/Roboto-Light.ttf' (167K)
[2018.05.13-03.26.33:797][251]LogSlate: FSceneViewport::OnFocusLost() reason 0
[2018.05.13-03.26.33:889][256]LogContentBrowser: Verbose: The majority of assets in the view are of type: MapBuildDataRegistry
[2018.05.13-03.26.34:769][307]LogLinker: Error: HOTRELOADED_SimulationGameController_9 has an inappropriate outermost, it was probably saved with a deprecated outer (file: D:/Game_Development/Git/ProjectExposure/Content/UI_Blueprints/SimulationUI.uasset)
[2018.05.13-03.26.34:770][307]LogLinker: Error: HOTRELOADED_SimulationGameController_9 has an inappropriate outermost, it was probably saved with a deprecated outer (file: D:/Game_Development/Git/ProjectExposure/Content/UI_Blueprints/SimulationUI.uasset)
[2018.05.13-03.26.34:771][307]LogUObjectGlobals: Created PersistentFrame Addr=0x000002867eb6af70, Size=4, Default__SimulationUI_C Function /Game/UI_Blueprints/SimulationUI.SimulationUI_C:ExecuteUbergraph_SimulationUI
[2018.05.13-03.26.34:771][307]LogLinker: Error: HOTRELOADED_SimulationGameController_9 has an inappropriate outermost, it was probably saved with a deprecated outer (file: D:/Game_Development/Git/ProjectExposure/Content/UI_Blueprints/SimulationUI.uasset)
[2018.05.13-03.26.34:772][307]LogLinker: Error: HOTRELOADED_SimulationGameController_9 has an inappropriate outermost, it was probably saved with a deprecated outer (file: D:/Game_Development/Git/ProjectExposure/Content/UI_Blueprints/SimulationUI.uasset)
[2018.05.13-03.26.34:774][307]LogUObjectGlobals: Destroyed PersistentFrame Addr=0x000002867eb6af70, Size=4
[2018.05.13-03.26.34:775][307]LogUObjectGlobals: Created PersistentFrame Addr=0x000002867eb6af70, Size=4, Default__SimulationUI_C Function /Engine/Transient.REINST_SimulationUI_C_0:ExecuteUbergraph_SimulationUI
[2018.05.13-03.26.34:776][307]LogUObjectGlobals: Created PersistentFrame Addr=0x000002867eb6ade0, Size=4, Default__SimulationUI_C Function /Game/UI_Blueprints/SimulationUI.SimulationUI_C:ExecuteUbergraph_SimulationUI
[2018.05.13-03.26.34:780][307]LogUObjectGlobals: Created PersistentFrame Addr=0x000002867eac5ea0, Size=16, Default__Game_C Function /Game/Levels/Game.Game_C:ExecuteUbergraph_Game
[2018.05.13-03.26.34:783][307]LogUObjectGlobals: Destroyed PersistentFrame Addr=0x000002867eac5ea0, Size=16
[2018.05.13-03.26.34:783][307]LogUObjectGlobals: Created PersistentFrame Addr=0x000002867eac5ea0, Size=16, Default__Game_C Function /Engine/Transient.REINST_Game_C_12:ExecuteUbergraph_Game
[2018.05.13-03.26.34:785][307]LogUObjectGlobals: Created PersistentFrame Addr=0x000002867eac5d60, Size=16, Default__Game_C Function /Game/Levels/Game.Game_C:ExecuteUbergraph_Game
[2018.05.13-03.26.34:810][307]LogAIModule: Creating AISystem for world Game
[2018.05.13-03.26.34:827][307]LogUObjectGlobals: Destroyed PersistentFrame Addr=0x000002867eac5ea0, Size=16
[2018.05.13-03.26.34:827][307]LogUObjectGlobals: Destroyed PersistentFrame Addr=0x000002867eb6af70, Size=4
[2018.05.13-03.26.34:828][307]Cmd: MAP LOAD FILE="D:/Game_Development/Git/ProjectExposure/Content/Levels/Game.umap" TEMPLATE=0 SHOWPROGRESS=1 FEATURELEVEL=3
[2018.05.13-03.26.34:828][307]LightingResults: New page: Lighting Build
[2018.05.13-03.26.34:829][307]LoadErrors: New page: Loading map: Game.umap
[2018.05.13-03.26.34:830][307]MapCheck: New page: Map Check
[2018.05.13-03.26.34:830][307]LightingResults: New page: Lighting Build
[2018.05.13-03.26.34:905][307]LogEditorServer: Finished looking for orphan Actors (0.000 secs)
[2018.05.13-03.26.34:938][307]Cmd: MAP CHECKDEP NOCLEARLOG
[2018.05.13-03.26.35:025][307]MapCheck: Map check complete: 0 Error(s), 0 Warning(s), took 87,215ms to complete.
[2018.05.13-03.26.35:027][307]LogFileHelpers: Loading map 'Game' took 0.199
[2018.05.13-03.27.05:115][950]LogLinker: Warning: Can't resolve asset name
[2018.05.13-03.27.05:483][950]LogContentBrowser: Native class hierarchy updated for 'BlueprintGraph' in 0.0013 seconds. Added 116 classes and 0 folders.
[2018.05.13-03.27.05:887][950]LogUObjectGlobals: Created PersistentFrame Addr=0x000002867952e928, Size=4, Default__SKEL_PROTO_BP_AnimBlueprint_0_C Function /Engine/Transient.SKEL_PROTO_BP_AnimBlueprint_0_C:ExecuteUbergraph_PROTO_BP_AnimBlueprint_0
[2018.05.13-03.27.05:888][950]LogUObjectGlobals: Created PersistentFrame Addr=0x000002867952e920, Size=4, Default__PROTO_BP_AnimBlueprint_0_C Function /Engine/Transient.PROTO_BP_AnimBlueprint_0_C:ExecuteUbergraph_PROTO_BP_AnimBlueprint_0
[2018.05.13-03.27.06:425][950]LogSlate: Took 0.000368 seconds to synchronously load lazily loaded font '../../../Engine/Content/Slate/Fonts/Roboto-BoldCondensed.ttf' (158K)
[2018.05.13-03.27.07:649][  8]LogSlate: Window 'SimulationUI' being destroyed
[2018.05.13-03.27.25:526][ 43]LogHotReload: New module detected: UE4Editor-ProjectExposure-4275.dll
[2018.05.13-03.27.27:150][112]LogHotReload: Starting Hot-Reload from IDE
[2018.05.13-03.27.27:229][112]LogClass: Could not find existing class SimulationGameController in package /Script/ProjectExposure for HotReload, assuming new class
[2018.05.13-03.27.27:229][112]LogClass: Function SpawnUnit is new.
[2018.05.13-03.27.27:239][112]LogHotReload: Re-instancing SimulationGameController after hot-reload.
[2018.05.13-03.27.27:424][112]LogContentBrowser: Native class hierarchy updated for 'ProjectExposure' in 0.0008 seconds. Added 6 classes and 2 folders.
[2018.05.13-03.27.27:427][112]Display: HotReload successful (0 functions remapped  0 scriptstructs remapped)
[2018.05.13-03.27.27:817][112]LogContentBrowser: Native class hierarchy populated in 0.0099 seconds. Added 2459 classes and 562 folders.
[2018.05.13-03.27.27:823][112]Display: HotReload took  0.7s.
[2018.05.13-03.27.28:603][150]LogTemp: Repeating last play command: Selected Viewport
[2018.05.13-03.27.28:618][150]LogBlueprintUserMessages: Early PlayInEditor Detection: Level '/Game/Levels/Game.Game:PersistentLevel' has LevelScriptBlueprint '/Game/Levels/Game.Game:PersistentLevel.Game' with GeneratedClass '/Game/Levels/Game.Game_C' with ClassGeneratedBy '/Game/Levels/Game.Game:PersistentLevel.Game'
[2018.05.13-03.27.28:619][150]LogPlayLevel: PlayLevel: No blueprints needed recompiling
[2018.05.13-03.27.28:619][150]PIE: New page: PIE session: Game (13. mai 2018, 07.27.28)
[2018.05.13-03.27.28:619][150]LogPlayLevel: Creating play world package: /Game/Levels/UEDPIE_0_Game
[2018.05.13-03.27.28:625][150]LogPlayLevel: PIE: StaticDuplicateObject took: (0.005237s)
[2018.05.13-03.27.28:626][150]LogAIModule: Creating AISystem for world Game
[2018.05.13-03.27.28:626][150]LogPlayLevel: PIE: World Init took: (0.001154s)
[2018.05.13-03.27.28:626][150]LogPlayLevel: PIE: Created PIE world by copying editor world from /Game/Levels/Game.Game to /Game/Levels/UEDPIE_0_Game.Game (0.007127s)
[2018.05.13-03.27.28:706][150]LogInit: XAudio2 using 'Høyttalere (G510 Gaming Keyboard)' : 2 channels at 48 kHz using 16 bits per sample (channel mask 0x3)
[2018.05.13-03.27.28:715][150]LogInit: FAudioDevice initialized.
[2018.05.13-03.27.28:759][150]LogLoad: Game class is 'MainGameMode'
[2018.05.13-03.27.28:761][150]LogWorld: Bringing World /Game/Levels/UEDPIE_0_Game.Game up for play (max tick rate 60) at 2018.05.13-05.27.28
[2018.05.13-03.27.28:762][150]LogWorld: Bringing up level for play took: 0.001149
[2018.05.13-03.27.28:795][150]LogContentBrowser: Native class hierarchy updated for 'MovieSceneCapture' in 0.0006 seconds. Added 11 classes and 0 folders.
[2018.05.13-03.27.28:796][150]PIE: Play in editor start time for /Game/Levels/UEDPIE_0_Game −0,064
[2018.05.13-03.27.28:796][150]LogBlueprintUserMessages: Late PlayInEditor Detection: Level '/Game/Levels/Game.Game:PersistentLevel' has LevelScriptBlueprint '/Game/Levels/Game.Game:PersistentLevel.Game' with GeneratedClass '/Game/Levels/Game.Game_C' with ClassGeneratedBy '/Game/Levels/Game.Game:PersistentLevel.Game'
[2018.05.13-03.27.31:319][225]LogWindows: Error: === Critical error: ===
[2018.05.13-03.27.31:319][225]LogWindows: Error: 
[2018.05.13-03.27.31:319][225]LogWindows: Error: Fatal error!
[2018.05.13-03.27.31:319][225]LogWindows: Error: 
[2018.05.13-03.27.31:319][225]LogWindows: Error: Unhandled Exception: EXCEPTION_ACCESS_VIOLATION reading address 0x00000093
[2018.05.13-03.27.31:319][225]LogWindows: Error: 
[2018.05.13-03.27.31:319][225]LogWindows: Error: [Callstack] 0x000000000303B444 UE4Editor-Engine.dll!UnknownFunction []
[2018.05.13-03.27.31:319][225]LogWindows: Error: [Callstack] 0x00000000030F61F8 UE4Editor-Engine.dll!UnknownFunction []
[2018.05.13-03.27.31:319][225]LogWindows: Error: [Callstack] 0x00000000F5F239A9 UE4Editor-ProjectExposure-2074.dll!ASimulationGameController::SpawnUnit() [d:\game_development\git\projectexposure\source\projectexposure\simulationgamecontroller.cpp:36]
[2018.05.13-03.27.31:319][225]LogWindows: Error: [Callstack] 0x00000000F5F23D40 UE4Editor-ProjectExposure-2074.dll!ASimulationGameController::execSpawnUnit() [d:\game_development\git\projectexposure\source\projectexposure\simulationgamecontroller.h:13]
[2018.05.13-03.27.31:319][225]LogWindows: Error: [Callstack] 0x0000000026BDE094 UE4Editor-CoreUObject.dll!UnknownFunction []
[2018.05.13-03.27.31:319][225]LogWindows: Error: [Callstack] 0x0000000026DB0781 UE4Editor-CoreUObject.dll!UnknownFunction []
[2018.05.13-03.27.31:319][225]LogWindows: Error: [Callstack] 0x0000000026DC87B1 UE4Editor-CoreUObject.dll!UnknownFunction []
[2018.05.13-03.27.31:319][225]LogWindows: Error: [Callstack] 0x0000000026DCAA82 UE4Editor-CoreUObject.dll!UnknownFunction []
[2018.05.13-03.27.31:319][225]LogWindows: Error: [Callstack] 0x0000000026DB11EE UE4Editor-CoreUObject.dll!UnknownFunction []
[2018.05.13-03.27.31:319][225]LogWindows: Error: [Callstack] 0x0000000026DCAA82 UE4Editor-CoreUObject.dll!UnknownFunction []
[2018.05.13-03.27.31:319][225]LogWindows: Error: [Callstack] 0x0000000026BDE094 UE4Editor-CoreUObject.dll!UnknownFunction []
[2018.05.13-03.27.31:319][225]LogWindows: Error: [Callstack] 0x0000000026DC9D73 UE4Editor-CoreUObject.dll!UnknownFunction []
[2018.05.13-03.27.31:319][225]LogWindows: Error: [Callstack] 0x0000000020EFE119 UE4Editor-UMG.dll!UnknownFunction []
[2018.05.13-03.27.31:319][225]LogWindows: Error: [Callstack] 0x0000000020FFA03F UE4Editor-UMG.dll!UnknownFunction []
[2018.05.13-03.27.31:319][225]LogWindows: Error: [Callstack] 0x0000000020ED847E UE4Editor-UMG.dll!UnknownFunction []
[2018.05.13-03.27.31:319][225]LogWindows: Error: [Callstack] 0x0000000020EDA939 UE4Editor-UMG.dll!UnknownFunction []
[2018.05.13-03.27.31:319][225]LogWindows: Error: [Callstack] 0x0000000020F84981 UE4Editor-UMG.dll!UnknownFunction []
[2018.05.13-03.27.31:319][225]LogWindows: Error: [Callstack] 0x000000002552B7F7 UE4Editor-Slate.dll!UnknownFunction []
[2018.05.13-03.27.31:319][225]LogWindows: Error: [Callstack] 0x00000000255519E8 UE4Editor-Slate.dll!UnknownFunction []
[2018.05.13-03.27.31:319][225]LogWindows: Error: [Callstack] 0x000000002537485C UE4Editor-Slate.dll!UnknownFunction []
[2018.05.13-03.27.31:319][225]LogWindows: Error: [Callstack] 0x0000000025347D75 UE4Editor-Slate.dll!UnknownFunction []
[2018.05.13-03.27.31:319][225]LogWindows: Error: [Callstack] 0x00000000253DF617 UE4Editor-Slate.dll!UnknownFunction []
[2018.05.13-03.27.31:319][225]LogWindows: Error: [Callstack] 0x00000000253C7D0D UE4Editor-Slate.dll!UnknownFunction []
[2018.05.13-03.27.31:319][225]LogWindows: Error: [Callstack] 0x00000000253BB3E2 UE4Editor-Slate.dll!UnknownFunction []
[2018.05.13-03.27.31:319][225]LogWindows: Error: [Callstack] 0x000000004CAFE69B UE4Editor-ApplicationCore.dll!UnknownFunction []
[2018.05.13-03.27.31:319][225]LogWindows: Error: [Callstack] 0x000000004CAF1B78 UE4Editor-ApplicationCore.dll!UnknownFunction []
[2018.05.13-03.27.31:319][225]LogWindows: Error: [Callstack] 0x000000004CB0052C UE4Editor-ApplicationCore.dll!UnknownFunction []
[2018.05.13-03.27.31:319][225]LogWindows: Error: [Callstack] 0x000000004CAED679 UE4Editor-ApplicationCore.dll!UnknownFunction []
[2018.05.13-03.27.31:319][225]LogWindows: Error: [Callstack] 0x000000005DFCB85D USER32.dll!UnknownFunction []
[2018.05.13-03.27.31:319][225]LogWindows: Error: [Callstack] 0x000000005DFCB1EF USER32.dll!UnknownFunction []
[2018.05.13-03.27.31:319][225]LogWindows: Error: [Callstack] 0x000000004CB01666 UE4Editor-ApplicationCore.dll!UnknownFunction []
[2018.05.13-03.27.31:319][225]LogWindows: Error: [Callstack] 0x00000000C07A5475 UE4Editor.exe!UnknownFunction []
[2018.05.13-03.27.31:319][225]LogWindows: Error: [Callstack] 0x00000000C07B6BD0 UE4Editor.exe!UnknownFunction []
[2018.05.13-03.27.31:319][225]LogWindows: Error: [Callstack] 0x00000000C07B6C4A UE4Editor.exe!UnknownFunction []
[2018.05.13-03.27.31:319][225]LogWindows: Error: [Callstack] 0x00000000C07C4177 UE4Editor.exe!UnknownFunction []
[2018.05.13-03.27.31:319][225]LogWindows: Error: [Callstack] 0x00000000C07C5B87 UE4Editor.exe!UnknownFunction []
[2018.05.13-03.27.31:319][225]LogWindows: Error: [Callstack] 0x000000005E9E1FE4 KERNEL32.DLL!UnknownFunction []
[2018.05.13-03.27.31:319][225]LogWindows: Error: [Callstack] 0x00000000606CF061 ntdll.dll!UnknownFunction []
[2018.05.13-03.27.31:319][225]LogWindows: Error: [Callstack] 0x00000000606CF061 ntdll.dll!UnknownFunction []
[2018.05.13-03.27.31:320][225]LogWindows: Error: 
[2018.05.13-03.27.31:334][225]LogExit: Executing StaticShutdownAfterError
[2018.05.13-03.27.31:336][225]LogWindows: FPlatformMisc::RequestExit(1)
[2018.05.13-03.27.31:336][225]Log file closed, 05/13/18 05:27:31
