Log file open, 05/13/18 17:30:26
LogWindows: Failed to load 'aqProf.dll' (GetLastError=126)
LogWindows: File 'aqProf.dll' does not exist
LogWindows: Failed to load 'VtuneApi.dll' (GetLastError=126)
LogWindows: File 'VtuneApi.dll' does not exist
LogWindows: Failed to load 'VtuneApi32e.dll' (GetLastError=126)
LogWindows: File 'VtuneApi32e.dll' does not exist
LogInit: Display: Running engine for game: ProjectExposure
LogPlatformFile: Not using cached read wrapper
LogInit: Display: RandInit(-1908113240) SRandInit(-1908113240).
LogInit: Read version file with build ID '3944462'
LogInit: Overriding engine version to CL 4033788, compatible CL 3944462
LogInit: Registered custom module enumerator with build ID '3944462'
LogTaskGraph: Started task graph with 5 named threads and 23 total threads with 3 sets of task threads.
LogStats: Stats thread started at 0.293251
LogD3D11RHI: Aftermath initialized
LogICUInternationalization: Display: ICU TimeZone Detection - Raw Offset: +1:00, Platform Override: ''
LogPluginManager: Mounting plugin Paper2D
LogPluginManager: Mounting plugin LiveLink
LogPluginManager: Mounting plugin LightPropagationVolume
LogPluginManager: Mounting plugin CLionSourceCodeAccess
LogPluginManager: Mounting plugin CodeLiteSourceCodeAccess
LogPluginManager: Mounting plugin GitSourceControl
LogPluginManager: Mounting plugin KDevelopSourceCodeAccess
LogPluginManager: Mounting plugin NullSourceCodeAccess
LogPluginManager: Mounting plugin PerforceSourceControl
LogPluginManager: Mounting plugin SubversionSourceControl
LogPluginManager: Mounting plugin UObjectPlugin
LogPluginManager: Mounting plugin VisualStudioCodeSourceCodeAccess
LogPluginManager: Mounting plugin VisualStudioSourceCodeAccess
LogPluginManager: Mounting plugin XCodeSourceCodeAccess
LogPluginManager: Mounting plugin AssetManagerEditor
LogPluginManager: Mounting plugin CryptoKeys
LogPluginManager: Mounting plugin DataValidation
LogPluginManager: Mounting plugin FacialAnimation
LogPluginManager: Mounting plugin GameplayTagsEditor
LogPluginManager: Mounting plugin MobileLauncherProfileWizard
LogPluginManager: Mounting plugin PluginBrowser
LogPluginManager: Mounting plugin SpeedTreeImporter
LogPluginManager: Mounting plugin DatasmithContent
LogPluginManager: Mounting plugin AlembicImporter
LogPluginManager: Mounting plugin CharacterAI
LogPluginManager: Mounting plugin HTML5Networking
LogPluginManager: Mounting plugin Substance
LogPluginManager: Mounting plugin AndroidMedia
LogPluginManager: Mounting plugin AvfMedia
LogPluginManager: Mounting plugin ImgMedia
LogPluginManager: Mounting plugin LinearTimecode
LogPluginManager: Mounting plugin MediaCompositing
LogPluginManager: Mounting plugin MediaPlayerEditor
LogPluginManager: Mounting plugin WmfMedia
LogPluginManager: Mounting plugin TcpMessaging
LogPluginManager: Mounting plugin UdpMessaging
LogPluginManager: Mounting plugin ActorSequence
LogPluginManager: Mounting plugin LevelSequenceEditor
LogPluginManager: Mounting plugin MatineeToLevelSequence
LogPluginManager: Mounting plugin NetcodeUnitTest
LogPluginManager: Mounting plugin NUTUnrealEngine4
LogPluginManager: Mounting plugin OnlineSubsystemGooglePlay
LogPluginManager: Mounting plugin OnlineSubsystemIOS
LogPluginManager: Mounting plugin OnlineSubsystem
LogPluginManager: Mounting plugin OnlineSubsystemNull
LogPluginManager: Mounting plugin OnlineSubsystemUtils
LogPluginManager: Mounting plugin AndroidDeviceProfileSelector
LogPluginManager: Mounting plugin AndroidMoviePlayer
LogPluginManager: Mounting plugin AndroidPermission
LogPluginManager: Mounting plugin AppleARKit
LogPluginManager: Mounting plugin AppleMoviePlayer
LogPluginManager: Mounting plugin ArchVisCharacter
LogPluginManager: Mounting plugin AudioCapture
LogPluginManager: Mounting plugin CableComponent
LogPluginManager: Mounting plugin CustomMeshComponent
LogPluginManager: Mounting plugin ExampleDeviceProfileSelector
LogPluginManager: Mounting plugin GoogleCloudMessaging
LogPluginManager: Mounting plugin ImmediatePhysics
LogPluginManager: Mounting plugin IOSDeviceProfileSelector
LogPluginManager: Mounting plugin LinuxDeviceProfileSelector
LogPluginManager: Mounting plugin LocationServicesBPLibrary
LogPluginManager: Mounting plugin MobilePatchingUtils
LogPluginManager: Mounting plugin OculusVR
LogPluginManager: Plugin shader directory ../../../Engine/Plugins/Runtime/Oculus/OculusVR/Shaders found
LogPluginManager: Mapping shader source directory ../../../Engine/Plugins/Runtime/Oculus/OculusVR/Shaders to virtual directory /Plugin/OculusVR
LogPluginManager: Mounting plugin PhysXVehicles
LogPluginManager: Mounting plugin ProceduralMeshComponent
LogPluginManager: Mounting plugin RuntimePhysXCooking
LogPluginManager: Mounting plugin SteamVR
LogPluginManager: Mounting plugin WindowsMoviePlayer
LogStreaming: Display: Took  0.351s to configure plugins.
LogModuleManager: Display: Found up-to-date module file D:/Game_Development/Git/ProjectExposure/Binaries/Win64/UE4Editor-ProjectExposure-290.dll (API version 3944462).
LogModuleManager: Display: Found up-to-date module file ../../../Engine/Plugins/2D/Paper2D/Binaries/Win64/UE4Editor-Paper2D.dll (API version 3944462).
LogModuleManager: Display: Found up-to-date module file ../../../Engine/Plugins/2D/Paper2D/Binaries/Win64/UE4Editor-Paper2DEditor.dll (API version 3944462).
LogModuleManager: Display: Found up-to-date module file ../../../Engine/Plugins/2D/Paper2D/Binaries/Win64/UE4Editor-PaperSpriteSheetImporter.dll (API version 3944462).
LogModuleManager: Display: Found up-to-date module file ../../../Engine/Plugins/2D/Paper2D/Binaries/Win64/UE4Editor-PaperTiledImporter.dll (API version 3944462).
LogModuleManager: Display: Found up-to-date module file ../../../Engine/Plugins/2D/Paper2D/Binaries/Win64/UE4Editor-SmartSnapping.dll (API version 3944462).
LogModuleManager: Display: Found up-to-date module file ../../../Engine/Plugins/Animation/LiveLink/Binaries/Win64/UE4Editor-LiveLink.dll (API version 3944462).
LogModuleManager: Display: Found up-to-date module file ../../../Engine/Plugins/Animation/LiveLink/Binaries/Win64/UE4Editor-LiveLinkEditor.dll (API version 3944462).
LogModuleManager: Display: Found up-to-date module file ../../../Engine/Plugins/Blendables/LightPropagationVolume/Binaries/Win64/UE4Editor-LightPropagationVolumeRuntime.dll (API version 3944462).
LogModuleManager: Display: Found up-to-date module file ../../../Engine/Plugins/Blendables/LightPropagationVolume/Binaries/Win64/UE4Editor-LightPropagationVolumeEditor.dll (API version 3944462).
LogModuleManager: Display: Found up-to-date module file ../../../Engine/Plugins/Developer/CLionSourceCodeAccess/Binaries/Win64/UE4Editor-CLionSourceCodeAccess.dll (API version 3944462).
LogModuleManager: Display: Found up-to-date module file ../../../Engine/Plugins/Developer/GitSourceControl/Binaries/Win64/UE4Editor-GitSourceControl.dll (API version 3944462).
LogModuleManager: Display: Found up-to-date module file ../../../Engine/Plugins/Developer/PerforceSourceControl/Binaries/Win64/UE4Editor-PerforceSourceControl.dll (API version 3944462).
LogModuleManager: Display: Found up-to-date module file ../../../Engine/Plugins/Developer/SubversionSourceControl/Binaries/Win64/UE4Editor-SubversionSourceControl.dll (API version 3944462).
LogModuleManager: Display: Found up-to-date module file ../../../Engine/Plugins/Developer/UObjectPlugin/Binaries/Win64/UE4Editor-UObjectPlugin.dll (API version 3944462).
LogModuleManager: Display: Found up-to-date module file ../../../Engine/Plugins/Developer/VisualStudioCodeSourceCodeAccess/Binaries/Win64/UE4Editor-VisualStudioCodeSourceCodeAccess.dll (API version 3944462).
LogModuleManager: Display: Found up-to-date module file ../../../Engine/Plugins/Developer/VisualStudioSourceCodeAccess/Binaries/Win64/UE4Editor-VisualStudioSourceCodeAccess.dll (API version 3944462).
LogModuleManager: Display: Found up-to-date module file ../../../Engine/Plugins/Editor/AssetManagerEditor/Binaries/Win64/UE4Editor-AssetManagerEditor.dll (API version 3944462).
LogModuleManager: Display: Found up-to-date module file ../../../Engine/Plugins/Editor/CryptoKeys/Binaries/Win64/UE4Editor-CryptoKeys.dll (API version 3944462).
LogModuleManager: Display: Found up-to-date module file ../../../Engine/Plugins/Editor/CryptoKeys/Binaries/Win64/UE4Editor-CryptoKeysOpenSSL.dll (API version 3944462).
LogModuleManager: Display: Found up-to-date module file ../../../Engine/Plugins/Editor/DataValidation/Binaries/Win64/UE4Editor-DataValidation.dll (API version 3944462).
LogModuleManager: Display: Found up-to-date module file ../../../Engine/Plugins/Editor/FacialAnimation/Binaries/Win64/UE4Editor-FacialAnimation.dll (API version 3944462).
LogModuleManager: Display: Found up-to-date module file ../../../Engine/Plugins/Editor/FacialAnimation/Binaries/Win64/UE4Editor-FacialAnimationEditor.dll (API version 3944462).
LogModuleManager: Display: Found up-to-date module file ../../../Engine/Plugins/Editor/GameplayTagsEditor/Binaries/Win64/UE4Editor-GameplayTagsEditor.dll (API version 3944462).
LogModuleManager: Display: Found up-to-date module file ../../../Engine/Plugins/Editor/MobileLauncherProfileWizard/Binaries/Win64/UE4Editor-MobileLauncherProfileWizard.dll (API version 3944462).
LogModuleManager: Display: Found up-to-date module file ../../../Engine/Plugins/Editor/PluginBrowser/Binaries/Win64/UE4Editor-PluginBrowser.dll (API version 3944462).
LogModuleManager: Display: Found up-to-date module file ../../../Engine/Plugins/Editor/SpeedTreeImporter/Binaries/Win64/UE4Editor-SpeedTreeImporter.dll (API version 3944462).
LogModuleManager: Display: Found up-to-date module file ../../../Engine/Plugins/Enterprise/DatasmithContent/Binaries/Win64/UE4Editor-DatasmithContent.dll (API version 3944462).
LogModuleManager: Display: Found up-to-date module file ../../../Engine/Plugins/Experimental/AlembicImporter/Binaries/Win64/UE4Editor-AlembicImporter.dll (API version 3944462).
LogModuleManager: Display: Found up-to-date module file ../../../Engine/Plugins/Experimental/AlembicImporter/Binaries/Win64/UE4Editor-AlembicLibrary.dll (API version 3944462).
LogModuleManager: Display: Found up-to-date module file ../../../Engine/Plugins/Experimental/CharacterAI/Binaries/Win64/UE4Editor-CharacterAI.dll (API version 3944462).
LogModuleManager: Display: Found up-to-date module file ../../../Engine/Plugins/Experimental/HTML5Networking/Binaries/Win64/UE4Editor-HTML5Networking.dll (API version 3944462).
LogModuleManager: Display: Found up-to-date module file ../../../Engine/Plugins/Marketplace/Substance/Binaries/Win64/UE4Editor-SubstanceCore.dll (API version 3944462).
LogModuleManager: Display: Found up-to-date module file ../../../Engine/Plugins/Marketplace/Substance/Binaries/Win64/UE4Editor-SubstanceEditor.dll (API version 3944462).
LogModuleManager: Display: Found up-to-date module file ../../../Engine/Plugins/Marketplace/Substance/Binaries/Win64/UE4Editor-SubstanceSource.dll (API version 3944462).
LogModuleManager: Display: Found up-to-date module file ../../../Engine/Plugins/Marketplace/Substance/Binaries/Win64/UE4Editor-SubstanceLiveLink.dll (API version 3944462).
LogModuleManager: Display: Found up-to-date module file ../../../Engine/Plugins/Media/AndroidMedia/Binaries/Win64/UE4Editor-AndroidMediaEditor.dll (API version 3944462).
LogModuleManager: Display: Found up-to-date module file ../../../Engine/Plugins/Media/AndroidMedia/Binaries/Win64/UE4Editor-AndroidMediaFactory.dll (API version 3944462).
LogModuleManager: Display: Found up-to-date module file ../../../Engine/Plugins/Media/AvfMedia/Binaries/Win64/UE4Editor-AvfMediaEditor.dll (API version 3944462).
LogModuleManager: Display: Found up-to-date module file ../../../Engine/Plugins/Media/AvfMedia/Binaries/Win64/UE4Editor-AvfMediaFactory.dll (API version 3944462).
LogModuleManager: Display: Found up-to-date module file ../../../Engine/Plugins/Media/AvfMedia/Binaries/Win64/UE4Editor-AvfMediaFactory.dll (API version 3944462).
LogModuleManager: Display: Found up-to-date module file ../../../Engine/Plugins/Media/ImgMedia/Binaries/Win64/UE4Editor-ImgMedia.dll (API version 3944462).
LogModuleManager: Display: Found up-to-date module file ../../../Engine/Plugins/Media/ImgMedia/Binaries/Win64/UE4Editor-ImgMediaEditor.dll (API version 3944462).
LogModuleManager: Display: Found up-to-date module file ../../../Engine/Plugins/Media/ImgMedia/Binaries/Win64/UE4Editor-ImgMediaFactory.dll (API version 3944462).
LogModuleManager: Display: Found up-to-date module file ../../../Engine/Plugins/Media/ImgMedia/Binaries/Win64/UE4Editor-ImgMediaFactory.dll (API version 3944462).
LogModuleManager: Display: Found up-to-date module file ../../../Engine/Plugins/Media/ImgMedia/Binaries/Win64/UE4Editor-OpenExrWrapper.dll (API version 3944462).
LogModuleManager: Display: Found up-to-date module file ../../../Engine/Plugins/Media/LinearTimecode/Binaries/Win64/UE4Editor-LinearTimecode.dll (API version 3944462).
LogModuleManager: Display: Found up-to-date module file ../../../Engine/Plugins/Media/MediaCompositing/Binaries/Win64/UE4Editor-MediaCompositing.dll (API version 3944462).
LogModuleManager: Display: Found up-to-date module file ../../../Engine/Plugins/Media/MediaCompositing/Binaries/Win64/UE4Editor-MediaCompositingEditor.dll (API version 3944462).
LogModuleManager: Display: Found up-to-date module file ../../../Engine/Plugins/Media/MediaPlayerEditor/Binaries/Win64/UE4Editor-MediaPlayerEditor.dll (API version 3944462).
LogModuleManager: Display: Found up-to-date module file ../../../Engine/Plugins/Media/WmfMedia/Binaries/Win64/UE4Editor-WmfMedia.dll (API version 3944462).
LogModuleManager: Display: Found up-to-date module file ../../../Engine/Plugins/Media/WmfMedia/Binaries/Win64/UE4Editor-WmfMediaEditor.dll (API version 3944462).
LogModuleManager: Display: Found up-to-date module file ../../../Engine/Plugins/Media/WmfMedia/Binaries/Win64/UE4Editor-WmfMediaFactory.dll (API version 3944462).
LogModuleManager: Display: Found up-to-date module file ../../../Engine/Plugins/Media/WmfMedia/Binaries/Win64/UE4Editor-WmfMediaFactory.dll (API version 3944462).
LogModuleManager: Display: Found up-to-date module file ../../../Engine/Plugins/Messaging/TcpMessaging/Binaries/Win64/UE4Editor-TcpMessaging.dll (API version 3944462).
LogModuleManager: Display: Found up-to-date module file ../../../Engine/Plugins/Messaging/UdpMessaging/Binaries/Win64/UE4Editor-UdpMessaging.dll (API version 3944462).
LogModuleManager: Display: Found up-to-date module file ../../../Engine/Plugins/MovieScene/ActorSequence/Binaries/Win64/UE4Editor-ActorSequence.dll (API version 3944462).
LogModuleManager: Display: Found up-to-date module file ../../../Engine/Plugins/MovieScene/LevelSequenceEditor/Binaries/Win64/UE4Editor-LevelSequenceEditor.dll (API version 3944462).
LogModuleManager: Display: Found up-to-date module file ../../../Engine/Plugins/MovieScene/MatineeToLevelSequence/Binaries/Win64/UE4Editor-MatineeToLevelSequence.dll (API version 3944462).
LogModuleManager: Display: Found up-to-date module file ../../../Engine/Plugins/NetcodeUnitTest/NetcodeUnitTest/Binaries/Win64/UE4Editor-NetcodeUnitTest.dll (API version 3944462).
LogModuleManager: Display: Found up-to-date module file ../../../Engine/Plugins/NetcodeUnitTest/NUTUnrealEngine4/Binaries/Win64/UE4Editor-NUTUnrealEngine4.dll (API version 3944462).
LogModuleManager: Display: Found up-to-date module file ../../../Engine/Plugins/Online/OnlineSubsystem/Binaries/Win64/UE4Editor-OnlineSubsystem.dll (API version 3944462).
LogModuleManager: Display: Found up-to-date module file ../../../Engine/Plugins/Online/OnlineSubsystemNull/Binaries/Win64/UE4Editor-OnlineSubsystemNull.dll (API version 3944462).
LogModuleManager: Display: Found up-to-date module file ../../../Engine/Plugins/Online/OnlineSubsystemUtils/Binaries/Win64/UE4Editor-OnlineSubsystemUtils.dll (API version 3944462).
LogModuleManager: Display: Found up-to-date module file ../../../Engine/Plugins/Online/OnlineSubsystemUtils/Binaries/Win64/UE4Editor-OnlineBlueprintSupport.dll (API version 3944462).
LogModuleManager: Display: Found up-to-date module file ../../../Engine/Plugins/Runtime/AndroidDeviceProfileSelector/Binaries/Win64/UE4Editor-AndroidDeviceProfileSelector.dll (API version 3944462).
LogModuleManager: Display: Found up-to-date module file ../../../Engine/Plugins/Runtime/AndroidPermission/Binaries/Win64/UE4Editor-AndroidPermission.dll (API version 3944462).
LogModuleManager: Display: Found up-to-date module file ../../../Engine/Plugins/Runtime/AppleARKit/Binaries/Win64/UE4Editor-AppleARKit.dll (API version 3944462).
LogModuleManager: Display: Found up-to-date module file ../../../Engine/Plugins/Runtime/ArchVisCharacter/Binaries/Win64/UE4Editor-ArchVisCharacter.dll (API version 3944462).
LogModuleManager: Display: Found up-to-date module file ../../../Engine/Plugins/Runtime/AudioCapture/Binaries/Win64/UE4Editor-AudioCapture.dll (API version 3944462).
LogModuleManager: Display: Found up-to-date module file ../../../Engine/Plugins/Runtime/AudioCapture/Binaries/Win64/UE4Editor-AudioCaptureEditor.dll (API version 3944462).
LogModuleManager: Display: Found up-to-date module file ../../../Engine/Plugins/Runtime/CableComponent/Binaries/Win64/UE4Editor-CableComponent.dll (API version 3944462).
LogModuleManager: Display: Found up-to-date module file ../../../Engine/Plugins/Runtime/CustomMeshComponent/Binaries/Win64/UE4Editor-CustomMeshComponent.dll (API version 3944462).
LogModuleManager: Display: Found up-to-date module file ../../../Engine/Plugins/Runtime/ExampleDeviceProfileSelector/Binaries/Win64/UE4Editor-ExampleDeviceProfileSelector.dll (API version 3944462).
LogModuleManager: Display: Found up-to-date module file ../../../Engine/Plugins/Runtime/ImmediatePhysics/Binaries/Win64/UE4Editor-ImmediatePhysics.dll (API version 3944462).
LogModuleManager: Display: Found up-to-date module file ../../../Engine/Plugins/Runtime/ImmediatePhysics/Binaries/Win64/UE4Editor-ImmediatePhysicsEditor.dll (API version 3944462).
LogModuleManager: Display: Found up-to-date module file ../../../Engine/Plugins/Runtime/LocationServicesBPLibrary/Binaries/Win64/UE4Editor-LocationServicesBPLibrary.dll (API version 3944462).
LogModuleManager: Display: Found up-to-date module file ../../../Engine/Plugins/Runtime/MobilePatchingUtils/Binaries/Win64/UE4Editor-MobilePatchingUtils.dll (API version 3944462).
LogModuleManager: Display: Found up-to-date module file ../../../Engine/Plugins/Runtime/Oculus/OculusVR/Binaries/Win64/UE4Editor-OculusHMD.dll (API version 3944462).
LogModuleManager: Display: Found up-to-date module file ../../../Engine/Plugins/Runtime/Oculus/OculusVR/Binaries/Win64/UE4Editor-OculusInput.dll (API version 3944462).
LogModuleManager: Display: Found up-to-date module file ../../../Engine/Plugins/Runtime/Oculus/OculusVR/Binaries/Win64/UE4Editor-OculusEditor.dll (API version 3944462).
LogModuleManager: Display: Found up-to-date module file ../../../Engine/Plugins/Runtime/PhysXVehicles/Binaries/Win64/UE4Editor-PhysXVehicles.dll (API version 3944462).
LogModuleManager: Display: Found up-to-date module file ../../../Engine/Plugins/Runtime/PhysXVehicles/Binaries/Win64/UE4Editor-PhysXVehiclesEditor.dll (API version 3944462).
LogModuleManager: Display: Found up-to-date module file ../../../Engine/Plugins/Runtime/ProceduralMeshComponent/Binaries/Win64/UE4Editor-ProceduralMeshComponent.dll (API version 3944462).
LogModuleManager: Display: Found up-to-date module file ../../../Engine/Plugins/Runtime/ProceduralMeshComponent/Binaries/Win64/UE4Editor-ProceduralMeshComponentEditor.dll (API version 3944462).
LogModuleManager: Display: Found up-to-date module file ../../../Engine/Plugins/Runtime/RuntimePhysXCooking/Binaries/Win64/UE4Editor-RuntimePhysXCooking.dll (API version 3944462).
LogModuleManager: Display: Found up-to-date module file ../../../Engine/Plugins/Runtime/Steam/SteamVR/Binaries/Win64/UE4Editor-SteamVR.dll (API version 3944462).
LogModuleManager: Display: Found up-to-date module file ../../../Engine/Plugins/Runtime/Steam/SteamVR/Binaries/Win64/UE4Editor-SteamVRController.dll (API version 3944462).
LogModuleManager: Display: Found up-to-date module file ../../../Engine/Plugins/Runtime/WindowsMoviePlayer/Binaries/Win64/UE4Editor-WindowsMoviePlayer.dll (API version 3944462).
LogInit: Using libcurl 7.47.1
LogInit:  - built for x86_64-pc-win32
LogInit:  - supports SSL with OpenSSL/1.0.2g
LogInit:  - supports HTTP deflate (compression) using libz 1.2.8
LogInit:  - other features:
LogInit:      CURL_VERSION_SSL
LogInit:      CURL_VERSION_LIBZ
LogInit:      CURL_VERSION_IPV6
LogInit:      CURL_VERSION_ASYNCHDNS
LogInit:      CURL_VERSION_LARGEFILE
LogInit:      CURL_VERSION_IDN
LogInit:  CurlRequestOptions (configurable via config and command line):
LogInit:  - bVerifyPeer = false  - Libcurl will NOT verify peer certificate
LogInit:  - bUseHttpProxy = false  - Libcurl will NOT use HTTP proxy
LogInit:  - bDontReuseConnections = false  - Libcurl will reuse connections
LogInit:  - CertBundlePath = nullptr  - Libcurl will use whatever was configured at build time.
LogInit:  - MaxHostConnections = 16  - Libcurl will limit the number of connections to a host
LogInit:  - LocalHostAddr = Default
LogInit: WinSock: version 1.1 (2.2), MaxSocks=32767, MaxUdp=65467
LogInit: WinSock: I am LAPTOP-5P6GUPO7 (192.168.1.14:0)
LogInit: Build: ++UE4+Release-4.19-CL-4033788
LogInit: Engine Version: 4.19.2-4033788+++UE4+Release-4.19
LogInit: Compatible Engine Version: 4.19.0-3944462+++UE4+Release-4.19
LogInit: Net CL: 3944462
LogDevObjectVersion: Number of dev versions registered: 18
LogDevObjectVersion:   Dev-Blueprints (B0D832E4-1F89-4F0D-ACCF-7EB736FD4AA2): 10
LogDevObjectVersion:   Dev-Build (E1C64328-A22C-4D53-A36C-8E866417BD8C): 0
LogDevObjectVersion:   Dev-Core (375EC13C-06E4-48FB-B500-84F0262A717E): 2
LogDevObjectVersion:   Dev-Editor (E4B068ED-F494-42E9-A231-DA0B2E46BB41): 23
LogDevObjectVersion:   Dev-Framework (CFFC743F-43B0-4480-9391-14DF171D2073): 33
LogDevObjectVersion:   Dev-Mobile (B02B49B5-BB20-44E9-A304-32B752E40360): 2
LogDevObjectVersion:   Dev-Networking (A4E4105C-59A1-49B5-A7C5-40C4547EDFEE): 0
LogDevObjectVersion:   Dev-Online (39C831C9-5AE6-47DC-9A44-9C173E1C8E7C): 0
LogDevObjectVersion:   Dev-Physics (78F01B33-EBEA-4F98-B9B4-84EACCB95AA2): 0
LogDevObjectVersion:   Dev-Platform (6631380F-2D4D-43E0-8009-CF276956A95A): 0
LogDevObjectVersion:   Dev-Rendering (12F88B9F-8875-4AFC-A67C-D90C383ABD29): 25
LogDevObjectVersion:   Dev-Sequencer (7B5AE74C-D270-4C10-A958-57980B212A5A): 6
LogDevObjectVersion:   Dev-VR (D7296918-1DD6-4BDD-9DE2-64A83CC13884): 1
LogDevObjectVersion:   Dev-LoadTimes (C2A15278-BFE7-4AFE-6C17-90FF531DF755): 1
LogDevObjectVersion:   Private-Geometry (6EACA3D4-40EC-4CC1-B786-8BED09428FC5): 2
LogDevObjectVersion:   Dev-AnimPhys (29E575DD-E0A3-4627-9D10-D276232CDCEA): 16
LogDevObjectVersion:   Dev-ReflectionCapture (6B266CEC-1EC7-4B8F-A30B-E4D90942FC07): 1
LogDevObjectVersion:   Dev-Automation (0DF73D61-A23F-47EA-B727-89E90C41499A): 1
LogInit: Compiled (64-bit): Apr 27 2018 02:06:57
LogInit: Compiled with Visual C++: 19.00.24215.01
LogInit: Build Configuration: Development
LogInit: Branch Name: ++UE4+Release-4.19
LogInit: Command Line: -EpicPortal
LogInit: Base Directory: C:/Program Files/Epic Games/UE_4.19/Engine/Binaries/Win64/
LogInit: Installed Engine Build: 1
LogStreaming: Display: Took  0.033s to delete old logs.
LogInit: Presizing for max 8388607 objects, including 0 objects not considered by GC, pre-allocating 0 bytes for permanent pool.
LogInit: Object subsystem initialized
[2018.05.13-15.30.29:759][  0]LogInit: Selected Device Profile: [Windows]
[2018.05.13-15.30.29:759][  0]LogInit: Applying CVar settings loaded from the selected device profile: [Windows]
[2018.05.13-15.30.29:794][  0]LogInit: Computer: LAPTOP-5P6GUPO7
[2018.05.13-15.30.29:794][  0]LogInit: User: Trym
[2018.05.13-15.30.29:794][  0]LogInit: CPU Page size=4096, Cores=4
[2018.05.13-15.30.29:794][  0]LogInit: High frequency timer resolution =2.531249 MHz
[2018.05.13-15.30.29:795][  0]LogMemory: Memory total: Physical=15.9GB (16GB approx)
[2018.05.13-15.30.29:795][  0]LogMemory: Platform Memory Stats for Windows
[2018.05.13-15.30.29:795][  0]LogMemory: Process Physical Memory: 276.22 MB used, 276.22 MB peak
[2018.05.13-15.30.29:795][  0]LogMemory: Process Virtual Memory: 264.92 MB used, 264.92 MB peak
[2018.05.13-15.30.29:795][  0]LogMemory: Physical Memory: 8873.05 MB used,  7391.73 MB free, 16264.78 MB total
[2018.05.13-15.30.29:795][  0]LogMemory: Virtual Memory: 679.24 MB used,  7391.73 MB free, 134217728.00 MB total
[2018.05.13-15.30.29:852][  0]LogInit: Using OS detected language (nb-NO).
[2018.05.13-15.30.29:852][  0]LogInit: Using OS detected locale (nb-NO).
[2018.05.13-15.30.29:869][  0]LogTextLocalizationManager: No localization for 'nb-NO' exists, so 'en' will be used for the language.
[2018.05.13-15.30.30:339][  0]LogStreaming: Display: Took  0.486s to EndInitTextLocalization.
[2018.05.13-15.30.30:339][  0]LogInit: Setting process to per monitor DPI aware
[2018.05.13-15.30.30:375][  0]LogSlate: New Slate User Created.  User Index 0, Is Virtual User: 0
[2018.05.13-15.30.30:375][  0]LogSlate: Slate User Registered.  User Index 0, Is Virtual User: 0
[2018.05.13-15.30.30:738][  0]LogD3D11RHI: D3D11 adapters:
[2018.05.13-15.30.30:768][  0]LogD3D11RHI:    0. 'NVIDIA GeForce GTX 960M' (Feature Level 11_0)
[2018.05.13-15.30.30:768][  0]LogD3D11RHI:       4064/0/8132 MB DedicatedVideo/DedicatedSystem/SharedSystem, Outputs:1, VendorId:0x10de
[2018.05.13-15.30.30:775][  0]LogD3D11RHI:    1. 'Intel(R) HD Graphics 530' (Feature Level 11_0)
[2018.05.13-15.30.30:775][  0]LogD3D11RHI:       128/0/8132 MB DedicatedVideo/DedicatedSystem/SharedSystem, Outputs:0, VendorId:0x8086
[2018.05.13-15.30.30:779][  0]LogD3D11RHI:    2. 'Microsoft Basic Render Driver' (Feature Level 11_0)
[2018.05.13-15.30.30:779][  0]LogD3D11RHI:       0/0/8132 MB DedicatedVideo/DedicatedSystem/SharedSystem, Outputs:0, VendorId:0x1414
[2018.05.13-15.30.30:779][  0]LogD3D11RHI: Chosen D3D11 Adapter: 0
[2018.05.13-15.30.30:787][  0]LogD3D11RHI: Creating new Direct3DDevice
[2018.05.13-15.30.30:787][  0]LogD3D11RHI:     GPU DeviceId: 0x139b (for the marketing name, search the web for "GPU Device Id")
[2018.05.13-15.30.30:787][  0]LogWindows: EnumDisplayDevices:
[2018.05.13-15.30.30:788][  0]LogWindows:    0. 'Intel(R) HD Graphics 530' (P:1 D:1)
[2018.05.13-15.30.30:788][  0]LogWindows:    1. 'Intel(R) HD Graphics 530' (P:0 D:0)
[2018.05.13-15.30.30:788][  0]LogWindows:    2. 'Intel(R) HD Graphics 530' (P:0 D:0)
[2018.05.13-15.30.30:788][  0]LogWindows: DebugString: GetVideoDriverDetailsInvalid PrimaryIsNotTheChoosenAdapter GetVideoDriverDetailsInvalid PrimaryIsNotTheChoosenAdapter GetVideoDriverDetailsInvalid PrimaryIsNotTheChoosenAdapter FoundDriverCount:0 
[2018.05.13-15.30.30:788][  0]LogD3D11RHI:     Adapter Name: NVIDIA GeForce GTX 960M
[2018.05.13-15.30.30:788][  0]LogD3D11RHI:   Driver Version: Unknown (internal:Unknown, unified:Unknown)
[2018.05.13-15.30.30:788][  0]LogD3D11RHI:      Driver Date: Unknown
[2018.05.13-15.30.30:788][  0]LogRHI: Texture pool is 2845 MB (70% of 4064 MB)
[2018.05.13-15.30.30:806][  0]LogD3D11RHI: [Aftermath] Aftermath enabled but failed to initialize
[2018.05.13-15.30.30:806][  0]LogD3D11RHI: [Aftermath] Aftermath enabled and primed
[2018.05.13-15.30.30:806][  0]LogD3D11RHI: Async texture creation enabled
[2018.05.13-15.30.30:820][  0]LogD3D11RHI: GPU Timing Frequency: 1000.000000 (Debug: 2 1)
[2018.05.13-15.30.30:821][  0]LogShaderCompilers: Guid format shader working directory is 5 characters bigger than the processId version (D:/Game_Development/Git/ProjectExposure/Intermediate/Shaders/WorkingDirectory/32748/).
[2018.05.13-15.30.30:821][  0]LogShaderCompilers: Cleaned the shader compiler working directory 'C:/Users/Trym/AppData/Local/Temp/UnrealShaderWorkingDir/495BF2E8465491F2CAAB6382DE4B5EAD/'.
[2018.05.13-15.30.31:148][  0]LogTemp: Display: Loaded TP AllDesktopTargetPlatform
[2018.05.13-15.30.31:164][  0]LogTemp: Display: Loaded TP MacClientTargetPlatform
[2018.05.13-15.30.31:179][  0]LogTemp: Display: Loaded TP MacNoEditorTargetPlatform
[2018.05.13-15.30.31:194][  0]LogTemp: Display: Loaded TP MacServerTargetPlatform
[2018.05.13-15.30.31:210][  0]LogTemp: Display: Loaded TP MacTargetPlatform
[2018.05.13-15.30.31:226][  0]LogTemp: Display: Loaded TP WindowsClientTargetPlatform
[2018.05.13-15.30.31:242][  0]LogTemp: Display: Loaded TP WindowsNoEditorTargetPlatform
[2018.05.13-15.30.31:258][  0]LogTemp: Display: Loaded TP WindowsServerTargetPlatform
[2018.05.13-15.30.31:265][  0]LogTemp: Display: Loaded TP WindowsTargetPlatform
[2018.05.13-15.30.31:279][  0]LogTemp: Display: Loaded TP Android_ASTCTargetPlatform
[2018.05.13-15.30.31:293][  0]LogTemp: Display: Loaded TP Android_ATCTargetPlatform
[2018.05.13-15.30.31:306][  0]LogTemp: Display: Loaded TP Android_DXTTargetPlatform
[2018.05.13-15.30.31:319][  0]LogTemp: Display: Loaded TP Android_ETC1aTargetPlatform
[2018.05.13-15.30.31:332][  0]LogTemp: Display: Loaded TP Android_ETC1TargetPlatform
[2018.05.13-15.30.31:345][  0]LogTemp: Display: Loaded TP Android_ETC2TargetPlatform
[2018.05.13-15.30.31:372][  0]LogTemp: Display: Loaded TP Android_MultiTargetPlatform
[2018.05.13-15.30.31:372][  0]LogTemp: Display: Loaded TP Android_PVRTCTargetPlatform
[2018.05.13-15.30.31:386][  0]LogTemp: Display: Loaded TP AndroidTargetPlatform
[2018.05.13-15.30.31:388][  0]LogTemp: Display: Loaded TP HTML5TargetPlatform
[2018.05.13-15.30.31:430][  0]LogTemp: Display: Loaded TP IOSTargetPlatform
[2018.05.13-15.30.31:441][  0]LogTemp: Display: Loaded TP TVOSTargetPlatform
[2018.05.13-15.30.31:454][  0]LogTemp: Display: Loaded TP LinuxClientTargetPlatform
[2018.05.13-15.30.31:467][  0]LogTemp: Display: Loaded TP LinuxNoEditorTargetPlatform
[2018.05.13-15.30.31:481][  0]LogTemp: Display: Loaded TP LinuxServerTargetPlatform
[2018.05.13-15.30.31:496][  0]LogTemp: Display: Loaded TP LinuxTargetPlatform
[2018.05.13-15.30.31:496][  0]LogTargetPlatformManager: Display: Building Assets For Windows
[2018.05.13-15.30.31:679][  0]LogXGEController: Cannot use XGE Controller as Incredibuild is not installed on this machine.
[2018.05.13-15.30.31:679][  0]LogShaderCompilers: Cannot use XGE Shader Compiler as Incredibuild is not installed on this machine.
[2018.05.13-15.30.31:679][  0]LogShaderCompilers: Display: Using Local Shader Compiler.
[2018.05.13-15.30.32:490][  0]LogDerivedDataCache: Display: Max Cache Size: 512 MB
[2018.05.13-15.30.32:824][  0]LogDerivedDataCache: Loaded boot cache 0.33s 74MB C:/Users/Trym/AppData/Local/UnrealEngine/4.19/DerivedDataCache/Boot.ddc.
[2018.05.13-15.30.32:824][  0]LogDerivedDataCache: Display: Loaded Boot cache: C:/Users/Trym/AppData/Local/UnrealEngine/4.19/DerivedDataCache/Boot.ddc
[2018.05.13-15.30.32:824][  0]LogDerivedDataCache: FDerivedDataBackendGraph:  Pak pak cache file D:/Game_Development/Git/ProjectExposure/DerivedDataCache/DDC.ddp not found, will not use a pak cache.
[2018.05.13-15.30.32:824][  0]LogDerivedDataCache: Unable to find inner node Pak for hierarchical cache Hierarchy.
[2018.05.13-15.30.32:824][  0]LogDerivedDataCache: FDerivedDataBackendGraph:  CompressedPak pak cache file D:/Game_Development/Git/ProjectExposure/DerivedDataCache/Compressed.ddp not found, will not use a pak cache.
[2018.05.13-15.30.32:824][  0]LogDerivedDataCache: Unable to find inner node CompressedPak for hierarchical cache Hierarchy.
[2018.05.13-15.30.32:842][  0]LogDerivedDataCache: Display: Pak cache opened for reading ../../../Engine/DerivedDataCache/Compressed.ddp.
[2018.05.13-15.30.32:856][  0]LogDerivedDataCache: Using Local data cache path C:/Users/Trym/AppData/Local/UnrealEngine/Common/DerivedDataCache: Writable
[2018.05.13-15.30.32:856][  0]LogDerivedDataCache: Shared data cache path not found in *engine.ini, will not use an Shared cache.
[2018.05.13-15.30.32:856][  0]LogDerivedDataCache: Unable to find inner node Shared for hierarchical cache Hierarchy.
[2018.05.13-15.30.32:867][  0]LogMaterial: Verifying Global Shaders for PCD3D_SM5
[2018.05.13-15.30.32:868][  0]LogSlate: Using Freetype 2.6.0
[2018.05.13-15.30.32:871][  0]LogSlate: SlateFontCache - WITH_FREETYPE: 1, WITH_HARFBUZZ: 1
[2018.05.13-15.30.32:871][  0]LogSlate: SlateFontCache - WITH_FREETYPE: 1, WITH_HARFBUZZ: 1
[2018.05.13-15.30.33:375][  0]LogAssetRegistry: FAssetRegistry took 0.0284 seconds to start up
[2018.05.13-15.30.33:735][  0]LogInit: Selected Device Profile: [Windows]
[2018.05.13-15.30.33:928][  0]LogSimplygon: Simplygon DLL not present - disabling.
[2018.05.13-15.30.33:933][  0]LogMeshReduction: Using SimplygonSwarm for distributed automatic mesh merging
[2018.05.13-15.30.33:933][  0]LogMeshReduction: Using QuadricMeshReduction for automatic static mesh reduction
[2018.05.13-15.30.33:933][  0]LogMeshReduction: No automatic skeletal mesh reduction module available
[2018.05.13-15.30.33:933][  0]LogMeshReduction: No automatic mesh merging module available
[2018.05.13-15.30.33:933][  0]LogMeshMerging: No automatic mesh merging module available
[2018.05.13-15.30.33:976][  0]LogNetVersion: ProjectExposure , NetCL: 3944462, EngineNetVer: 2, GameNetVer: 0 (Checksum: 2950170889)
[2018.05.13-15.30.34:479][  0]LogPackageLocalizationCache: Processed 9 localized package path(s) for 1 prioritized culture(s) in 0.062303 seconds
[2018.05.13-15.30.34:484][  0]LogUObjectArray: 36728 objects as part of root set at end of initial load.
[2018.05.13-15.30.34:484][  0]LogUObjectAllocator: 7314304 out of 0 bytes used by permanent object pool.
[2018.05.13-15.30.34:484][  0]LogUObjectArray: CloseDisregardForGC: 0/0 objects in disregard for GC pool
[2018.05.13-15.30.37:128][  0]LogSubstanceCoreModule: Substance [CPU] Engine Loaded, Max Texture Size = 2048
[2018.05.13-15.30.37:160][  0]LogTcpMessaging: Initializing TcpMessaging bridge
[2018.05.13-15.30.37:198][  0]LogUdpMessaging: Initializing bridge on interface 0.0.0.0:0 to multicast group 230.0.0.1:6666.
[2018.05.13-15.30.37:729][  0]SourceControl: Source control is disabled
[2018.05.13-15.30.37:729][  0]SourceControl: Source control is disabled
[2018.05.13-15.30.37:756][  0]SourceControl: Source control is disabled
[2018.05.13-15.30.37:783][  0]SourceControl: Source control is disabled
[2018.05.13-15.30.38:471][  0]LogAndroidPermission: UAndroidPermissionCallbackProxy::GetInstance
[2018.05.13-15.30.38:714][  0]LogOcInput: OculusInput pre-init called
[2018.05.13-15.30.39:053][  0]LogEngine: Initializing Engine...
[2018.05.13-15.30.39:055][  0]LogHMD: Failed to initialize OpenVR with code 110
[2018.05.13-15.30.39:057][  0]LogStats: UGameplayTagsManager::ConstructGameplayTagTree: Construct from data asset -  0.000 s
[2018.05.13-15.30.39:057][  0]LogStats: UGameplayTagsManager::ConstructGameplayTagTree: GameplayTagTreeChangedEvent.Broadcast -  0.000 s
[2018.05.13-15.30.39:298][  0]LogAIModule: Creating AISystem for world Untitled
[2018.05.13-15.30.39:319][  0]LogInit: XAudio2 using 'Høyttalere (G510 Gaming Keyboard)' : 2 channels at 48 kHz using 16 bits per sample (channel mask 0x3)
[2018.05.13-15.30.39:352][  0]LogInit: FAudioDevice initialized.
[2018.05.13-15.30.39:475][  0]LogDerivedDataCache: Saved boot cache 0.12s 74MB C:/Users/Trym/AppData/Local/UnrealEngine/4.19/DerivedDataCache/Boot.ddc.
[2018.05.13-15.30.39:479][  0]LogInit: Texture streaming: Enabled
[2018.05.13-15.30.39:505][  0]LogEngineSessionManager: EngineSessionManager initialized
[2018.05.13-15.30.39:528][  0]LogInit: Transaction tracking system initialized
[2018.05.13-15.30.39:578][  0]BlueprintLog: New page: Editor Load
[2018.05.13-15.30.39:697][  0]LocalizationService: Localization service is disabled
[2018.05.13-15.30.39:816][  0]LogLinker: Warning: Can't find file '/Game/TopDownCPP/TopDownOverview'
[2018.05.13-15.30.39:816][  0]LogLinker: Warning: Can't find file '/Game/TopDownCPP/TopDownOverview'
[2018.05.13-15.30.39:816][  0]LogUObjectGlobals: Warning: Failed to find object 'Class /Game/TopDownCPP/TopDownOverview.TopDownOverview_C'
[2018.05.13-15.30.39:853][  0]LogConsoleResponse: Display: 
[2018.05.13-15.30.40:048][  0]LogCook: Display: Max memory allowance for cook 16384mb min free memory 0mb
[2018.05.13-15.30.40:048][  0]LogCook: Display: Mobile HDR setting 1
[2018.05.13-15.30.40:048][  0]LogGameplayTags: Display: UGameplayTagsManager::DoneAddingNativeTags. DelegateIsBound: 0
[2018.05.13-15.30.40:048][  0]LogStats: UGameplayTagsManager::ConstructGameplayTagTree: Construct from data asset -  0.000 s
[2018.05.13-15.30.40:048][  0]LogStats: UGameplayTagsManager::ConstructGameplayTagTree: GameplayTagTreeChangedEvent.Broadcast -  0.000 s
[2018.05.13-15.30.40:616][  0]LogFileCache: Scanning file cache for directory 'D:/Game_Development/Git/ProjectExposure/Content/' took 0.01s
[2018.05.13-15.30.40:616][  0]SourceControl: Source control is disabled
[2018.05.13-15.30.40:616][  0]Cmd: MAP LOAD FILE="D:/Game_Development/Git/ProjectExposure/Content/StarterContent/Maps/Minimal_Default.umap" TEMPLATE=0 SHOWPROGRESS=1 FEATURELEVEL=3
[2018.05.13-15.30.40:650][  0]LightingResults: New page: Lighting Build
[2018.05.13-15.30.40:656][  0]MapCheck: New page: Map Check
[2018.05.13-15.30.40:656][  0]LightingResults: New page: Lighting Build
[2018.05.13-15.30.41:138][  0]LogAIModule: Creating AISystem for world Minimal_Default
[2018.05.13-15.30.41:149][  0]LogEditorServer: Finished looking for orphan Actors (0.000 secs)
[2018.05.13-15.30.41:161][  0]Cmd: MAP CHECKDEP NOCLEARLOG
[2018.05.13-15.30.41:242][  0]MapCheck: Map check complete: 0 Error(s), 0 Warning(s), took 80,058ms to complete.
[2018.05.13-15.30.41:242][  0]LogFileHelpers: Loading map 'Minimal_Default' took 0.626
[2018.05.13-15.30.41:378][  0]LogCollectionManager: Loaded 0 collections in 0.002310 seconds
[2018.05.13-15.30.41:421][  0]LogFileCache: Scanning file cache for directory 'D:/Game_Development/Git/ProjectExposure/Saved/Collections/' took 0.01s
[2018.05.13-15.30.41:421][  0]LogFileCache: Scanning file cache for directory 'D:/Game_Development/Git/ProjectExposure/Content/Developers/Trym/Collections/' took 0.01s
[2018.05.13-15.30.41:421][  0]LogFileCache: Scanning file cache for directory 'D:/Game_Development/Git/ProjectExposure/Content/Collections/' took 0.01s
[2018.05.13-15.30.41:421][  0]LogCollectionManager: Rebuilt the GUID cache for 0 collections in 0.000000 seconds
[2018.05.13-15.30.41:432][  0]LogContentBrowser: Native class hierarchy populated in 0.0105 seconds. Added 2472 classes and 566 folders.
[2018.05.13-15.30.41:444][  0]LogContentBrowser: Native class hierarchy updated for 'WidgetCarousel' in 0.0008 seconds. Added 0 classes and 0 folders.
[2018.05.13-15.30.41:583][  0]LogContentBrowser: Native class hierarchy updated for 'AddContentDialog' in 0.0007 seconds. Added 0 classes and 0 folders.
[2018.05.13-15.30.41:591][  0]LogContentBrowser: Native class hierarchy updated for 'SceneOutliner' in 0.0007 seconds. Added 1 classes and 2 folders.
[2018.05.13-15.30.41:671][  0]LogDirectoryWatcher: Warning: Failed to begin reading directory changes for D:/Game_Development/Git/ProjectExposure/Plugins/. Error: Systemet finner ikke angitt fil. (0x00000002)
[2018.05.13-15.30.41:680][  0]LogSlate: Took 0.002100 seconds to synchronously load lazily loaded font '../../../Engine/Content/Slate/Fonts/Roboto-Regular.ttf' (155K)
[2018.05.13-15.30.41:688][  0]LogSlate: Took 0.001609 seconds to synchronously load lazily loaded font '../../../Engine/Content/Slate/Fonts/Roboto-Bold.ttf' (160K)
[2018.05.13-15.30.41:692][  0]LogSlate: Took 0.001723 seconds to synchronously load lazily loaded font '../../../Engine/Content/Editor/Slate/Fonts/FontAwesome.ttf' (139K)
[2018.05.13-15.30.41:696][  0]LogSlate: Took 0.001144 seconds to synchronously load lazily loaded font '../../../Engine/Content/Slate/Fonts/DroidSansMono.ttf' (77K)
[2018.05.13-15.30.41:835][  0]LogRenderer: Reallocating scene render targets to support 1096x500 Format 10 NumSamples 1 (Frame:1).
[2018.05.13-15.30.41:991][  0]LogContentBrowser: Native class hierarchy updated for 'HierarchicalLODOutliner' in 0.0009 seconds. Added 0 classes and 0 folders.
[2018.05.13-15.30.41:991][  0]LogLoad: (Engine Initialization) Total time: 17.42 seconds
[2018.05.13-15.30.41:991][  0]LogLoad: (Engine Initialization) Total Blueprint compile time: 0.00 seconds
[2018.05.13-15.30.42:351][  0]LogContentStreaming: Texture pool size now 1000 MB
[2018.05.13-15.30.42:395][  1]LogSubstanceLiveLink: Warning: Unable to send data along socket, closing connection
[2018.05.13-15.30.42:672][  1]LogAssetRegistry: Asset discovery search completed in 9.3195 seconds
[2018.05.13-15.30.42:674][  1]LogCollectionManager: Rebuilt the object cache for 0 collections in 0.000001 seconds (found 0 objects)
[2018.05.13-15.30.42:675][  1]LogCollectionManager: Fixed up redirectors for 0 collections in 0.000237 seconds (updated 0 objects)
[2018.05.13-15.31.00:998][ 56]LogSlate: FSceneViewport::OnFocusLost() reason 0
[2018.05.13-15.31.03:300][185]LogSlate: Window 'Plugins' being destroyed
[2018.05.13-15.31.03:306][185]LogSlate: Window 'Plugins' being destroyed
[2018.05.13-15.31.03:306][185]LogDirectoryWatcher: A directory notification for '../../../Engine/Plugins/' was aborted.
[2018.05.13-15.31.04:503][257]LogSlate: FSceneViewport::OnFocusLost() reason 0
[2018.05.13-15.31.04:560][260]LogContentBrowser: Verbose: The majority of assets in the view are of type: MapBuildDataRegistry
[2018.05.13-15.31.05:961][344]LogSlate: Took 0.004411 seconds to synchronously load lazily loaded font '../../../Engine/Content/Slate/Fonts/Roboto-Light.ttf' (167K)
[2018.05.13-15.31.06:062][344]LogUObjectGlobals: Created PersistentFrame Addr=0x000001b5f2a9c6b0, Size=4, Default__SimulationUI_C Function /Game/UI_Blueprints/SimulationUI.SimulationUI_C:ExecuteUbergraph_SimulationUI
[2018.05.13-15.31.06:065][344]LogUObjectGlobals: Destroyed PersistentFrame Addr=0x000001b5f2a9c6b0, Size=4
[2018.05.13-15.31.06:065][344]LogUObjectGlobals: Created PersistentFrame Addr=0x000001b5f2a9c6b0, Size=4, Default__SimulationUI_C Function /Engine/Transient.REINST_SimulationUI_C_0:ExecuteUbergraph_SimulationUI
[2018.05.13-15.31.06:067][344]LogUObjectGlobals: Created PersistentFrame Addr=0x000001b5f2a9c518, Size=4, Default__SimulationUI_C Function /Game/UI_Blueprints/SimulationUI.SimulationUI_C:ExecuteUbergraph_SimulationUI
[2018.05.13-15.31.06:070][344]LogUObjectGlobals: Created PersistentFrame Addr=0x000001b5f299c950, Size=16, Default__Game_C Function /Game/Levels/Game.Game_C:ExecuteUbergraph_Game
[2018.05.13-15.31.06:090][344]LogUObjectGlobals: Destroyed PersistentFrame Addr=0x000001b5f299c950, Size=16
[2018.05.13-15.31.06:091][344]LogUObjectGlobals: Created PersistentFrame Addr=0x000001b5f299c950, Size=16, Default__Game_C Function /Engine/Transient.REINST_Game_C_12:ExecuteUbergraph_Game
[2018.05.13-15.31.06:092][344]LogUObjectGlobals: Created PersistentFrame Addr=0x000001b5f299c860, Size=16, Default__Game_C Function /Game/Levels/Game.Game_C:ExecuteUbergraph_Game
[2018.05.13-15.31.06:130][344]LogAIModule: Creating AISystem for world Game
[2018.05.13-15.31.06:149][344]LogUObjectGlobals: Destroyed PersistentFrame Addr=0x000001b5f299c950, Size=16
[2018.05.13-15.31.06:149][344]LogUObjectGlobals: Destroyed PersistentFrame Addr=0x000001b5f2a9c6b0, Size=4
[2018.05.13-15.31.06:150][344]Cmd: MAP LOAD FILE="D:/Game_Development/Git/ProjectExposure/Content/Levels/Game.umap" TEMPLATE=0 SHOWPROGRESS=1 FEATURELEVEL=3
[2018.05.13-15.31.06:150][344]LightingResults: New page: Lighting Build
[2018.05.13-15.31.06:151][344]LoadErrors: New page: Loading map: Game.umap
[2018.05.13-15.31.06:152][344]MapCheck: New page: Map Check
[2018.05.13-15.31.06:152][344]LightingResults: New page: Lighting Build
[2018.05.13-15.31.06:268][344]LogEditorServer: Finished looking for orphan Actors (0.000 secs)
[2018.05.13-15.31.06:299][344]Cmd: MAP CHECKDEP NOCLEARLOG
[2018.05.13-15.31.06:382][344]MapCheck: Map check complete: 0 Error(s), 0 Warning(s), took 83,456ms to complete.
[2018.05.13-15.31.06:384][344]LogFileHelpers: Loading map 'Game' took 0.234
[2018.05.13-15.31.07:050][374]LogContentBrowser: Verbose: The majority of assets in the view are of type: None
[2018.05.13-15.31.11:389][634]LogContentBrowser: Verbose: The majority of assets in the view are of type: World
[2018.05.13-15.31.14:477][817]LogAIModule: Creating AISystem for world Minimal_Default
[2018.05.13-15.31.14:493][817]Cmd: MAP LOAD FILE="D:/Game_Development/Git/ProjectExposure/Content/StarterContent/Maps/Minimal_Default.umap" TEMPLATE=0 SHOWPROGRESS=1 FEATURELEVEL=3
[2018.05.13-15.31.14:493][817]LightingResults: New page: Lighting Build
[2018.05.13-15.31.14:494][817]LoadErrors: New page: Loading map: Minimal_Default.umap
[2018.05.13-15.31.14:494][817]MapCheck: New page: Map Check
[2018.05.13-15.31.14:495][817]LightingResults: New page: Lighting Build
[2018.05.13-15.31.14:505][817]LogUObjectGlobals: Destroyed PersistentFrame Addr=0x000001b5f299c860, Size=16
[2018.05.13-15.31.14:582][817]LogEditorServer: Finished looking for orphan Actors (0.000 secs)
[2018.05.13-15.31.14:613][817]Cmd: MAP CHECKDEP NOCLEARLOG
[2018.05.13-15.31.14:696][817]MapCheck: Map check complete: 0 Error(s), 0 Warning(s), took 83,143ms to complete.
[2018.05.13-15.31.14:698][817]LogFileHelpers: Loading map 'Minimal_Default' took 0.205
[2018.05.13-15.31.17:058][896]LogAIModule: Creating AISystem for world Advanced_Lighting
[2018.05.13-15.31.17:085][896]Cmd: MAP LOAD FILE="D:/Game_Development/Git/ProjectExposure/Content/StarterContent/Maps/Advanced_Lighting.umap" TEMPLATE=0 SHOWPROGRESS=1 FEATURELEVEL=3
[2018.05.13-15.31.17:086][896]LightingResults: New page: Lighting Build
[2018.05.13-15.31.17:087][896]LoadErrors: New page: Loading map: Advanced_Lighting.umap
[2018.05.13-15.31.17:088][896]MapCheck: New page: Map Check
[2018.05.13-15.31.17:088][896]LightingResults: New page: Lighting Build
[2018.05.13-15.31.17:217][896]LogEditorServer: Finished looking for orphan Actors (0.000 secs)
[2018.05.13-15.31.17:251][896]Cmd: MAP CHECKDEP NOCLEARLOG
[2018.05.13-15.31.17:331][896]MapCheck: Map check complete: 0 Error(s), 0 Warning(s), took 80,014ms to complete.
[2018.05.13-15.31.17:333][896]LogFileHelpers: Loading map 'Advanced_Lighting' took 0.248
[2018.05.13-15.31.18:392][951]LogAIModule: Creating AISystem for world Minimal_Default
[2018.05.13-15.31.18:409][951]Cmd: MAP LOAD FILE="D:/Game_Development/Git/ProjectExposure/Content/StarterContent/Maps/Minimal_Default.umap" TEMPLATE=0 SHOWPROGRESS=1 FEATURELEVEL=3
[2018.05.13-15.31.18:410][951]LightingResults: New page: Lighting Build
[2018.05.13-15.31.18:411][951]LoadErrors: New page: Loading map: Minimal_Default.umap
[2018.05.13-15.31.18:411][951]MapCheck: New page: Map Check
[2018.05.13-15.31.18:412][951]LightingResults: New page: Lighting Build
[2018.05.13-15.31.18:555][951]LogEditorServer: Finished looking for orphan Actors (0.000 secs)
[2018.05.13-15.31.18:590][951]Cmd: MAP CHECKDEP NOCLEARLOG
[2018.05.13-15.31.18:682][951]MapCheck: Map check complete: 0 Error(s), 0 Warning(s), took 91,379ms to complete.
[2018.05.13-15.31.18:683][951]LogFileHelpers: Loading map 'Minimal_Default' took 0.274
[2018.05.13-15.31.22:051][ 92]LogSlate: Window 'Delete Assets' being destroyed
[2018.05.13-15.31.22:069][ 92]LightingResults: New page: Lighting Build
[2018.05.13-15.31.22:069][ 92]MapCheck: New page: Map Check
[2018.05.13-15.31.22:069][ 92]LightingResults: New page: Lighting Build
[2018.05.13-15.31.22:085][ 92]LogAIModule: Creating AISystem for world Untitled
[2018.05.13-15.31.22:236][ 92]LoadErrors: New page: New Map
[2018.05.13-15.31.22:270][ 92]LogAIModule: Creating AISystem for world Minimal_Default
[2018.05.13-15.31.26:435][164]LogContentBrowser: Verbose: The majority of assets in the view are of type: MapBuildDataRegistry
[2018.05.13-15.31.27:309][211]LogUObjectGlobals: Created PersistentFrame Addr=0x000001b5d0ed3740, Size=16, Default__Game_C Function /Game/Levels/Game.Game_C:ExecuteUbergraph_Game
[2018.05.13-15.31.27:312][211]LogUObjectGlobals: Destroyed PersistentFrame Addr=0x000001b5d0ed3740, Size=16
[2018.05.13-15.31.27:312][211]LogUObjectGlobals: Created PersistentFrame Addr=0x000001b5d0ed3740, Size=16, Default__Game_C Function /Engine/Transient.REINST_Game_C_16:ExecuteUbergraph_Game
[2018.05.13-15.31.27:314][211]LogUObjectGlobals: Created PersistentFrame Addr=0x000001b5d0ed3460, Size=16, Default__Game_C Function /Game/Levels/Game.Game_C:ExecuteUbergraph_Game
[2018.05.13-15.31.27:326][211]LogAIModule: Creating AISystem for world Game
[2018.05.13-15.31.27:342][211]LogUObjectGlobals: Destroyed PersistentFrame Addr=0x000001b5d0ed3740, Size=16
[2018.05.13-15.31.27:343][211]Cmd: MAP LOAD FILE="D:/Game_Development/Git/ProjectExposure/Content/Levels/Game.umap" TEMPLATE=0 SHOWPROGRESS=1 FEATURELEVEL=3
[2018.05.13-15.31.27:343][211]LightingResults: New page: Lighting Build
[2018.05.13-15.31.27:344][211]LoadErrors: New page: Loading map: Game.umap
[2018.05.13-15.31.27:344][211]MapCheck: New page: Map Check
[2018.05.13-15.31.27:344][211]LightingResults: New page: Lighting Build
[2018.05.13-15.31.27:502][211]LogEditorServer: Finished looking for orphan Actors (0.000 secs)
[2018.05.13-15.31.27:532][211]Cmd: MAP CHECKDEP NOCLEARLOG
[2018.05.13-15.31.27:623][211]MapCheck: Map check complete: 0 Error(s), 0 Warning(s), took 90,782ms to complete.
[2018.05.13-15.31.27:623][211]LogFileHelpers: Loading map 'Game' took 0.281
[2018.05.13-15.31.29:168][282]Cmd: OBJ SAVEPACKAGE PACKAGE="/Game/Levels/Game" FILE="D:/Game_Development/Git/ProjectExposure/Content/Levels/Game.umap" SILENT=true AUTOSAVING=false KEEPDIRTY=false
[2018.05.13-15.31.29:269][282]LogUObjectGlobals: Destroyed PersistentFrame Addr=0x000001b5d0ed3460, Size=16
[2018.05.13-15.31.29:269][282]LogUObjectGlobals: Created PersistentFrame Addr=0x000001b5c3a468a0, Size=16, Default__Game_C Function /Engine/Transient.REINST_Game_C_20:ExecuteUbergraph_Game
[2018.05.13-15.31.29:271][282]LogUObjectGlobals: Created PersistentFrame Addr=0x000001b5c3a459c0, Size=16, Default__Game_C Function /Game/Levels/Game.Game_C:ExecuteUbergraph_Game
[2018.05.13-15.31.29:391][282]LogSavePackage: Save=142.23ms
[2018.05.13-15.31.29:391][282]LogSavePackage: Moving 'D:/Game_Development/Git/ProjectExposure/Saved/Game6D2A8ECC42C47E08DE6009B8259FB369.tmp' to 'D:/Game_Development/Git/ProjectExposure/Content/Levels/Game.umap'
[2018.05.13-15.31.29:395][282]LogSavePackage: Display: Finished SavePackage D:/Game_Development/Git/ProjectExposure/Content/Levels/Game.umap
[2018.05.13-15.31.29:412][282]LogFileHelpers: Saving map 'Game' took 0.330
[2018.05.13-15.31.31:534][406]LogContentBrowser: Verbose: The majority of assets in the view are of type: TextureCube
[2018.05.13-15.31.32:507][464]LogContentBrowser: Verbose: The majority of assets in the view are of type: MapBuildDataRegistry
[2018.05.13-15.31.33:544][526]LogContentBrowser: Verbose: The majority of assets in the view are of type: Material
[2018.05.13-15.31.40:706][922]Cmd: TRANSACTION UNDO
[2018.05.13-15.31.40:706][922]LogEditorTransaction: Undo Create Actors
[2018.05.13-15.31.41:967][996]LogSlate: FSceneViewport::OnFocusLost() reason 0
[2018.05.13-15.31.44:354][136]LogSlate: FSceneViewport::OnFocusLost() reason 0
[2018.05.13-15.31.47:298][287]Cmd: TRANSACTION UNDO
[2018.05.13-15.31.47:298][287]LogEditorTransaction: Undo Create Actors
[2018.05.13-15.31.48:260][344]Cmd: TRANSACTION UNDO
[2018.05.13-15.31.48:260][344]LogEditorTransaction: Undo Create Actors
[2018.05.13-15.31.50:219][461]LogEditorViewport: Clicking on Actor (LMB): BP_Sky_Sphere_C (BP_Sky_Sphere)
[2018.05.13-15.31.52:549][597]LogEditorViewport: Clicking on Actor (LMB): BP_Sky_Sphere_C (BP_Sky_Sphere)
[2018.05.13-15.31.52:820][612]LogEditorViewport: Clicking on Actor (LMB): StaticMeshActor (Floor)
[2018.05.13-15.31.54:969][719]LogSlate: FSceneViewport::OnFocusLost() reason 2
[2018.05.13-15.31.54:977][719]Cmd: OBJ SAVEPACKAGE PACKAGE="/Game/Levels/Game" FILE="D:/Game_Development/Git/ProjectExposure/Content/Levels/Game.umap" SILENT=true AUTOSAVING=false KEEPDIRTY=false
[2018.05.13-15.31.54:991][719]LogUObjectGlobals: Destroyed PersistentFrame Addr=0x000001b5c3a468a0, Size=16
[2018.05.13-15.31.54:998][719]LogUObjectGlobals: Destroyed PersistentFrame Addr=0x000001b5c3a459c0, Size=16
[2018.05.13-15.31.54:998][719]LogUObjectGlobals: Created PersistentFrame Addr=0x000001b5c3a459c0, Size=16, Default__Game_C Function /Engine/Transient.REINST_Game_C_24:ExecuteUbergraph_Game
[2018.05.13-15.31.54:999][719]LogUObjectGlobals: Created PersistentFrame Addr=0x000001b5c3a47cd0, Size=16, Default__Game_C Function /Game/Levels/Game.Game_C:ExecuteUbergraph_Game
[2018.05.13-15.31.55:119][719]LogSavePackage: Save=125.82ms
[2018.05.13-15.31.55:119][719]LogSavePackage: Moving 'D:/Game_Development/Git/ProjectExposure/Saved/Game400416574D982DF7AD2001BC1207CA6E.tmp' to 'D:/Game_Development/Git/ProjectExposure/Content/Levels/Game.umap'
[2018.05.13-15.31.55:122][719]LogSavePackage: Display: Finished SavePackage D:/Game_Development/Git/ProjectExposure/Content/Levels/Game.umap
[2018.05.13-15.31.57:722][863]LogEditorViewport: Clicking on Actor (LMB): BP_Sky_Sphere_C (BP_Sky_Sphere)
[2018.05.13-15.32.07:425][ 46]LogSlate: FSceneViewport::OnFocusLost() reason 0
[2018.05.13-15.32.07:498][ 50]LogContentBrowser: Verbose: The majority of assets in the view are of type: None
[2018.05.13-15.32.08:533][112]LogContentBrowser: Verbose: The majority of assets in the view are of type: Class
[2018.05.13-15.33.05:047][624]Cmd: OBJ SAVEPACKAGE PACKAGE="/Game/Levels/Game" FILE="D:/Game_Development/Git/ProjectExposure/Content/Levels/Game.umap" SILENT=true AUTOSAVING=false KEEPDIRTY=false
[2018.05.13-15.33.05:060][624]LogUObjectGlobals: Destroyed PersistentFrame Addr=0x000001b5c3a459c0, Size=16
[2018.05.13-15.33.05:066][624]LogUObjectGlobals: Destroyed PersistentFrame Addr=0x000001b5c3a47cd0, Size=16
[2018.05.13-15.33.05:067][624]LogUObjectGlobals: Created PersistentFrame Addr=0x000001b5f2357e10, Size=16, Default__Game_C Function /Engine/Transient.REINST_Game_C_28:ExecuteUbergraph_Game
[2018.05.13-15.33.05:069][624]LogUObjectGlobals: Created PersistentFrame Addr=0x000001b5f23545e0, Size=16, Default__Game_C Function /Game/Levels/Game.Game_C:ExecuteUbergraph_Game
[2018.05.13-15.33.05:185][624]LogSavePackage: Save=123.48ms
[2018.05.13-15.33.05:185][624]LogSavePackage: Moving 'D:/Game_Development/Git/ProjectExposure/Saved/Game3D7361F74C1261494E940B8B1C910E5C.tmp' to 'D:/Game_Development/Git/ProjectExposure/Content/Levels/Game.umap'
[2018.05.13-15.33.05:189][624]LogSavePackage: Display: Finished SavePackage D:/Game_Development/Git/ProjectExposure/Content/Levels/Game.umap
[2018.05.13-15.33.06:120][669]LogUObjectGlobals: Destroyed PersistentFrame Addr=0x000001b5f2357e10, Size=16
[2018.05.13-15.33.06:169][669]LogSlate: Window 'ProjectExposure - Unreal Editor' being destroyed
[2018.05.13-15.33.06:171][669]LogWindowsTextInputMethodSystem: Display: IME system now deactivated.
[2018.05.13-15.33.06:379][670]Cmd: QUIT_EDITOR
[2018.05.13-15.33.06:424][670]LogSlate: Slate User Destroyed.  User Index 0, Is Virtual User: 0
[2018.05.13-15.33.06:425][670]LogExit: Preparing to exit.
[2018.05.13-15.33.07:275][670]LogExit: Editor shut down
[2018.05.13-15.33.07:277][670]LogExit: Transaction tracking system shut down
[2018.05.13-15.33.07:278][670]LogUObjectGlobals: Destroyed PersistentFrame Addr=0x000001b5f2a9c518, Size=4
[2018.05.13-15.33.07:279][670]LogUObjectGlobals: Destroyed PersistentFrame Addr=0x000001b5f23545e0, Size=16
[2018.05.13-15.33.07:351][670]LogDirectoryWatcher: A directory notification for '../../../Engine/Content/' was aborted.
[2018.05.13-15.33.07:351][670]LogDirectoryWatcher: A directory notification for 'D:/Game_Development/Git/ProjectExposure/Content/' was aborted.
[2018.05.13-15.33.07:351][670]LogDirectoryWatcher: A directory notification for '../../Plugins/2D/Paper2D/Content/' was aborted.
[2018.05.13-15.33.07:351][670]LogDirectoryWatcher: A directory notification for '../../Plugins/Enterprise/DatasmithContent/Content/' was aborted.
[2018.05.13-15.33.07:351][670]LogDirectoryWatcher: A directory notification for '../../Plugins/Media/MediaCompositing/Content/' was aborted.
[2018.05.13-15.33.07:351][670]LogDirectoryWatcher: A directory notification for '../../Plugins/Runtime/AppleARKit/Content/' was aborted.
[2018.05.13-15.33.07:351][670]LogDirectoryWatcher: A directory notification for '../../Plugins/Runtime/Oculus/OculusVR/Content/' was aborted.
[2018.05.13-15.33.07:351][670]LogDirectoryWatcher: A directory notification for '../../Plugins/Runtime/Steam/SteamVR/Content/' was aborted.
[2018.05.13-15.33.07:432][670]LogExit: Object subsystem successfully closed.
[2018.05.13-15.33.07:453][670]LogShaderCompilers: Display: Shaders left to compile 0
[2018.05.13-15.33.07:456][670]LogD3D11RHI: Shutdown
[2018.05.13-15.33.07:456][670]LogD3D11RHI: CleanupD3DDevice
[2018.05.13-15.33.07:458][670]LogD3D11RHI: ~FD3D11DynamicRHI
[2018.05.13-15.33.07:484][670]LogModuleManager: Shutting down and abandoning module HierarchicalLODOutliner (584)
[2018.05.13-15.33.07:484][670]LogModuleManager: Shutting down and abandoning module DesktopPlatform (582)
[2018.05.13-15.33.07:484][670]LogModuleManager: Shutting down and abandoning module SceneOutliner (580)
[2018.05.13-15.33.07:484][670]LogModuleManager: Shutting down and abandoning module AddContentDialog (578)
[2018.05.13-15.33.07:484][670]LogDirectoryWatcher: A directory notification for 'C:/Program Files/Epic Games/UE_4.19/FeaturePacks/' was aborted.
[2018.05.13-15.33.07:486][670]LogModuleManager: Shutting down and abandoning module WidgetCarousel (577)
[2018.05.13-15.33.07:486][670]LogModuleManager: Shutting down and abandoning module EditorWidgets (574)
[2018.05.13-15.33.07:486][670]LogModuleManager: Shutting down and abandoning module CollectionManager (572)
[2018.05.13-15.33.07:486][670]LogDirectoryWatcher: A directory notification for 'D:/Game_Development/Git/ProjectExposure/Content/Collections/' was aborted.
[2018.05.13-15.33.07:486][670]LogDirectoryWatcher: A directory notification for 'D:/Game_Development/Git/ProjectExposure/Content/Developers/Trym/Collections/' was aborted.
[2018.05.13-15.33.07:486][670]LogDirectoryWatcher: A directory notification for 'D:/Game_Development/Git/ProjectExposure/Saved/Collections/' was aborted.
[2018.05.13-15.33.07:486][670]LogModuleManager: Shutting down and abandoning module StatsViewer (570)
[2018.05.13-15.33.07:486][670]LogModuleManager: Shutting down and abandoning module FoliageEdit (568)
[2018.05.13-15.33.07:486][670]LogModuleManager: Shutting down and abandoning module LandscapeEditor (566)
[2018.05.13-15.33.07:486][670]LogModuleManager: Shutting down and abandoning module MeshPaintMode (564)
[2018.05.13-15.33.07:486][670]LogModuleManager: Shutting down and abandoning module SceneDepthPickerMode (562)
[2018.05.13-15.33.07:486][670]LogModuleManager: Shutting down and abandoning module ActorPickerMode (560)
[2018.05.13-15.33.07:486][670]LogModuleManager: Shutting down and abandoning module GeometryMode (558)
[2018.05.13-15.33.07:486][670]LogModuleManager: Shutting down and abandoning module TextureAlignMode (556)
[2018.05.13-15.33.07:486][670]LogModuleManager: Shutting down and abandoning module BspMode (554)
[2018.05.13-15.33.07:487][670]LogModuleManager: Shutting down and abandoning module PIEPreviewDeviceProfileSelector (552)
[2018.05.13-15.33.07:487][670]LogModuleManager: Shutting down and abandoning module HardwareSurvey (550)
[2018.05.13-15.33.07:487][670]LogModuleManager: Shutting down and abandoning module SequenceRecorderSections (548)
[2018.05.13-15.33.07:487][670]LogModuleManager: Shutting down and abandoning module AutomationWorker (546)
[2018.05.13-15.33.07:487][670]LogModuleManager: Shutting down and abandoning module AudioCaptureEditor (544)
[2018.05.13-15.33.07:487][670]LogModuleManager: Shutting down and abandoning module SequenceRecorder (543)
[2018.05.13-15.33.07:487][670]LogModuleManager: Shutting down and abandoning module MatineeToLevelSequence (540)
[2018.05.13-15.33.07:487][670]LogModuleManager: Shutting down and abandoning module LevelSequenceEditor (538)
[2018.05.13-15.33.07:487][670]LogModuleManager: Shutting down and abandoning module PlacementMode (537)
[2018.05.13-15.33.07:487][670]LogModuleManager: Shutting down and abandoning module MaterialEditor (536)
[2018.05.13-15.33.07:487][670]LogModuleManager: Shutting down and abandoning module WmfMediaFactory (532)
[2018.05.13-15.33.07:487][670]LogModuleManager: Shutting down and abandoning module WmfMediaEditor (530)
[2018.05.13-15.33.07:487][670]LogModuleManager: Shutting down and abandoning module MediaPlayerEditor (528)
[2018.05.13-15.33.07:487][670]LogModuleManager: Shutting down and abandoning module OpenExrWrapper (526)
[2018.05.13-15.33.07:487][670]LogModuleManager: Shutting down and abandoning module ImgMediaFactory (524)
[2018.05.13-15.33.07:487][670]LogModuleManager: Shutting down and abandoning module ImgMediaEditor (522)
[2018.05.13-15.33.07:487][670]LogModuleManager: Shutting down and abandoning module AvfMediaFactory (520)
[2018.05.13-15.33.07:487][670]LogModuleManager: Shutting down and abandoning module AvfMediaEditor (518)
[2018.05.13-15.33.07:487][670]LogModuleManager: Shutting down and abandoning module AndroidMediaFactory (516)
[2018.05.13-15.33.07:487][670]LogModuleManager: Shutting down and abandoning module AndroidMediaEditor (514)
[2018.05.13-15.33.07:487][670]LogModuleManager: Shutting down and abandoning module CharacterAI (512)
[2018.05.13-15.33.07:487][670]LogModuleManager: Shutting down and abandoning module SmartSnapping (510)
[2018.05.13-15.33.07:487][670]LogModuleManager: Shutting down and abandoning module SessionServices (508)
[2018.05.13-15.33.07:487][670]LogModuleManager: Shutting down and abandoning module ViewportSnapping (506)
[2018.05.13-15.33.07:487][670]LogModuleManager: Shutting down and abandoning module ViewportInteraction (504)
[2018.05.13-15.33.07:487][670]LogModuleManager: Shutting down and abandoning module ClothPainter (502)
[2018.05.13-15.33.07:487][670]LogModuleManager: Shutting down and abandoning module SkeletalMeshEditor (501)
[2018.05.13-15.33.07:487][670]LogModuleManager: Shutting down and abandoning module LogVisualizer (498)
[2018.05.13-15.33.07:487][670]LogModuleManager: Shutting down and abandoning module IntroTutorials (496)
[2018.05.13-15.33.07:487][670]LogModuleManager: Shutting down and abandoning module GameProjectGeneration (495)
[2018.05.13-15.33.07:487][670]LogModuleManager: Shutting down and abandoning module IOSPlatformEditor (492)
[2018.05.13-15.33.07:487][670]LogModuleManager: Shutting down and abandoning module HTML5PlatformEditor (490)
[2018.05.13-15.33.07:487][670]LogModuleManager: Shutting down and abandoning module AndroidPlatformEditor (488)
[2018.05.13-15.33.07:487][670]LogModuleManager: Shutting down and abandoning module AndroidDeviceDetection (487)
[2018.05.13-15.33.07:833][670]LogModuleManager: Shutting down and abandoning module WindowsPlatformEditor (484)
[2018.05.13-15.33.07:833][670]LogModuleManager: Shutting down and abandoning module IOSRuntimeSettings (482)
[2018.05.13-15.33.07:833][670]LogModuleManager: Shutting down and abandoning module AndroidRuntimeSettings (480)
[2018.05.13-15.33.07:833][670]LogModuleManager: Shutting down and abandoning module InputBindingEditor (478)
[2018.05.13-15.33.07:833][670]LogModuleManager: Shutting down and abandoning module MergeActors (476)
[2018.05.13-15.33.07:833][670]LogModuleManager: Shutting down and abandoning module LocalizationDashboard (474)
[2018.05.13-15.33.07:833][670]LogModuleManager: Shutting down and abandoning module LocalizationService (473)
[2018.05.13-15.33.07:833][670]LogModuleManager: Shutting down and abandoning module HardwareTargeting (470)
[2018.05.13-15.33.07:833][670]LogModuleManager: Shutting down and abandoning module DeviceProfileEditor (468)
[2018.05.13-15.33.07:833][670]LogModuleManager: Shutting down and abandoning module UndoHistory (466)
[2018.05.13-15.33.07:833][670]LogModuleManager: Shutting down and abandoning module XmlParser (464)
[2018.05.13-15.33.07:833][670]LogModuleManager: Shutting down and abandoning module Blutility (462)
[2018.05.13-15.33.07:834][670]LogModuleManager: Shutting down and abandoning module ProjectSettingsViewer (460)
[2018.05.13-15.33.07:834][670]LogModuleManager: Shutting down and abandoning module ProjectTargetPlatformEditor (459)
[2018.05.13-15.33.07:834][670]LogModuleManager: Shutting down and abandoning module EditorSettingsViewer (456)
[2018.05.13-15.33.07:834][670]LogModuleManager: Shutting down and abandoning module SettingsEditor (454)
[2018.05.13-15.33.07:834][670]LogModuleManager: Shutting down and abandoning module ProjectLauncher (452)
[2018.05.13-15.33.07:834][670]LogModuleManager: Shutting down and abandoning module SessionFrontend (450)
[2018.05.13-15.33.07:834][670]LogModuleManager: Shutting down and abandoning module ProfilerClient (448)
[2018.05.13-15.33.07:834][670]LogModuleManager: Shutting down and abandoning module DeviceManager (446)
[2018.05.13-15.33.07:834][670]LogModuleManager: Shutting down and abandoning module TargetDeviceServices (445)
[2018.05.13-15.33.07:886][670]LogModuleManager: Shutting down and abandoning module AutomationController (442)
[2018.05.13-15.33.07:886][670]LogModuleManager: Shutting down and abandoning module AutomationWindow (440)
[2018.05.13-15.33.07:886][670]LogModuleManager: Shutting down and abandoning module Layers (438)
[2018.05.13-15.33.07:886][670]LogModuleManager: Shutting down and abandoning module ComponentVisualizers (436)
[2018.05.13-15.33.07:886][670]LogModuleManager: Shutting down and abandoning module DetailCustomizations (434)
[2018.05.13-15.33.07:886][670]LogModuleManager: Shutting down and abandoning module PackagesDialog (432)
[2018.05.13-15.33.07:886][670]LogModuleManager: Shutting down and abandoning module Persona (430)
[2018.05.13-15.33.07:886][670]LogModuleManager: Shutting down and abandoning module AdvancedPreviewScene (429)
[2018.05.13-15.33.07:886][670]LogModuleManager: Shutting down and abandoning module AnimGraph (427)
[2018.05.13-15.33.07:886][670]LogModuleManager: Shutting down and abandoning module Kismet (424)
[2018.05.13-15.33.07:887][670]LogModuleManager: Shutting down and abandoning module GraphEditor (422)
[2018.05.13-15.33.07:887][670]LogModuleManager: Shutting down and abandoning module ClassViewer (420)
[2018.05.13-15.33.07:887][670]LogModuleManager: Shutting down and abandoning module Toolbox (418)
[2018.05.13-15.33.07:887][670]LogModuleManager: Shutting down and abandoning module ModuleUI (416)
[2018.05.13-15.33.07:887][670]LogModuleManager: Shutting down and abandoning module MovieSceneTools (414)
[2018.05.13-15.33.07:887][670]LogModuleManager: Shutting down and abandoning module OutputLog (412)
[2018.05.13-15.33.07:887][670]LogModuleManager: Shutting down and abandoning module GammaUI (410)
[2018.05.13-15.33.07:887][670]LogModuleManager: Shutting down and abandoning module Documentation (408)
[2018.05.13-15.33.07:887][670]LogModuleManager: Shutting down and abandoning module MovieSceneTracks (406)
[2018.05.13-15.33.07:887][670]LogModuleManager: Shutting down and abandoning module MovieScene (404)
[2018.05.13-15.33.07:887][670]LogModuleManager: Shutting down and abandoning module StreamingPauseRendering (402)
[2018.05.13-15.33.07:887][670]LogModuleManager: Shutting down and abandoning module LauncherPlatform (400)
[2018.05.13-15.33.07:887][670]LogModuleManager: Shutting down and abandoning module AnalyticsET (398)
[2018.05.13-15.33.07:887][670]LogModuleManager: Shutting down and abandoning module PortalServices (396)
[2018.05.13-15.33.07:887][670]LogModuleManager: Shutting down and abandoning module PortalRpc (394)
[2018.05.13-15.33.07:887][670]LogModuleManager: Shutting down and abandoning module MessagingRpc (392)
[2018.05.13-15.33.07:887][670]LogModuleManager: Shutting down and abandoning module AIModule (390)
[2018.05.13-15.33.07:887][670]LogModuleManager: Shutting down and abandoning module GameplayDebugger (389)
[2018.05.13-15.33.07:887][670]LogModuleManager: Shutting down and abandoning module AITestSuite (387)
[2018.05.13-15.33.07:887][670]LogModuleManager: Shutting down and abandoning module ProfilerService (384)
[2018.05.13-15.33.07:976][670]LogModuleManager: Shutting down and abandoning module TaskGraph (382)
[2018.05.13-15.33.07:976][670]LogModuleManager: Shutting down and abandoning module SubstanceLiveLink (380)
[2018.05.13-15.33.07:976][670]LogModuleManager: Shutting down and abandoning module SubstanceSource (378)
[2018.05.13-15.33.07:981][670]LogModuleManager: Shutting down and abandoning module SubstanceEditor (376)
[2018.05.13-15.33.07:981][670]LogModuleManager: Shutting down and abandoning module SteamVRController (374)
[2018.05.13-15.33.07:981][670]LogModuleManager: Shutting down and abandoning module ProceduralMeshComponentEditor (372)
[2018.05.13-15.33.07:981][670]LogModuleManager: Shutting down and abandoning module ProceduralMeshComponent (370)
[2018.05.13-15.33.07:981][670]LogModuleManager: Shutting down and abandoning module OculusInput (368)
[2018.05.13-15.33.07:981][670]LogModuleManager: Shutting down and abandoning module MobilePatchingUtils (366)
[2018.05.13-15.33.07:981][670]LogModuleManager: Shutting down and abandoning module CustomMeshComponent (364)
[2018.05.13-15.33.07:981][670]LogModuleManager: Shutting down and abandoning module CableComponent (362)
[2018.05.13-15.33.07:981][670]LogModuleManager: Shutting down and abandoning module AudioCapture (360)
[2018.05.13-15.33.07:981][670]LogModuleManager: Shutting down and abandoning module ArchVisCharacter (358)
[2018.05.13-15.33.07:981][670]LogModuleManager: Shutting down and abandoning module AndroidPermission (356)
[2018.05.13-15.33.07:981][670]LogModuleManager: Shutting down and abandoning module NUTUnrealEngine4 (352)
[2018.05.13-15.33.07:981][670]LogModuleManager: Shutting down and abandoning module NetcodeUnitTest (350)
[2018.05.13-15.33.07:981][670]LogModuleManager: Shutting down and abandoning module MediaCompositingEditor (348)
[2018.05.13-15.33.07:981][670]LogModuleManager: Shutting down and abandoning module MediaCompositing (346)
[2018.05.13-15.33.07:981][670]LogModuleManager: Shutting down and abandoning module LinearTimecode (344)
[2018.05.13-15.33.07:981][670]LogModuleManager: Shutting down and abandoning module ImgMedia (342)
[2018.05.13-15.33.07:985][670]LogModuleManager: Shutting down and abandoning module HTML5Networking (340)
[2018.05.13-15.33.07:985][670]LogModuleManager: Shutting down and abandoning module AlembicImporter (338)
[2018.05.13-15.33.07:985][670]LogModuleManager: Shutting down and abandoning module AlembicLibrary (337)
[2018.05.13-15.33.07:985][670]LogModuleManager: Shutting down and abandoning module GeometryCache (336)
[2018.05.13-15.33.07:985][670]LogModuleManager: Shutting down and abandoning module GeometryCacheEd (335)
[2018.05.13-15.33.07:985][670]LogModuleManager: Shutting down and abandoning module DatasmithContent (330)
[2018.05.13-15.33.07:985][670]LogModuleManager: Shutting down and abandoning module SpeedTreeImporter (328)
[2018.05.13-15.33.07:985][670]LogModuleManager: Shutting down and abandoning module PluginBrowser (326)
[2018.05.13-15.33.07:985][670]LogModuleManager: Shutting down and abandoning module MobileLauncherProfileWizard (324)
[2018.05.13-15.33.07:985][670]LogModuleManager: Shutting down and abandoning module CryptoKeysOpenSSL (322)
[2018.05.13-15.33.07:985][670]LogModuleManager: Shutting down and abandoning module CryptoKeys (320)
[2018.05.13-15.33.07:985][670]LogModuleManager: Shutting down and abandoning module VisualStudioSourceCodeAccess (318)
[2018.05.13-15.33.07:985][670]LogModuleManager: Shutting down and abandoning module VisualStudioCodeSourceCodeAccess (316)
[2018.05.13-15.33.07:985][670]LogModuleManager: Shutting down and abandoning module UObjectPlugin (314)
[2018.05.13-15.33.07:985][670]LogModuleManager: Shutting down and abandoning module SubversionSourceControl (312)
[2018.05.13-15.33.07:985][670]LogModuleManager: Shutting down and abandoning module PerforceSourceControl (310)
[2018.05.13-15.33.07:985][670]LogModuleManager: Shutting down and abandoning module GitSourceControl (308)
[2018.05.13-15.33.07:985][670]LogModuleManager: Shutting down and abandoning module SourceControl (307)
[2018.05.13-15.33.07:986][670]LogModuleManager: Shutting down and abandoning module CLionSourceCodeAccess (304)
[2018.05.13-15.33.07:986][670]LogModuleManager: Shutting down and abandoning module LightPropagationVolumeEditor (302)
[2018.05.13-15.33.07:986][670]LogModuleManager: Shutting down and abandoning module PaperTiledImporter (300)
[2018.05.13-15.33.07:986][670]LogModuleManager: Shutting down and abandoning module PaperSpriteSheetImporter (298)
[2018.05.13-15.33.07:986][670]LogModuleManager: Shutting down and abandoning module Paper2DEditor (296)
[2018.05.13-15.33.07:986][670]LogModuleManager: Shutting down and abandoning module MeshPaint (295)
[2018.05.13-15.33.07:986][670]LogModuleManager: Shutting down and abandoning module ProjectExposure (292)
[2018.05.13-15.33.07:986][670]LogModuleManager: Shutting down and abandoning module RuntimePhysXCooking (290)
[2018.05.13-15.33.07:986][670]LogModuleManager: Shutting down and abandoning module PhysXVehiclesEditor (288)
[2018.05.13-15.33.07:986][670]LogModuleManager: Shutting down and abandoning module PhysXVehicles (286)
[2018.05.13-15.33.07:986][670]LogModuleManager: Shutting down and abandoning module OculusEditor (284)
[2018.05.13-15.33.07:986][670]LogModuleManager: Shutting down and abandoning module LocationServicesBPLibrary (282)
[2018.05.13-15.33.07:986][670]LogModuleManager: Shutting down and abandoning module ImmediatePhysicsEditor (280)
[2018.05.13-15.33.07:986][670]LogModuleManager: Shutting down and abandoning module ImmediatePhysics (278)
[2018.05.13-15.33.07:986][670]LogModuleManager: Shutting down and abandoning module ActorSequence (276)
[2018.05.13-15.33.07:986][670]LogModuleManager: Shutting down and abandoning module UdpMessaging (274)
[2018.05.13-15.33.08:087][670]LogModuleManager: Shutting down and abandoning module TcpMessaging (272)
[2018.05.13-15.33.08:220][670]LogModuleManager: Shutting down and abandoning module SubstanceCore (270)
[2018.05.13-15.33.08:223][670]LogModuleManager: Shutting down and abandoning module GameplayTagsEditor (268)
[2018.05.13-15.33.08:223][670]LogModuleManager: Shutting down and abandoning module FacialAnimationEditor (266)
[2018.05.13-15.33.08:223][670]LogModuleManager: Shutting down and abandoning module FacialAnimation (264)
[2018.05.13-15.33.08:223][670]LogModuleManager: Shutting down and abandoning module DataValidation (262)
[2018.05.13-15.33.08:223][670]LogModuleManager: Shutting down and abandoning module AssetManagerEditor (260)
[2018.05.13-15.33.08:223][670]LogModuleManager: Shutting down and abandoning module LevelEditor (259)
[2018.05.13-15.33.08:224][670]LogModuleManager: Shutting down and abandoning module PixelInspectorModule (258)
[2018.05.13-15.33.08:224][670]LogModuleManager: Shutting down and abandoning module CommonMenuExtensions (256)
[2018.05.13-15.33.08:224][670]LogModuleManager: Shutting down and abandoning module MainFrame (254)
[2018.05.13-15.33.08:224][670]LogModuleManager: Shutting down and abandoning module HotReload (253)
[2018.05.13-15.33.08:224][670]LogDirectoryWatcher: A directory notification for 'D:/Game_Development/Git/ProjectExposure/Binaries/Win64' was aborted.
[2018.05.13-15.33.08:225][670]LogModuleManager: Shutting down and abandoning module ContentBrowser (249)
[2018.05.13-15.33.08:226][670]LogModuleManager: Shutting down and abandoning module TreeMap (247)
[2018.05.13-15.33.08:226][670]LogModuleManager: Shutting down and abandoning module LightPropagationVolumeRuntime (244)
[2018.05.13-15.33.08:226][670]LogModuleManager: Shutting down and abandoning module LiveLinkEditor (242)
[2018.05.13-15.33.08:226][670]LogModuleManager: Shutting down and abandoning module LiveLink (240)
[2018.05.13-15.33.08:765][670]LogModuleManager: Shutting down and abandoning module Paper2D (238)
[2018.05.13-15.33.08:765][670]LogModuleManager: Shutting down and abandoning module WindowsMoviePlayer (236)
[2018.05.13-15.33.08:765][670]LogModuleManager: Shutting down and abandoning module WmfMedia (234)
[2018.05.13-15.33.08:766][670]LogModuleManager: Shutting down and abandoning module Media (233)
[2018.05.13-15.33.08:773][670]LogModuleManager: Shutting down and abandoning module PacketHandler (230)
[2018.05.13-15.33.08:773][670]LogModuleManager: Shutting down and abandoning module ClothingSystemEditor (228)
[2018.05.13-15.33.08:773][670]LogModuleManager: Shutting down and abandoning module ClothingSystemRuntime (226)
[2018.05.13-15.33.08:773][670]LogModuleManager: Shutting down and abandoning module MediaAssets (224)
[2018.05.13-15.33.08:773][670]LogModuleManager: Shutting down and abandoning module Overlay (222)
[2018.05.13-15.33.08:773][670]LogModuleManager: Shutting down and abandoning module OverlayEditor (221)
[2018.05.13-15.33.08:773][670]LogModuleManager: Shutting down and abandoning module VREditor (218)
[2018.05.13-15.33.08:773][670]LogModuleManager: Shutting down and abandoning module StringTableEditor (216)
[2018.05.13-15.33.08:773][670]LogModuleManager: Shutting down and abandoning module GameplayTasksEditor (214)
[2018.05.13-15.33.08:773][670]LogModuleManager: Shutting down and abandoning module BehaviorTreeEditor (212)
[2018.05.13-15.33.08:773][670]LogModuleManager: Shutting down and abandoning module FunctionalTesting (210)
[2018.05.13-15.33.08:773][670]LogModuleManager: Shutting down and abandoning module CollisionAnalyzer (208)
[2018.05.13-15.33.08:773][670]LogModuleManager: Shutting down and abandoning module WorkspaceMenuStructure (207)
[2018.05.13-15.33.08:773][670]LogModuleManager: Shutting down and abandoning module UMG (204)
[2018.05.13-15.33.08:773][670]LogModuleManager: Shutting down and abandoning module UMGEditor (203)
[2018.05.13-15.33.08:773][670]LogModuleManager: Shutting down and abandoning module Sequencer (202)
[2018.05.13-15.33.08:773][670]LogModuleManager: Shutting down and abandoning module MessageLog (199)
[2018.05.13-15.33.08:773][670]LogModuleManager: Shutting down and abandoning module SlateReflector (194)
[2018.05.13-15.33.08:773][670]LogModuleManager: Shutting down and abandoning module Slate (192)
[2018.05.13-15.33.08:773][670]LogModuleManager: Shutting down and abandoning module EditorStyle (190)
[2018.05.13-15.33.08:774][670]LogModuleManager: Shutting down and abandoning module MRMesh (188)
[2018.05.13-15.33.08:774][670]LogModuleManager: Shutting down and abandoning module SourceCodeAccess (186)
[2018.05.13-15.33.08:775][670]LogModuleManager: Shutting down and abandoning module HeadMountedDisplay (184)
[2018.05.13-15.33.08:775][670]LogModuleManager: Shutting down and abandoning module XAudio2 (182)
[2018.05.13-15.33.08:775][670]LogModuleManager: Shutting down and abandoning module Networking (180)
[2018.05.13-15.33.08:775][670]LogModuleManager: Shutting down and abandoning module Core (178)
[2018.05.13-15.33.08:775][670]LogModuleManager: Shutting down and abandoning module LevelSequence (176)
[2018.05.13-15.33.08:775][670]LogModuleManager: Shutting down and abandoning module KismetCompiler (174)
[2018.05.13-15.33.08:775][670]LogModuleManager: Shutting down and abandoning module MeshUtilities (172)
[2018.05.13-15.33.08:775][670]LogModuleManager: Shutting down and abandoning module MeshMergeUtilities (171)
[2018.05.13-15.33.08:775][670]LogModuleManager: Shutting down and abandoning module MeshReductionInterface (170)
[2018.05.13-15.33.08:775][670]LogModuleManager: Shutting down and abandoning module SimplygonSwarm (169)
[2018.05.13-15.33.08:775][670]LogModuleManager: Shutting down and abandoning module SimplygonMeshReduction (167)
[2018.05.13-15.33.08:775][670]LogModuleManager: Shutting down and abandoning module QuadricMeshReduction (165)
[2018.05.13-15.33.08:775][670]LogModuleManager: Shutting down and abandoning module MaterialBaking (161)
[2018.05.13-15.33.08:775][670]LogModuleManager: Shutting down and abandoning module DirectoryWatcher (157)
[2018.05.13-15.33.08:775][670]LogModuleManager: Shutting down and abandoning module DerivedDataCache (154)
[2018.05.13-15.33.08:869][670]LogDerivedDataCache: Shutdown
[2018.05.13-15.33.08:869][670]LogModuleManager: Shutting down and abandoning module XGEController (152)
[2018.05.13-15.33.08:869][670]LogModuleManager: Shutting down and abandoning module TargetPlatform (150)
[2018.05.13-15.33.08:869][670]LogModuleManager: Shutting down and abandoning module VulkanShaderFormat (149)
[2018.05.13-15.33.08:869][670]LogModuleManager: Shutting down and abandoning module ShaderFormatVectorVM (147)
[2018.05.13-15.33.08:869][670]LogModuleManager: Shutting down and abandoning module ShaderFormatOpenGL (145)
[2018.05.13-15.33.08:870][670]LogModuleManager: Shutting down and abandoning module ShaderFormatD3D (143)
[2018.05.13-15.33.08:870][670]LogModuleManager: Shutting down and abandoning module MetalShaderFormat (141)
[2018.05.13-15.33.08:870][670]LogModuleManager: Shutting down and abandoning module TextureFormatUncompressed (139)
[2018.05.13-15.33.08:870][670]LogModuleManager: Shutting down and abandoning module TextureFormatPVR (137)
[2018.05.13-15.33.08:870][670]LogModuleManager: Shutting down and abandoning module TextureFormatDXT (135)
[2018.05.13-15.33.08:870][670]LogModuleManager: Shutting down and abandoning module TextureFormatIntelISPCTexComp (133)
[2018.05.13-15.33.08:870][670]LogModuleManager: Shutting down and abandoning module TextureFormatASTC (131)
[2018.05.13-15.33.08:870][670]LogModuleManager: Shutting down and abandoning module ImageWrapper (130)
[2018.05.13-15.33.08:870][670]LogModuleManager: Shutting down and abandoning module TextureFormatAndroid (127)
[2018.05.13-15.33.08:870][670]LogModuleManager: Shutting down and abandoning module AudioFormatOpus (125)
[2018.05.13-15.33.08:870][670]LogModuleManager: Shutting down and abandoning module AudioFormatOgg (123)
[2018.05.13-15.33.08:870][670]LogModuleManager: Shutting down and abandoning module AudioFormatADPCM (121)
[2018.05.13-15.33.08:870][670]LogModuleManager: Shutting down and abandoning module LinuxTargetPlatform (119)
[2018.05.13-15.33.08:870][670]LogModuleManager: Shutting down and abandoning module LinuxServerTargetPlatform (117)
[2018.05.13-15.33.08:870][670]LogModuleManager: Shutting down and abandoning module LinuxNoEditorTargetPlatform (115)
[2018.05.13-15.33.08:870][670]LogModuleManager: Shutting down and abandoning module LinuxClientTargetPlatform (113)
[2018.05.13-15.33.08:870][670]LogModuleManager: Shutting down and abandoning module TVOSTargetPlatform (111)
[2018.05.13-15.33.08:870][670]LogModuleManager: Shutting down and abandoning module Messaging (109)
[2018.05.13-15.33.08:870][670]LogModuleManager: Shutting down and abandoning module IOSTargetPlatform (107)
[2018.05.13-15.33.08:870][670]LogModuleManager: Shutting down and abandoning module HTML5TargetPlatform (105)
[2018.05.13-15.33.08:870][670]LogModuleManager: Shutting down and abandoning module AndroidTargetPlatform (103)
[2018.05.13-15.33.08:870][670]LogModuleManager: Shutting down and abandoning module Android_PVRTCTargetPlatform (101)
[2018.05.13-15.33.08:870][670]LogModuleManager: Shutting down and abandoning module Android_MultiTargetPlatform (99)
[2018.05.13-15.33.08:870][670]LogModuleManager: Shutting down and abandoning module Android_ETC2TargetPlatform (97)
[2018.05.13-15.33.08:870][670]LogModuleManager: Shutting down and abandoning module Android_ETC1TargetPlatform (95)
[2018.05.13-15.33.08:870][670]LogModuleManager: Shutting down and abandoning module Android_ETC1aTargetPlatform (93)
[2018.05.13-15.33.08:870][670]LogModuleManager: Shutting down and abandoning module Android_DXTTargetPlatform (91)
[2018.05.13-15.33.08:870][670]LogModuleManager: Shutting down and abandoning module Android_ATCTargetPlatform (89)
[2018.05.13-15.33.08:870][670]LogModuleManager: Shutting down and abandoning module Android_ASTCTargetPlatform (87)
[2018.05.13-15.33.08:870][670]LogModuleManager: Shutting down and abandoning module WindowsTargetPlatform (85)
[2018.05.13-15.33.08:870][670]LogModuleManager: Shutting down and abandoning module WindowsServerTargetPlatform (83)
[2018.05.13-15.33.08:870][670]LogModuleManager: Shutting down and abandoning module WindowsNoEditorTargetPlatform (81)
[2018.05.13-15.33.08:870][670]LogModuleManager: Shutting down and abandoning module WindowsClientTargetPlatform (79)
[2018.05.13-15.33.08:870][670]LogModuleManager: Shutting down and abandoning module MacTargetPlatform (77)
[2018.05.13-15.33.08:870][670]LogModuleManager: Shutting down and abandoning module MacServerTargetPlatform (75)
[2018.05.13-15.33.08:870][670]LogModuleManager: Shutting down and abandoning module MacNoEditorTargetPlatform (73)
[2018.05.13-15.33.08:870][670]LogModuleManager: Shutting down and abandoning module MacClientTargetPlatform (71)
[2018.05.13-15.33.08:870][670]LogModuleManager: Shutting down and abandoning module AllDesktopTargetPlatform (69)
[2018.05.13-15.33.08:870][670]LogModuleManager: Shutting down and abandoning module InputCore (66)
[2018.05.13-15.33.08:870][670]LogModuleManager: Shutting down and abandoning module Settings (64)
[2018.05.13-15.33.08:870][670]LogModuleManager: Shutting down and abandoning module PhysXCooking (62)
[2018.05.13-15.33.08:870][670]LogModuleManager: Shutting down and abandoning module SteamVR (60)
[2018.05.13-15.33.08:870][670]LogModuleManager: Shutting down and abandoning module OculusHMD (58)
[2018.05.13-15.33.08:870][670]LogModuleManager: Shutting down and abandoning module ExampleDeviceProfileSelector (56)
[2018.05.13-15.33.08:870][670]LogModuleManager: Shutting down and abandoning module AppleARKit (54)
[2018.05.13-15.33.08:870][670]LogModuleManager: Shutting down and abandoning module AugmentedReality (51)
[2018.05.13-15.33.08:870][670]LogModuleManager: Shutting down and abandoning module OnlineBlueprintSupport (48)
[2018.05.13-15.33.08:870][670]LogModuleManager: Shutting down and abandoning module OnlineSubsystem (44)
[2018.05.13-15.33.08:871][670]LogModuleManager: Shutting down and abandoning module XMPP (43)
[2018.05.13-15.33.08:871][670]LogModuleManager: Shutting down and abandoning module HTTP (41)
[2018.05.13-15.33.08:871][670]LogHttp: Display: Http module shutting down, but needs to wait on 1 outstanding Http requests:
[2018.05.13-15.33.08:871][670]LogHttp: Display: 	verb=[POST] url=[https://datarouter.ol.epicgames.com/datarouter/api/v1/public/data?SessionID=%7B78AA3DA4-4721-8F54-F754-AAA72BE8DE6D%7D&AppID=UEEditor.Rocket.Release&AppVersion=4.19.2-4033788%2B%2B%2BUE4%2BRelease-4.19&UserID=1e11e22f42a6768cffe9a093a020785c%7C9833aefec8bd4e2da925cb9ad703a562%7Cee40e369-ec29-484b-8dd5-679061880baa&AppEnvironment=datacollector-binary&UploadType=eteventstream] status=Processing
[2018.05.13-15.33.08:896][670]LogModuleManager: Shutting down and abandoning module SSL (40)
[2018.05.13-15.33.08:897][670]LogModuleManager: Shutting down and abandoning module AnimationModifiers (36)
[2018.05.13-15.33.08:897][670]LogModuleManager: Shutting down and abandoning module PropertyEditor (35)
[2018.05.13-15.33.08:897][670]LogModuleManager: Shutting down and abandoning module AudioEditor (32)
[2018.05.13-15.33.08:897][670]LogModuleManager: Shutting down and abandoning module TextureCompressor (30)
[2018.05.13-15.33.08:898][670]LogModuleManager: Shutting down and abandoning module ShaderCore (28)
[2018.05.13-15.33.08:898][670]LogModuleManager: Shutting down and abandoning module Landscape (26)
[2018.05.13-15.33.08:898][670]LogModuleManager: Shutting down and abandoning module SlateRHIRenderer (24)
[2018.05.13-15.33.08:899][670]LogModuleManager: Shutting down and abandoning module OpenGLDrv (22)
[2018.05.13-15.33.08:899][670]LogModuleManager: Shutting down and abandoning module D3D11RHI (20)
[2018.05.13-15.33.08:899][670]LogModuleManager: Shutting down and abandoning module AnimGraphRuntime (18)
[2018.05.13-15.33.08:899][670]LogModuleManager: Shutting down and abandoning module Renderer (16)
[2018.05.13-15.33.08:899][670]LogModuleManager: Shutting down and abandoning module Engine (14)
[2018.05.13-15.33.08:899][670]LogModuleManager: Shutting down and abandoning module CoreUObject (12)
[2018.05.13-15.33.08:899][670]LogModuleManager: Shutting down and abandoning module NetworkFile (10)
[2018.05.13-15.33.08:899][670]LogModuleManager: Shutting down and abandoning module CookedIterativeFile (8)
[2018.05.13-15.33.08:899][670]LogModuleManager: Shutting down and abandoning module StreamingFile (6)
[2018.05.13-15.33.08:899][670]LogModuleManager: Shutting down and abandoning module SandboxFile (4)
[2018.05.13-15.33.08:899][670]LogModuleManager: Shutting down and abandoning module PakFile (2)
[2018.05.13-15.33.08:906][670]LogExit: Exiting.
[2018.05.13-15.33.08:915][670]Log file closed, 05/13/18 17:33:08
